============================================================
  Generated by:           Genus(TM) Synthesis Solution 17.22-s017_1
  Generated on:           Feb 26 2023  07:54:33 am
  Module:                 booth32x32_top
  Operating conditions:   PVT_1P1V_0C (balanced_tree)
  Wireload mode:          enclosed
  Area mode:              timing library
============================================================


Path 1: VIOLATED (-82 ps) Late External Delay Assertion at pin PROD_MSB[30]
          Group: I2O
     Startpoint: (F) A[21]
          Clock: (R) VCLK
       Endpoint: (F) PROD_MSB[30]
          Clock: (R) VCLK

                     Capture       Launch     
        Clock Edge:+    1300            0     
       Src Latency:+       0            0     
       Net Latency:+       0 (I)        0 (I) 
           Arrival:=    1300            0     
                                              
      Output Delay:-     133                  
     Required Time:=    1167                  
      Launch Clock:-       0                  
       Input Delay:-     533                  
         Data Path:-     716                  
             Slack:=     -82                  

Exceptions/Constraints:
  input_delay              533             counter.sdc_line_11_10_1  
  output_delay             133             counter.sdc_line_14_192_1 

#----------------------------------------------------------------------------------------
# Timing Point   Flags    Arc   Edge   Cell     Fanout Load Trans Delay Arrival Instance 
#                                                      (fF)  (ps)  (ps)   (ps)  Location 
#----------------------------------------------------------------------------------------
  A[21]          -       -      F     (arrival)     15 11.7     0     0     533    (-,-) 
  g170802/Y      -       A->Y   R     NOR2X6         1  2.0    10    13     546    (-,-) 
  g175195/Y      -       A->Y   F     NAND2X4        2  1.3    12    14     560    (-,-) 
  g174017/Y      -       B->Y   R     NOR2X1         1  0.5    14    14     574    (-,-) 
  g37/Y          -       B->Y   F     NAND2X1        1  0.8    17    17     591    (-,-) 
  g178243/Y      -       B->Y   R     NOR2X2         1  0.9    14    14     605    (-,-) 
  g178326/Y      -       B->Y   F     NAND2X2        1  0.8    13    14     619    (-,-) 
  g178896/Y      -       B->Y   R     NAND2X2        8  2.7    14    13     632    (-,-) 
  g173235/Y      -       A1->Y  F     AOI21XL        1  0.2    16    18     650    (-,-) 
  g173234/Y      -       B->Y   R     NOR2XL         1  0.3    14    15     665    (-,-) 
  g178879/Y      -       A->Y   R     AND2XL         3  1.0    14    28     693    (-,-) 
  g165185/Y      -       A->Y   F     XOR3XL         2  0.6    10    68     761    (-,-) 
  g179442/Y      -       A->Y   R     MXI2XL         2  0.7    29    24     785    (-,-) 
  g177659/Y      -       A->Y   F     XOR3XL         3  0.9    12    73     857    (-,-) 
  g122/Y         -       A->Y   R     XNOR2XL        3  1.1    16    43     900    (-,-) 
  fopt177516/Y   -       A->Y   F     INVXL          2  0.6    10    12     912    (-,-) 
  fopt125/Y      -       A->Y   R     INVX1          1  1.0     9    10     923    (-,-) 
  g167004/Y      -       B->Y   F     XOR3XL         1  0.7    10    48     970    (-,-) 
  g167003/Y      -       S0->Y  F     MXI2X1         2  1.0    25    26     997    (-,-) 
  g180353/Y      -       C->Y   R     XNOR3XL        2  1.1    17    38    1035    (-,-) 
  g178178/Y      -       S0->Y  R     MXI2X1         2  0.8    24    25    1060    (-,-) 
  fopt342/Y      -       A->Y   F     INVX1          3  1.0    12    15    1074    (-,-) 
  g179229/Y      -       B->Y   R     NOR2X1         1  0.5    14    14    1088    (-,-) 
  g179228/Y      -       B->Y   F     NAND2BX1       2  0.4    13    14    1102    (-,-) 
  g179230/Y      -       B->Y   R     NAND2BXL       1  0.3     9    10    1112    (-,-) 
  g178851/Y      -       B->Y   F     NAND2XL        1  0.4    15    14    1126    (-,-) 
  g178850/Y      -       A->Y   R     NAND2X1        1  1.0    13    14    1140    (-,-) 
  g178847/Y      -       B->Y   F     NOR2X2         4  1.0    10    10    1150    (-,-) 
  g178841/Y      -       B->Y   R     NOR2X1         1  1.0    20    16    1166    (-,-) 
  g176995/Y      -       B->Y   F     NOR2X2         3  0.8     9    12    1178    (-,-) 
  g176993/Y      -       B->Y   R     NOR2X1         1  0.5    13    13    1191    (-,-) 
  g176992/Y      -       B->Y   F     NOR2X1         3  0.7    10    11    1202    (-,-) 
  g176991/Y      -       B->Y   R     NOR2XL         2  0.6    20    16    1218    (-,-) 
  g171836/Y      -       A1N->Y R     AOI2BB1XL      1  0.3    14    20    1238    (-,-) 
  g1106/Y        -       B->Y   F     NAND2XL        1  0.0     8    11    1249    (-,-) 
  PROD_MSB[30]   <<<     -      F     (port)         -    -     -     0    1249    (-,-) 
#----------------------------------------------------------------------------------------

