

Working Directory = /home/sgeuser114/Desktop/venkat/singleCycleProcessor/wallaceTreeBlock/work
QoS Summary for pp_tree16x64
==========================================================================================
Metric                          generic         map             syn_opt         final          
==========================================================================================
Slack (ps):                        43             106             106             106
  R2R (ps):                  no_value        no_value        no_value        no_value
  I2R (ps):                  no_value        no_value        no_value        no_value
  R2O (ps):                  no_value        no_value        no_value        no_value
  I2O (ps):                        43             106             106             106
  CG  (ps):                  no_value        no_value        no_value        no_value
TNS (ps):                           0               0               0               0
  R2R (ps):                  no_value        no_value        no_value        no_value
  I2R (ps):                  no_value        no_value        no_value        no_value
  R2O (ps):                  no_value        no_value        no_value        no_value
  I2O (ps):                         0               0               0               0
  CG  (ps):                  no_value        no_value        no_value        no_value
Failing Paths:                      0               0               0               0
Cell Area:                     25,204           4,902           4,902           4,902
Total Cell Area:               25,204           4,902           4,902           4,902
Leaf Instances:                 9,442             994             994             994
Total Instances:                9,442             994             994             994
Utilization (%):                 0.00            0.00            0.00            0.00
Tot. Net Length (um):        no_value        no_value        no_value        no_value
Avg. Net Length (um):        no_value        no_value        no_value        no_value
Route Overflow H (%):        no_value        no_value        no_value        no_value
Route Overflow V (%):        no_value        no_value        no_value        no_value
MBCI(%) (bits/gate) :            0.00            0.00            0.00            0.00
Norm Cong Hotspot Area:
  Max Cong:                  no_value        no_value        no_value        no_value
  Tot Cong:                  no_value        no_value        no_value        no_value
==========================================================================================
CPU  Runtime (h:m:s):        00:01:08        00:00:44        00:00:02        00:00:00
Real Runtime (h:m:s):        00:03:15        00:00:25        00:00:03        00:00:02
CPU  Elapsed (h:m:s):        00:01:16        00:02:00        00:02:02        00:02:02
Real Elapsed (h:m:s):        00:03:17        00:03:42        00:03:45        00:03:47
Memory (MB):                  1029.96         1005.17          988.17          988.17
==========================================================================================
==========================================================================================
Flow Settings:
==========================================================================================
Total Runtime (h:m:s): 00:03:47
Total Memory (MB):     988.17
Executable Version:    17.22-s017_1
==========================================================================================
Total Cell Area =  Cell Area + Physical Cell Area
Total Instances =  Leaf Instances + Physical Instances


