============================================================
  Generated by:           Genus(TM) Synthesis Solution 17.22-s017_1
  Generated on:           Feb 27 2023  08:34:51 am
  Module:                 pp_tree16x64
  Operating conditions:   PVT_1P1V_0C (balanced_tree)
  Wireload mode:          enclosed
  Area mode:              timing library
============================================================

Timing
--------

Clock Period 
-------------
VCLK  1300.0 


  Cost    Critical         Violating 
 Group   Path Slack  TNS     Paths   
-------------------------------------
default    No paths   0.0            
I2O            42.7   0.0          0 
VCLK       No paths   0.0            
-------------------------------------
Total                 0.0          0 

Instance Count
--------------
Leaf Instance Count             9442 
Physical Instance count            0 
Sequential Instance Count          0 
Combinational Instance Count    9442 
Hierarchical Instance Count        0 

Area
----
Cell Area                          25203.531
Physical Cell Area                 0.000
Total Cell Area (Cell+Physical)    25203.531
Net Area                           0.000
Total Area (Cell+Physical+Net)     25203.531

Runtime                            0.0 seconds
Elapsed Runtime                    205 seconds
Genus peak memory usage            1029.96 
Innovus peak memory usage          no_value 
Hostname                           compute-srv5.atme.in
