Command: report datapath > reports_Feb20-05:55:49/generic/booth_radix4_multiplier_32_datapath.rpt
============================================================
  Generated by:           Genus(TM) Synthesis Solution 17.22-s017_1
  Generated on:           Feb 20 2019  05:58:20 am
  Module:                 booth_radix4_multiplier_32
  Operating conditions:   PVT_1P1V_0C (balanced_tree)
  Wireload mode:          enclosed
  Area mode:              timing library
============================================================


Inferred components

                    Operator   Signedness   Inputs   Outputs CellArea 
======================================================================
booth_radix4_multiplier_32
 csa_tree_add_25_29_I16_groupi
  
  module:csa_tree_add_25_29_I16_group_234
   very_fast     csa_and_adder            66x66x66x6 64      14468.94 
                                          6x66x66x66                  
                                          x66x66x66x                  
                                          66x66x66x6                  
                                          6x66x66x66                  
                                          x66x66x66x                  
                                          66x66x66x6                  
                                          6x66x66x66                  
                                          x66x66x66x                  
                                          66x66                       
----------------------------------------------------------------------
   add_25_29_I16       +       signed     64x64      64               
   add_25_29_I15       +       signed     64x64      64               
   add_25_29_I14       +       signed     64x64      64               
   add_25_29_I13       +       signed     64x64      64               
   add_25_29_I12       +       signed     64x64      64               
   add_25_29_I11       +       signed     64x64      64               
   add_25_29_I10       +       signed     64x64      64               
   add_25_29_I9        +       signed     64x64      64               
   add_25_29_I8        +       signed     64x64      64               
   add_25_29_I7        +       signed     64x64      64               
   add_25_29_I6        +       signed     64x64      64               
   add_25_29_I5        +       signed     64x64      64               
   add_25_29_I4        +       signed     64x64      64               
   add_25_29_I3        +       signed     64x64      64               
   add_25_29_I2        +       signed     64x64      64               
======================================================================

      Type       CellArea Percentage 
-------------------------------------
datapath modules 14468.94      59.39 
external muxes       0.00       0.00 
others            9895.10      40.61 
-------------------------------------
total            24364.04     100.00 

