irun(64): 15.20-s051: (c) Copyright 1995-2018 Cadence Design Systems, Inc.
TOOL:	irun(64)	15.20-s051: Started on Mar 09, 2023 at 08:55:53 IST
irun
	-access +rwc
	../rtl/multi_f.v
	../verification/negativeValue_TB.v
		Caching library 'worklib' ....... Done
	Elaborating the design hierarchy:
	Top level design units:
		tb_booth_radix4_multiplier
	Building instance overlay tables: .................... Done
	Building instance specific data structures.
	Loading native compiled code:     .................... Done
	Design hierarchy summary:
		                 Instances  Unique
		Modules:                 2       2
		Registers:              15      15
		Scalar wires:            1       -
		Vectored wires:         19       -
		Always blocks:           2       2
		Initial blocks:          1       1
		Cont. assignments:      17      17
		Pseudo assignments:      3       3
		Simulation timescale:  1ps
	Writing initial simulation snapshot: worklib.tb_booth_radix4_multiplier:v
Loading snapshot worklib.tb_booth_radix4_multiplier:v .................... Done
ncsim> source /tools/cadence/INCISIVE152/tools/inca/files/ncsimrc
ncsim> run
==================================================
A = -1 (0xffffffff), B = -1 (0xffffffff)
Expected Product       = 1
Sum of Partial Products= 1
? PASS: Product matches!
==================================================
==================================================
A = -2 (0xfffffffe), B = -3 (0xfffffffd)
Expected Product       = 6
Sum of Partial Products= 6
? PASS: Product matches!
==================================================
==================================================
A = -15 (0xfffffff1), B = -7 (0xfffffff9)
Expected Product       = 105
Sum of Partial Products= 105
? PASS: Product matches!
==================================================
==================================================
A = -128 (0xffffff80), B = -64 (0xffffffc0)
Expected Product       = 8192
Sum of Partial Products= 8192
? PASS: Product matches!
==================================================
==================================================
A = -1024 (0xfffffc00), B = -256 (0xffffff00)
Expected Product       = 262144
Sum of Partial Products= 262144
? PASS: Product matches!
==================================================
==================================================
A = 32768 (0x00008000), B = -2 (0xfffffffe)
Expected Product       = -65536
Sum of Partial Products= -65536
? PASS: Product matches!
==================================================
==================================================
A = 100000 (0x000186a0), B = -123 (0xffffff85)
Expected Product       = -12300000
Sum of Partial Products= -12300000
? PASS: Product matches!
==================================================
==================================================
A = -2147483648 (0x80000000), B = -1 (0xffffffff)
Expected Product       = 2147483648
Sum of Partial Products= 2147483648
? PASS: Product matches!
==================================================
==================================================
A = 9999999 (0x0098967f), B = -1111 (0xfffffba9)
Expected Product       = -11109998889
Sum of Partial Products= -11109998889
? PASS: Product matches!
==================================================
Simulation complete via $finish(1) at time 90 NS + 0
../verification/negativeValue_TB.v:75     $finish;
ncsim> exit
TOOL:	irun(64)	15.20-s051: Exiting on Mar 09, 2023 at 08:55:54 IST  (total: 00:00:01)
