============================================================
  Generated by:           Genus(TM) Synthesis Solution 17.22-s017_1
  Generated on:           Feb 15 2023  05:53:59 am
  Module:                 pp_tree16x64
  Operating conditions:   PVT_1P1V_0C (balanced_tree)
  Wireload mode:          enclosed
  Area mode:              timing library
============================================================

Timing
--------

Clock Period 
-------------
VCLK  1300.0 


  Cost    Critical              Violating 
 Group   Path Slack     TNS       Paths   
------------------------------------------
default    No paths        0.0            
I2O          -264.9   -21697.3        105 
VCLK       No paths        0.0            
------------------------------------------
Total                 -21697.3        105 

Instance Count
--------------
Leaf Instance Count             9515 
Physical Instance count            0 
Sequential Instance Count          0 
Combinational Instance Count    9515 
Hierarchical Instance Count        0 

Area
----
Cell Area                          15474.388
Physical Cell Area                 0.000
Total Cell Area (Cell+Physical)    15474.388
Net Area                           0.000
Total Area (Cell+Physical+Net)     15474.388

Runtime                            0.0 seconds
Elapsed Runtime                    1513 seconds
Genus peak memory usage            830.73 
Innovus peak memory usage          no_value 
Hostname                           compute-srv5.atme.in
