============================================================
  Generated by:           Genus(TM) Synthesis Solution 17.22-s017_1
  Generated on:           Feb 15 2023  05:36:14 am
  Module:                 pp_tree16x64
  Operating conditions:   PVT_1P1V_0C (balanced_tree)
  Wireload mode:          enclosed
  Area mode:              timing library
============================================================

Timing
--------

Clock Period 
-------------
VCLK  1300.0 


  Cost    Critical              Violating 
 Group   Path Slack     TNS       Paths   
------------------------------------------
default    No paths        0.0            
I2O          -952.4   -72617.2        114 
VCLK       No paths        0.0            
------------------------------------------
Total                 -72617.2        114 

Instance Count
--------------
Leaf Instance Count             4563 
Physical Instance count            0 
Sequential Instance Count          0 
Combinational Instance Count    4563 
Hierarchical Instance Count        0 

Area
----
Cell Area                          9632.430
Physical Cell Area                 0.000
Total Cell Area (Cell+Physical)    9632.430
Net Area                           0.000
Total Area (Cell+Physical+Net)     9632.430

Runtime                            0.0 seconds
Elapsed Runtime                    449 seconds
Genus peak memory usage            833.73 
Innovus peak memory usage          no_value 
Hostname                           compute-srv5.atme.in
