============================================================
  Generated by:           Genus(TM) Synthesis Solution 17.22-s017_1
  Generated on:           Feb 15 2023  05:29:28 am
  Module:                 pp_tree16x64
  Operating conditions:   PVT_1P1V_0C (balanced_tree)
  Wireload mode:          enclosed
  Area mode:              timing library
============================================================

No paths found

============================================================
  Generated by:           Genus(TM) Synthesis Solution 17.22-s017_1
  Generated on:           Feb 15 2023  05:29:28 am
  Module:                 pp_tree16x64
  Operating conditions:   PVT_1P1V_0C (balanced_tree)
  Wireload mode:          enclosed
  Area mode:              timing library
============================================================

No paths found

============================================================
  Generated by:           Genus(TM) Synthesis Solution 17.22-s017_1
  Generated on:           Feb 15 2023  05:29:28 am
  Module:                 pp_tree16x64
  Operating conditions:   PVT_1P1V_0C (balanced_tree)
  Wireload mode:          enclosed
  Area mode:              timing library
============================================================


Path 1: VIOLATED (-4401 ps) Late External Delay Assertion at pin CARRY[63]
          Group: I2O
     Startpoint: (R) P1[0]
          Clock: (R) VCLK
       Endpoint: (R) CARRY[63]
          Clock: (R) VCLK

                     Capture       Launch     
        Clock Edge:+    1300            0     
       Src Latency:+       0            0     
       Net Latency:+       0 (I)        0 (I) 
           Arrival:=    1300            0     
                                              
      Output Delay:-     133                  
     Required Time:=    1167                  
      Launch Clock:-       0                  
       Input Delay:-     533                  
         Data Path:-    5034                  
             Slack:=   -4401                  

Exceptions/Constraints:
  input_delay              533             counter.sdc_line_11_127_1  
  output_delay             133             counter.sdc_line_14_2237_1 

#-----------------------------------------------------------------------------------------------
#  Timing Point    Flags    Arc    Edge     Cell       Fanout Load Trans Delay Arrival Instance 
#                                                             (fF)  (ps)  (ps)   (ps)  Location 
#-----------------------------------------------------------------------------------------------
  P1[0]            (u)     -       R     (arrival)          3  3.3     0     0     533    (-,-) 
  S1_0/g1/z        (u)     in_1->z R     unmapped_xor2      1  1.1     0    33     566    (-,-) 
  S1_0/g2/z        (u)     in_0->z R     unmapped_xor2      3  3.3     0    37     603    (-,-) 
  S1_0/g10/z       (u)     in_0->z R     unmapped_and2      1  1.1     0    16     620    (-,-) 
  S1_0/g12/z       (u)     in_0->z R     unmapped_or2       1  1.1     0    16     636    (-,-) 
  S1_0/g14/z       (u)     in_0->z R     unmapped_or2       2  2.2     0    19     655    (-,-) 
  S1_0/g15/z       (u)     in_1->z R     unmapped_xor2      3  3.3     0    37     692    (-,-) 
  S2_L/g1/z        (u)     in_1->z R     unmapped_xor2      1  1.1     0    33     725    (-,-) 
  S2_L/g2/z        (u)     in_0->z R     unmapped_xor2      3  3.3     0    37     762    (-,-) 
  S2_L/g10/z       (u)     in_0->z R     unmapped_and2      1  1.1     0    16     779    (-,-) 
  S2_L/g12/z       (u)     in_0->z R     unmapped_or2       1  1.1     0    16     795    (-,-) 
  S2_L/g14/z       (u)     in_0->z R     unmapped_or2       2  2.2     0    19     814    (-,-) 
  S2_L/g15/z       (u)     in_1->z R     unmapped_xor2      3  3.3     0    37     851    (-,-) 
  S3_FINAL/g1/z    (u)     in_1->z R     unmapped_xor2      1  1.1     0    33     884    (-,-) 
  S3_FINAL/g2/z    (u)     in_0->z R     unmapped_xor2      3  3.3     0    37     922    (-,-) 
  S3_FINAL/g10/z   (u)     in_0->z R     unmapped_and2      1  1.1     0    16     938    (-,-) 
  S3_FINAL/g12/z   (u)     in_0->z R     unmapped_or2       1  1.1     0    16     954    (-,-) 
  S3_FINAL/g14/z   (u)     in_0->z R     unmapped_or2       2  2.2     0    19     973    (-,-) 
  S3_FINAL/g16/z   (u)     in_1->z R     unmapped_and2      3  3.3     0    21     994    (-,-) 
  S3_FINAL/g27/z   (u)     in_1->z R     unmapped_and2      1  1.1     0    16    1010    (-,-) 
  S3_FINAL/g28/z   (u)     in_1->z R     unmapped_or2       1  1.1     0    16    1027    (-,-) 
  S3_FINAL/g30/z   (u)     in_0->z R     unmapped_or2       2  2.2     0    19    1046    (-,-) 
  S3_FINAL/g32/z   (u)     in_1->z R     unmapped_and2      3  3.3     0    21    1066    (-,-) 
  S3_FINAL/g43/z   (u)     in_1->z R     unmapped_and2      1  1.1     0    16    1083    (-,-) 
  S3_FINAL/g44/z   (u)     in_1->z R     unmapped_or2       1  1.1     0    16    1100    (-,-) 
  S3_FINAL/g46/z   (u)     in_0->z R     unmapped_or2       2  2.2     0    19    1118    (-,-) 
  S3_FINAL/g48/z   (u)     in_1->z R     unmapped_and2      3  3.3     0    21    1139    (-,-) 
  S3_FINAL/g59/z   (u)     in_1->z R     unmapped_and2      1  1.1     0    16    1156    (-,-) 
  S3_FINAL/g60/z   (u)     in_1->z R     unmapped_or2       1  1.1     0    16    1172    (-,-) 
  S3_FINAL/g62/z   (u)     in_0->z R     unmapped_or2       2  2.2     0    19    1191    (-,-) 
  S3_FINAL/g64/z   (u)     in_1->z R     unmapped_and2      3  3.3     0    21    1212    (-,-) 
  S3_FINAL/g75/z   (u)     in_1->z R     unmapped_and2      1  1.1     0    16    1228    (-,-) 
  S3_FINAL/g76/z   (u)     in_1->z R     unmapped_or2       1  1.1     0    16    1244    (-,-) 
  S3_FINAL/g78/z   (u)     in_0->z R     unmapped_or2       2  2.2     0    19    1263    (-,-) 
  S3_FINAL/g80/z   (u)     in_1->z R     unmapped_and2      3  3.3     0    21    1284    (-,-) 
  S3_FINAL/g91/z   (u)     in_1->z R     unmapped_and2      1  1.1     0    16    1300    (-,-) 
  S3_FINAL/g92/z   (u)     in_1->z R     unmapped_or2       1  1.1     0    16    1317    (-,-) 
  S3_FINAL/g94/z   (u)     in_0->z R     unmapped_or2       2  2.2     0    19    1336    (-,-) 
  S3_FINAL/g96/z   (u)     in_1->z R     unmapped_and2      3  3.3     0    21    1356    (-,-) 
  S3_FINAL/g107/z  (u)     in_1->z R     unmapped_and2      1  1.1     0    16    1373    (-,-) 
  S3_FINAL/g108/z  (u)     in_1->z R     unmapped_or2       1  1.1     0    16    1390    (-,-) 
  S3_FINAL/g110/z  (u)     in_0->z R     unmapped_or2       2  2.2     0    19    1408    (-,-) 
  S3_FINAL/g112/z  (u)     in_1->z R     unmapped_and2      3  3.3     0    21    1429    (-,-) 
  S3_FINAL/g123/z  (u)     in_1->z R     unmapped_and2      1  1.1     0    16    1446    (-,-) 
  S3_FINAL/g124/z  (u)     in_1->z R     unmapped_or2       1  1.1     0    16    1462    (-,-) 
  S3_FINAL/g126/z  (u)     in_0->z R     unmapped_or2       2  2.2     0    19    1481    (-,-) 
  S3_FINAL/g128/z  (u)     in_1->z R     unmapped_and2      3  3.3     0    21    1502    (-,-) 
  S3_FINAL/g139/z  (u)     in_1->z R     unmapped_and2      1  1.1     0    16    1518    (-,-) 
  S3_FINAL/g140/z  (u)     in_1->z R     unmapped_or2       1  1.1     0    16    1534    (-,-) 
  S3_FINAL/g142/z  (u)     in_0->z R     unmapped_or2       2  2.2     0    19    1553    (-,-) 
  S3_FINAL/g144/z  (u)     in_1->z R     unmapped_and2      3  3.3     0    21    1574    (-,-) 
  S3_FINAL/g155/z  (u)     in_1->z R     unmapped_and2      1  1.1     0    16    1590    (-,-) 
  S3_FINAL/g156/z  (u)     in_1->z R     unmapped_or2       1  1.1     0    16    1607    (-,-) 
  S3_FINAL/g158/z  (u)     in_0->z R     unmapped_or2       2  2.2     0    19    1626    (-,-) 
  S3_FINAL/g160/z  (u)     in_1->z R     unmapped_and2      3  3.3     0    21    1646    (-,-) 
  S3_FINAL/g171/z  (u)     in_1->z R     unmapped_and2      1  1.1     0    16    1663    (-,-) 
  S3_FINAL/g172/z  (u)     in_1->z R     unmapped_or2       1  1.1     0    16    1680    (-,-) 
  S3_FINAL/g174/z  (u)     in_0->z R     unmapped_or2       2  2.2     0    19    1698    (-,-) 
  S3_FINAL/g176/z  (u)     in_1->z R     unmapped_and2      3  3.3     0    21    1719    (-,-) 
  S3_FINAL/g187/z  (u)     in_1->z R     unmapped_and2      1  1.1     0    16    1736    (-,-) 
  S3_FINAL/g188/z  (u)     in_1->z R     unmapped_or2       1  1.1     0    16    1752    (-,-) 
  S3_FINAL/g190/z  (u)     in_0->z R     unmapped_or2       2  2.2     0    19    1771    (-,-) 
  S3_FINAL/g192/z  (u)     in_1->z R     unmapped_and2      3  3.3     0    21    1792    (-,-) 
  S3_FINAL/g203/z  (u)     in_1->z R     unmapped_and2      1  1.1     0    16    1808    (-,-) 
  S3_FINAL/g204/z  (u)     in_1->z R     unmapped_or2       1  1.1     0    16    1824    (-,-) 
  S3_FINAL/g206/z  (u)     in_0->z R     unmapped_or2       2  2.2     0    19    1843    (-,-) 
  S3_FINAL/g208/z  (u)     in_1->z R     unmapped_and2      3  3.3     0    21    1864    (-,-) 
  S3_FINAL/g219/z  (u)     in_1->z R     unmapped_and2      1  1.1     0    16    1880    (-,-) 
  S3_FINAL/g220/z  (u)     in_1->z R     unmapped_or2       1  1.1     0    16    1897    (-,-) 
  S3_FINAL/g222/z  (u)     in_0->z R     unmapped_or2       2  2.2     0    19    1916    (-,-) 
  S3_FINAL/g224/z  (u)     in_1->z R     unmapped_and2      3  3.3     0    21    1936    (-,-) 
  S3_FINAL/g235/z  (u)     in_1->z R     unmapped_and2      1  1.1     0    16    1953    (-,-) 
  S3_FINAL/g236/z  (u)     in_1->z R     unmapped_or2       1  1.1     0    16    1970    (-,-) 
  S3_FINAL/g238/z  (u)     in_0->z R     unmapped_or2       2  2.2     0    19    1988    (-,-) 
  S3_FINAL/g240/z  (u)     in_1->z R     unmapped_and2      3  3.3     0    21    2009    (-,-) 
  S3_FINAL/g251/z  (u)     in_1->z R     unmapped_and2      1  1.1     0    16    2026    (-,-) 
  S3_FINAL/g252/z  (u)     in_1->z R     unmapped_or2       1  1.1     0    16    2042    (-,-) 
  S3_FINAL/g254/z  (u)     in_0->z R     unmapped_or2       2  2.2     0    19    2061    (-,-) 
  S3_FINAL/g256/z  (u)     in_1->z R     unmapped_and2      3  3.3     0    21    2082    (-,-) 
  S3_FINAL/g267/z  (u)     in_1->z R     unmapped_and2      1  1.1     0    16    2098    (-,-) 
  S3_FINAL/g268/z  (u)     in_1->z R     unmapped_or2       1  1.1     0    16    2114    (-,-) 
  S3_FINAL/g270/z  (u)     in_0->z R     unmapped_or2       2  2.2     0    19    2133    (-,-) 
  S3_FINAL/g272/z  (u)     in_1->z R     unmapped_and2      3  3.3     0    21    2154    (-,-) 
  S3_FINAL/g283/z  (u)     in_1->z R     unmapped_and2      1  1.1     0    16    2170    (-,-) 
  S3_FINAL/g284/z  (u)     in_1->z R     unmapped_or2       1  1.1     0    16    2187    (-,-) 
  S3_FINAL/g286/z  (u)     in_0->z R     unmapped_or2       2  2.2     0    19    2206    (-,-) 
  S3_FINAL/g288/z  (u)     in_1->z R     unmapped_and2      3  3.3     0    21    2226    (-,-) 
  S3_FINAL/g299/z  (u)     in_1->z R     unmapped_and2      1  1.1     0    16    2243    (-,-) 
  S3_FINAL/g300/z  (u)     in_1->z R     unmapped_or2       1  1.1     0    16    2260    (-,-) 
  S3_FINAL/g302/z  (u)     in_0->z R     unmapped_or2       2  2.2     0    19    2278    (-,-) 
  S3_FINAL/g304/z  (u)     in_1->z R     unmapped_and2      3  3.3     0    21    2299    (-,-) 
  S3_FINAL/g315/z  (u)     in_1->z R     unmapped_and2      1  1.1     0    16    2316    (-,-) 
  S3_FINAL/g316/z  (u)     in_1->z R     unmapped_or2       1  1.1     0    16    2332    (-,-) 
  S3_FINAL/g318/z  (u)     in_0->z R     unmapped_or2       2  2.2     0    19    2351    (-,-) 
  S3_FINAL/g320/z  (u)     in_1->z R     unmapped_and2      3  3.3     0    21    2372    (-,-) 
  S3_FINAL/g331/z  (u)     in_1->z R     unmapped_and2      1  1.1     0    16    2388    (-,-) 
  S3_FINAL/g332/z  (u)     in_1->z R     unmapped_or2       1  1.1     0    16    2404    (-,-) 
  S3_FINAL/g334/z  (u)     in_0->z R     unmapped_or2       2  2.2     0    19    2423    (-,-) 
  S3_FINAL/g336/z  (u)     in_1->z R     unmapped_and2      3  3.3     0    21    2444    (-,-) 
  S3_FINAL/g347/z  (u)     in_1->z R     unmapped_and2      1  1.1     0    16    2460    (-,-) 
  S3_FINAL/g348/z  (u)     in_1->z R     unmapped_or2       1  1.1     0    16    2477    (-,-) 
  S3_FINAL/g350/z  (u)     in_0->z R     unmapped_or2       2  2.2     0    19    2496    (-,-) 
  S3_FINAL/g352/z  (u)     in_1->z R     unmapped_and2      3  3.3     0    21    2516    (-,-) 
  S3_FINAL/g363/z  (u)     in_1->z R     unmapped_and2      1  1.1     0    16    2533    (-,-) 
  S3_FINAL/g364/z  (u)     in_1->z R     unmapped_or2       1  1.1     0    16    2550    (-,-) 
  S3_FINAL/g366/z  (u)     in_0->z R     unmapped_or2       2  2.2     0    19    2568    (-,-) 
  S3_FINAL/g368/z  (u)     in_1->z R     unmapped_and2      3  3.3     0    21    2589    (-,-) 
  S3_FINAL/g379/z  (u)     in_1->z R     unmapped_and2      1  1.1     0    16    2606    (-,-) 
  S3_FINAL/g380/z  (u)     in_1->z R     unmapped_or2       1  1.1     0    16    2622    (-,-) 
  S3_FINAL/g382/z  (u)     in_0->z R     unmapped_or2       2  2.2     0    19    2641    (-,-) 
  S3_FINAL/g384/z  (u)     in_1->z R     unmapped_and2      3  3.3     0    21    2662    (-,-) 
  S3_FINAL/g395/z  (u)     in_1->z R     unmapped_and2      1  1.1     0    16    2678    (-,-) 
  S3_FINAL/g396/z  (u)     in_1->z R     unmapped_or2       1  1.1     0    16    2694    (-,-) 
  S3_FINAL/g398/z  (u)     in_0->z R     unmapped_or2       2  2.2     0    19    2713    (-,-) 
  S3_FINAL/g400/z  (u)     in_1->z R     unmapped_and2      3  3.3     0    21    2734    (-,-) 
  S3_FINAL/g411/z  (u)     in_1->z R     unmapped_and2      1  1.1     0    16    2750    (-,-) 
  S3_FINAL/g412/z  (u)     in_1->z R     unmapped_or2       1  1.1     0    16    2767    (-,-) 
  S3_FINAL/g414/z  (u)     in_0->z R     unmapped_or2       2  2.2     0    19    2786    (-,-) 
  S3_FINAL/g416/z  (u)     in_1->z R     unmapped_and2      3  3.3     0    21    2806    (-,-) 
  S3_FINAL/g427/z  (u)     in_1->z R     unmapped_and2      1  1.1     0    16    2823    (-,-) 
  S3_FINAL/g428/z  (u)     in_1->z R     unmapped_or2       1  1.1     0    16    2840    (-,-) 
  S3_FINAL/g430/z  (u)     in_0->z R     unmapped_or2       2  2.2     0    19    2858    (-,-) 
  S3_FINAL/g432/z  (u)     in_1->z R     unmapped_and2      3  3.3     0    21    2879    (-,-) 
  S3_FINAL/g443/z  (u)     in_1->z R     unmapped_and2      1  1.1     0    16    2896    (-,-) 
  S3_FINAL/g444/z  (u)     in_1->z R     unmapped_or2       1  1.1     0    16    2912    (-,-) 
  S3_FINAL/g446/z  (u)     in_0->z R     unmapped_or2       2  2.2     0    19    2931    (-,-) 
  S3_FINAL/g448/z  (u)     in_1->z R     unmapped_and2      3  3.3     0    21    2952    (-,-) 
  S3_FINAL/g459/z  (u)     in_1->z R     unmapped_and2      1  1.1     0    16    2968    (-,-) 
  S3_FINAL/g460/z  (u)     in_1->z R     unmapped_or2       1  1.1     0    16    2984    (-,-) 
  S3_FINAL/g462/z  (u)     in_0->z R     unmapped_or2       2  2.2     0    19    3003    (-,-) 
  S3_FINAL/g464/z  (u)     in_1->z R     unmapped_and2      3  3.3     0    21    3024    (-,-) 
  S3_FINAL/g475/z  (u)     in_1->z R     unmapped_and2      1  1.1     0    16    3040    (-,-) 
  S3_FINAL/g476/z  (u)     in_1->z R     unmapped_or2       1  1.1     0    16    3057    (-,-) 
  S3_FINAL/g478/z  (u)     in_0->z R     unmapped_or2       2  2.2     0    19    3076    (-,-) 
  S3_FINAL/g480/z  (u)     in_1->z R     unmapped_and2      3  3.3     0    21    3096    (-,-) 
  S3_FINAL/g491/z  (u)     in_1->z R     unmapped_and2      1  1.1     0    16    3113    (-,-) 
  S3_FINAL/g492/z  (u)     in_1->z R     unmapped_or2       1  1.1     0    16    3130    (-,-) 
  S3_FINAL/g494/z  (u)     in_0->z R     unmapped_or2       2  2.2     0    19    3148    (-,-) 
  S3_FINAL/g496/z  (u)     in_1->z R     unmapped_and2      3  3.3     0    21    3169    (-,-) 
  S3_FINAL/g507/z  (u)     in_1->z R     unmapped_and2      1  1.1     0    16    3186    (-,-) 
  S3_FINAL/g508/z  (u)     in_1->z R     unmapped_or2       1  1.1     0    16    3202    (-,-) 
  S3_FINAL/g510/z  (u)     in_0->z R     unmapped_or2       2  2.2     0    19    3221    (-,-) 
  S3_FINAL/g512/z  (u)     in_1->z R     unmapped_and2      3  3.3     0    21    3242    (-,-) 
  S3_FINAL/g523/z  (u)     in_1->z R     unmapped_and2      1  1.1     0    16    3258    (-,-) 
  S3_FINAL/g524/z  (u)     in_1->z R     unmapped_or2       1  1.1     0    16    3274    (-,-) 
  S3_FINAL/g526/z  (u)     in_0->z R     unmapped_or2       2  2.2     0    19    3293    (-,-) 
  S3_FINAL/g528/z  (u)     in_1->z R     unmapped_and2      3  3.3     0    21    3314    (-,-) 
  S3_FINAL/g539/z  (u)     in_1->z R     unmapped_and2      1  1.1     0    16    3330    (-,-) 
  S3_FINAL/g540/z  (u)     in_1->z R     unmapped_or2       1  1.1     0    16    3347    (-,-) 
  S3_FINAL/g542/z  (u)     in_0->z R     unmapped_or2       2  2.2     0    19    3366    (-,-) 
  S3_FINAL/g544/z  (u)     in_1->z R     unmapped_and2      3  3.3     0    21    3386    (-,-) 
  S3_FINAL/g555/z  (u)     in_1->z R     unmapped_and2      1  1.1     0    16    3403    (-,-) 
  S3_FINAL/g556/z  (u)     in_1->z R     unmapped_or2       1  1.1     0    16    3420    (-,-) 
  S3_FINAL/g558/z  (u)     in_0->z R     unmapped_or2       2  2.2     0    19    3438    (-,-) 
  S3_FINAL/g560/z  (u)     in_1->z R     unmapped_and2      3  3.3     0    21    3459    (-,-) 
  S3_FINAL/g571/z  (u)     in_1->z R     unmapped_and2      1  1.1     0    16    3476    (-,-) 
  S3_FINAL/g572/z  (u)     in_1->z R     unmapped_or2       1  1.1     0    16    3492    (-,-) 
  S3_FINAL/g574/z  (u)     in_0->z R     unmapped_or2       2  2.2     0    19    3511    (-,-) 
  S3_FINAL/g576/z  (u)     in_1->z R     unmapped_and2      3  3.3     0    21    3532    (-,-) 
  S3_FINAL/g587/z  (u)     in_1->z R     unmapped_and2      1  1.1     0    16    3548    (-,-) 
  S3_FINAL/g588/z  (u)     in_1->z R     unmapped_or2       1  1.1     0    16    3564    (-,-) 
  S3_FINAL/g590/z  (u)     in_0->z R     unmapped_or2       2  2.2     0    19    3583    (-,-) 
  S3_FINAL/g592/z  (u)     in_1->z R     unmapped_and2      3  3.3     0    21    3604    (-,-) 
  S3_FINAL/g603/z  (u)     in_1->z R     unmapped_and2      1  1.1     0    16    3620    (-,-) 
  S3_FINAL/g604/z  (u)     in_1->z R     unmapped_or2       1  1.1     0    16    3637    (-,-) 
  S3_FINAL/g606/z  (u)     in_0->z R     unmapped_or2       2  2.2     0    19    3656    (-,-) 
  S3_FINAL/g608/z  (u)     in_1->z R     unmapped_and2      3  3.3     0    21    3676    (-,-) 
  S3_FINAL/g619/z  (u)     in_1->z R     unmapped_and2      1  1.1     0    16    3693    (-,-) 
  S3_FINAL/g620/z  (u)     in_1->z R     unmapped_or2       1  1.1     0    16    3710    (-,-) 
  S3_FINAL/g622/z  (u)     in_0->z R     unmapped_or2       2  2.2     0    19    3728    (-,-) 
  S3_FINAL/g624/z  (u)     in_1->z R     unmapped_and2      3  3.3     0    21    3749    (-,-) 
  S3_FINAL/g635/z  (u)     in_1->z R     unmapped_and2      1  1.1     0    16    3766    (-,-) 
  S3_FINAL/g636/z  (u)     in_1->z R     unmapped_or2       1  1.1     0    16    3782    (-,-) 
  S3_FINAL/g638/z  (u)     in_0->z R     unmapped_or2       2  2.2     0    19    3801    (-,-) 
  S3_FINAL/g640/z  (u)     in_1->z R     unmapped_and2      3  3.3     0    21    3822    (-,-) 
  S3_FINAL/g651/z  (u)     in_1->z R     unmapped_and2      1  1.1     0    16    3838    (-,-) 
  S3_FINAL/g652/z  (u)     in_1->z R     unmapped_or2       1  1.1     0    16    3854    (-,-) 
  S3_FINAL/g654/z  (u)     in_0->z R     unmapped_or2       2  2.2     0    19    3873    (-,-) 
  S3_FINAL/g656/z  (u)     in_1->z R     unmapped_and2      3  3.3     0    21    3894    (-,-) 
  S3_FINAL/g667/z  (u)     in_1->z R     unmapped_and2      1  1.1     0    16    3910    (-,-) 
  S3_FINAL/g668/z  (u)     in_1->z R     unmapped_or2       1  1.1     0    16    3927    (-,-) 
  S3_FINAL/g670/z  (u)     in_0->z R     unmapped_or2       2  2.2     0    19    3946    (-,-) 
  S3_FINAL/g672/z  (u)     in_1->z R     unmapped_and2      3  3.3     0    21    3966    (-,-) 
  S3_FINAL/g683/z  (u)     in_1->z R     unmapped_and2      1  1.1     0    16    3983    (-,-) 
  S3_FINAL/g684/z  (u)     in_1->z R     unmapped_or2       1  1.1     0    16    4000    (-,-) 
  S3_FINAL/g686/z  (u)     in_0->z R     unmapped_or2       2  2.2     0    19    4018    (-,-) 
  S3_FINAL/g688/z  (u)     in_1->z R     unmapped_and2      3  3.3     0    21    4039    (-,-) 
  S3_FINAL/g699/z  (u)     in_1->z R     unmapped_and2      1  1.1     0    16    4056    (-,-) 
  S3_FINAL/g700/z  (u)     in_1->z R     unmapped_or2       1  1.1     0    16    4072    (-,-) 
  S3_FINAL/g702/z  (u)     in_0->z R     unmapped_or2       2  2.2     0    19    4091    (-,-) 
  S3_FINAL/g704/z  (u)     in_1->z R     unmapped_and2      3  3.3     0    21    4112    (-,-) 
  S3_FINAL/g715/z  (u)     in_1->z R     unmapped_and2      1  1.1     0    16    4128    (-,-) 
  S3_FINAL/g716/z  (u)     in_1->z R     unmapped_or2       1  1.1     0    16    4144    (-,-) 
  S3_FINAL/g718/z  (u)     in_0->z R     unmapped_or2       2  2.2     0    19    4163    (-,-) 
  S3_FINAL/g720/z  (u)     in_1->z R     unmapped_and2      3  3.3     0    21    4184    (-,-) 
  S3_FINAL/g731/z  (u)     in_1->z R     unmapped_and2      1  1.1     0    16    4200    (-,-) 
  S3_FINAL/g732/z  (u)     in_1->z R     unmapped_or2       1  1.1     0    16    4217    (-,-) 
  S3_FINAL/g734/z  (u)     in_0->z R     unmapped_or2       2  2.2     0    19    4236    (-,-) 
  S3_FINAL/g736/z  (u)     in_1->z R     unmapped_and2      3  3.3     0    21    4256    (-,-) 
  S3_FINAL/g747/z  (u)     in_1->z R     unmapped_and2      1  1.1     0    16    4273    (-,-) 
  S3_FINAL/g748/z  (u)     in_1->z R     unmapped_or2       1  1.1     0    16    4290    (-,-) 
  S3_FINAL/g750/z  (u)     in_0->z R     unmapped_or2       2  2.2     0    19    4308    (-,-) 
  S3_FINAL/g752/z  (u)     in_1->z R     unmapped_and2      3  3.3     0    21    4329    (-,-) 
  S3_FINAL/g763/z  (u)     in_1->z R     unmapped_and2      1  1.1     0    16    4346    (-,-) 
  S3_FINAL/g764/z  (u)     in_1->z R     unmapped_or2       1  1.1     0    16    4362    (-,-) 
  S3_FINAL/g766/z  (u)     in_0->z R     unmapped_or2       2  2.2     0    19    4381    (-,-) 
  S3_FINAL/g768/z  (u)     in_1->z R     unmapped_and2      3  3.3     0    21    4402    (-,-) 
  S3_FINAL/g779/z  (u)     in_1->z R     unmapped_and2      1  1.1     0    16    4418    (-,-) 
  S3_FINAL/g780/z  (u)     in_1->z R     unmapped_or2       1  1.1     0    16    4434    (-,-) 
  S3_FINAL/g782/z  (u)     in_0->z R     unmapped_or2       2  2.2     0    19    4453    (-,-) 
  S3_FINAL/g784/z  (u)     in_1->z R     unmapped_and2      3  3.3     0    21    4474    (-,-) 
  S3_FINAL/g795/z  (u)     in_1->z R     unmapped_and2      1  1.1     0    16    4490    (-,-) 
  S3_FINAL/g796/z  (u)     in_1->z R     unmapped_or2       1  1.1     0    16    4507    (-,-) 
  S3_FINAL/g798/z  (u)     in_0->z R     unmapped_or2       2  2.2     0    19    4526    (-,-) 
  S3_FINAL/g800/z  (u)     in_1->z R     unmapped_and2      3  3.3     0    21    4546    (-,-) 
  S3_FINAL/g811/z  (u)     in_1->z R     unmapped_and2      1  1.1     0    16    4563    (-,-) 
  S3_FINAL/g812/z  (u)     in_1->z R     unmapped_or2       1  1.1     0    16    4580    (-,-) 
  S3_FINAL/g814/z  (u)     in_0->z R     unmapped_or2       2  2.2     0    19    4598    (-,-) 
  S3_FINAL/g816/z  (u)     in_1->z R     unmapped_and2      3  3.3     0    21    4619    (-,-) 
  S3_FINAL/g827/z  (u)     in_1->z R     unmapped_and2      1  1.1     0    16    4636    (-,-) 
  S3_FINAL/g828/z  (u)     in_1->z R     unmapped_or2       1  1.1     0    16    4652    (-,-) 
  S3_FINAL/g830/z  (u)     in_0->z R     unmapped_or2       2  2.2     0    19    4671    (-,-) 
  S3_FINAL/g832/z  (u)     in_1->z R     unmapped_and2      3  3.3     0    21    4692    (-,-) 
  S3_FINAL/g843/z  (u)     in_1->z R     unmapped_and2      1  1.1     0    16    4708    (-,-) 
  S3_FINAL/g844/z  (u)     in_1->z R     unmapped_or2       1  1.1     0    16    4724    (-,-) 
  S3_FINAL/g846/z  (u)     in_0->z R     unmapped_or2       2  2.2     0    19    4743    (-,-) 
  S3_FINAL/g848/z  (u)     in_1->z R     unmapped_and2      3  3.3     0    21    4764    (-,-) 
  S3_FINAL/g859/z  (u)     in_1->z R     unmapped_and2      1  1.1     0    16    4780    (-,-) 
  S3_FINAL/g860/z  (u)     in_1->z R     unmapped_or2       1  1.1     0    16    4797    (-,-) 
  S3_FINAL/g862/z  (u)     in_0->z R     unmapped_or2       2  2.2     0    19    4816    (-,-) 
  S3_FINAL/g864/z  (u)     in_1->z R     unmapped_and2      3  3.3     0    21    4836    (-,-) 
  S3_FINAL/g875/z  (u)     in_1->z R     unmapped_and2      1  1.1     0    16    4853    (-,-) 
  S3_FINAL/g876/z  (u)     in_1->z R     unmapped_or2       1  1.1     0    16    4870    (-,-) 
  S3_FINAL/g878/z  (u)     in_0->z R     unmapped_or2       2  2.2     0    19    4888    (-,-) 
  S3_FINAL/g880/z  (u)     in_1->z R     unmapped_and2      3  3.3     0    21    4909    (-,-) 
  S3_FINAL/g891/z  (u)     in_1->z R     unmapped_and2      1  1.1     0    16    4926    (-,-) 
  S3_FINAL/g892/z  (u)     in_1->z R     unmapped_or2       1  1.1     0    16    4942    (-,-) 
  S3_FINAL/g894/z  (u)     in_0->z R     unmapped_or2       2  2.2     0    19    4961    (-,-) 
  S3_FINAL/g896/z  (u)     in_1->z R     unmapped_and2      3  3.3     0    21    4982    (-,-) 
  S3_FINAL/g907/z  (u)     in_1->z R     unmapped_and2      1  1.1     0    16    4998    (-,-) 
  S3_FINAL/g908/z  (u)     in_1->z R     unmapped_or2       1  1.1     0    16    5014    (-,-) 
  S3_FINAL/g910/z  (u)     in_0->z R     unmapped_or2       2  2.2     0    19    5033    (-,-) 
  S3_FINAL/g912/z  (u)     in_1->z R     unmapped_and2      3  3.3     0    21    5054    (-,-) 
  S3_FINAL/g923/z  (u)     in_1->z R     unmapped_and2      1  1.1     0    16    5070    (-,-) 
  S3_FINAL/g924/z  (u)     in_1->z R     unmapped_or2       1  1.1     0    16    5087    (-,-) 
  S3_FINAL/g926/z  (u)     in_0->z R     unmapped_or2       2  2.2     0    19    5106    (-,-) 
  S3_FINAL/g928/z  (u)     in_1->z R     unmapped_and2      3  3.3     0    21    5126    (-,-) 
  S3_FINAL/g939/z  (u)     in_1->z R     unmapped_and2      1  1.1     0    16    5143    (-,-) 
  S3_FINAL/g940/z  (u)     in_1->z R     unmapped_or2       1  1.1     0    16    5160    (-,-) 
  S3_FINAL/g942/z  (u)     in_0->z R     unmapped_or2       2  2.2     0    19    5178    (-,-) 
  S3_FINAL/g944/z  (u)     in_1->z R     unmapped_and2      3  3.3     0    21    5199    (-,-) 
  S3_FINAL/g955/z  (u)     in_1->z R     unmapped_and2      1  1.1     0    16    5216    (-,-) 
  S3_FINAL/g956/z  (u)     in_1->z R     unmapped_or2       1  1.1     0    16    5232    (-,-) 
  S3_FINAL/g958/z  (u)     in_0->z R     unmapped_or2       2  2.2     0    19    5251    (-,-) 
  S3_FINAL/g960/z  (u)     in_1->z R     unmapped_and2      3  3.3     0    21    5272    (-,-) 
  S3_FINAL/g971/z  (u)     in_1->z R     unmapped_and2      1  1.1     0    16    5288    (-,-) 
  S3_FINAL/g972/z  (u)     in_1->z R     unmapped_or2       1  1.1     0    16    5304    (-,-) 
  S3_FINAL/g974/z  (u)     in_0->z R     unmapped_or2       2  2.2     0    19    5323    (-,-) 
  S3_FINAL/g976/z  (u)     in_1->z R     unmapped_and2      3  3.3     0    21    5344    (-,-) 
  S3_FINAL/g987/z  (u)     in_1->z R     unmapped_and2      1  1.1     0    16    5360    (-,-) 
  S3_FINAL/g988/z  (u)     in_1->z R     unmapped_or2       1  1.1     0    16    5377    (-,-) 
  S3_FINAL/g990/z  (u)     in_0->z R     unmapped_or2       2  2.2     0    19    5396    (-,-) 
  S3_FINAL/g992/z  (u)     in_1->z R     unmapped_and2      3  3.3     0    21    5416    (-,-) 
  S3_FINAL/g1003/z (u)     in_1->z R     unmapped_and2      1  1.1     0    16    5433    (-,-) 
  S3_FINAL/g1004/z (u)     in_1->z R     unmapped_or2       1  1.1     0    16    5450    (-,-) 
  S3_FINAL/g1006/z (u)     in_0->z R     unmapped_or2       2  2.2     0    19    5468    (-,-) 
  S3_FINAL/g1008/z (u)     in_1->z R     unmapped_and2      3  3.3     0    21    5489    (-,-) 
  S3_FINAL/g1019/z (u)     in_1->z R     unmapped_and2      1  1.1     0    16    5506    (-,-) 
  S3_FINAL/g1020/z (u)     in_1->z R     unmapped_or2       1  1.1     0    16    5522    (-,-) 
  S3_FINAL/g1022/z (u)     in_0->z R     unmapped_or2       1  1.1     0    16    5538    (-,-) 
  S3_FINAL/g1023/z (u)     in_1->z R     unmapped_xor2      1  0.0     0    29    5567    (-,-) 
  CARRY[63]        -       -       R     (port)             -    -     -     0    5567    (-,-) 
#-----------------------------------------------------------------------------------------------

(u) : Net has unmapped pin(s).

