============================================================
  Generated by:           Genus(TM) Synthesis Solution 17.22-s017_1
  Generated on:           Feb 27 2023  07:52:11 pm
  Module:                 booth_radix4_multiplier
  Operating conditions:   PVT_1P1V_0C (balanced_tree)
  Wireload mode:          enclosed
  Area mode:              timing library
============================================================

Timing
--------

Clock Period 
-------------
VCLK  1300.0 


  Cost    Critical         Violating 
 Group   Path Slack  TNS     Paths   
-------------------------------------
default    No paths   0.0            
I2O           121.2   0.0          0 
VCLK       No paths   0.0            
-------------------------------------
Total                 0.0          0 

Instance Count
--------------
Leaf Instance Count             3646 
Physical Instance count            0 
Sequential Instance Count          0 
Combinational Instance Count    3646 
Hierarchical Instance Count        0 

Area
----
Cell Area                          5728.158
Physical Cell Area                 0.000
Total Cell Area (Cell+Physical)    5728.158
Net Area                           0.000
Total Area (Cell+Physical+Net)     5728.158

Runtime                            0.0 seconds
Elapsed Runtime                    157 seconds
Genus peak memory usage            766.38 
Innovus peak memory usage          no_value 
Hostname                           compute-srv5.atme.in
