

Working Directory = /home/sgeuser114/Desktop/venkat/singleCycleProcessor/multi_16x16/work
QoS Summary for booth16x16_top
==========================================================================================
Metric                          generic         map             syn_opt         final          
==========================================================================================
Slack (ps):                      -242               0               0               0
  R2R (ps):                  no_value        no_value        no_value        no_value
  I2R (ps):                  no_value        no_value        no_value        no_value
  R2O (ps):                  no_value        no_value        no_value        no_value
  I2O (ps):                      -242               0               0               0
  CG  (ps):                  no_value        no_value        no_value        no_value
TNS (ps):                       2,769               0               0               0
  R2R (ps):                  no_value        no_value        no_value        no_value
  I2R (ps):                  no_value        no_value        no_value        no_value
  R2O (ps):                  no_value        no_value        no_value        no_value
  I2O (ps):                     2,769               0               0               0
  CG  (ps):                  no_value        no_value        no_value        no_value
Failing Paths:                     19               0               0               0
Cell Area:                      7,829           2,836           2,674           2,674
Total Cell Area:                7,829           2,836           2,674           2,674
Leaf Instances:                 2,932           1,773           1,547           1,547
Total Instances:                2,932           1,773           1,547           1,547
Utilization (%):                 0.00            0.00            0.00            0.00
Tot. Net Length (um):        no_value        no_value        no_value        no_value
Avg. Net Length (um):        no_value        no_value        no_value        no_value
Route Overflow H (%):        no_value        no_value        no_value        no_value
Route Overflow V (%):        no_value        no_value        no_value        no_value
MBCI(%) (bits/gate) :            0.00            0.00            0.00            0.00
Norm Cong Hotspot Area:
  Max Cong:                  no_value        no_value        no_value        no_value
  Tot Cong:                  no_value        no_value        no_value        no_value
==========================================================================================
CPU  Runtime (h:m:s):        00:02:08        00:00:38        00:00:06        00:00:00
Real Runtime (h:m:s):        00:02:37        00:00:34        00:00:08        00:00:01
CPU  Elapsed (h:m:s):        00:02:15        00:02:53        00:02:59        00:02:59
Real Elapsed (h:m:s):        00:02:39        00:03:13        00:03:21        00:03:22
Memory (MB):                   724.34          720.32          717.32          717.32
==========================================================================================
==========================================================================================
Flow Settings:
==========================================================================================
Total Runtime (h:m:s): 00:03:22
Total Memory (MB):     717.32
Executable Version:    17.22-s017_1
==========================================================================================
Total Cell Area =  Cell Area + Physical Cell Area
Total Instances =  Leaf Instances + Physical Instances


