============================================================
  Generated by:           Genus(TM) Synthesis Solution 17.22-s017_1
  Generated on:           Feb 26 2023  07:34:19 am
  Module:                 booth16x16_top
  Operating conditions:   PVT_1P1V_0C (balanced_tree)
  Wireload mode:          enclosed
  Area mode:              timing library
============================================================

                                 Leakage  
   Gate    Instances    Area   Power (nW)     Library    
---------------------------------------------------------
ADDFX1            15    76.950      4.973    fast_vdd1v0 
ADDHX1             7    26.334      1.865    fast_vdd1v0 
AND2X1             4     5.472      0.348    fast_vdd1v0 
AND2XL            16    21.888      1.221    fast_vdd1v0 
AND3XL             4     8.208      0.317    fast_vdd1v0 
AO21X1             1     2.394      0.117    fast_vdd1v0 
AOI21X1           72   123.120      7.819    fast_vdd1v0 
AOI21X2            2     5.472      0.392    fast_vdd1v0 
AOI21XL           14    23.940      0.965    fast_vdd1v0 
AOI221X1           5    11.970      0.871    fast_vdd1v0 
AOI222X1          11    33.858      2.129    fast_vdd1v0 
AOI22X1           48    98.496      6.317    fast_vdd1v0 
AOI22XL           17    34.884      1.544    fast_vdd1v0 
AOI2BB1X1         10    20.520      1.299    fast_vdd1v0 
AOI2BB1XL          7    14.364      0.753    fast_vdd1v0 
AOI2BB2X1          1     3.420      0.192    fast_vdd1v0 
AOI31X1            3     6.156      0.408    fast_vdd1v0 
AOI32X1            2     4.788      0.292    fast_vdd1v0 
BUFX3              5    10.260      0.865    fast_vdd1v0 
CLKBUFX2          18    30.780      2.136    fast_vdd1v0 
CLKINVX1          36    36.936      1.674    fast_vdd1v0 
CLKINVX2           6     8.208      0.516    fast_vdd1v0 
CLKINVX3           2     3.420      0.236    fast_vdd1v0 
CLKXOR2X1         12    32.832      2.192    fast_vdd1v0 
INVX1             84    57.456      3.820    fast_vdd1v0 
INVX2              3     3.078      0.255    fast_vdd1v0 
INVXL            232   158.688      7.741    fast_vdd1v0 
MXI2X1             5    13.680      0.725    fast_vdd1v0 
MXI2XL            92   220.248     10.104    fast_vdd1v0 
NAND2BX1          12    16.416      1.249    fast_vdd1v0 
NAND2BX2           1     2.394      0.171    fast_vdd1v0 
NAND2BXL          29    39.672      2.392    fast_vdd1v0 
NAND2X1           98   100.548      6.911    fast_vdd1v0 
NAND2X2           16    27.360      2.110    fast_vdd1v0 
NAND2X4            1     3.146      0.232    fast_vdd1v0 
NAND2XL          117   120.042      5.460    fast_vdd1v0 
NAND3BXL           9    15.390      0.859    fast_vdd1v0 
NAND3X1            6    10.260      0.536    fast_vdd1v0 
NAND4XL            3     5.130      0.194    fast_vdd1v0 
NOR2BX1           23    31.464      2.375    fast_vdd1v0 
NOR2BX2            2     5.472      0.363    fast_vdd1v0 
NOR2X1            72    73.872      5.152    fast_vdd1v0 
NOR2X2            22    37.620      2.759    fast_vdd1v0 
NOR2X4             4    12.312      1.080    fast_vdd1v0 
NOR2X6             1     4.104      0.372    fast_vdd1v0 
NOR2XL           117   120.042      5.565    fast_vdd1v0 
NOR3X1             1     1.710      0.081    fast_vdd1v0 
NOR3X2             2     5.472      0.291    fast_vdd1v0 
NOR3X4             1     5.130      0.306    fast_vdd1v0 
NOR3X6             1     7.182      0.456    fast_vdd1v0 
NOR3XL             1     1.710      0.045    fast_vdd1v0 
NOR4X1             1     1.710      0.143    fast_vdd1v0 
OA21X1             6    12.312      0.664    fast_vdd1v0 
OAI211X1           6    10.260      0.731    fast_vdd1v0 
OAI21X1           48    82.080      4.472    fast_vdd1v0 
OAI21X2            2     6.156      0.346    fast_vdd1v0 
OAI21XL           40    68.400      2.475    fast_vdd1v0 
OAI221X1          32    76.608      4.432    fast_vdd1v0 
OAI222X1           2     5.472      0.323    fast_vdd1v0 
OAI222XL           7    19.152      0.742    fast_vdd1v0 
OAI22X1           18    36.936      2.115    fast_vdd1v0 
OAI22XL           34    69.768      2.592    fast_vdd1v0 
OAI2BB1X1         67   114.570      7.686    fast_vdd1v0 
OAI31X1           12    24.624      1.601    fast_vdd1v0 
OAI32X1            3     7.182      0.393    fast_vdd1v0 
OR2X1              2     2.736      0.195    fast_vdd1v0 
OR2XL             22    30.096      1.943    fast_vdd1v0 
TLATXL             1     5.472      0.273    fast_vdd1v0 
XNOR2X1          145   347.130     26.273    fast_vdd1v0 
XNOR2X2            1     3.078      0.244    fast_vdd1v0 
XNOR2XL            2     5.472      0.339    fast_vdd1v0 
XNOR3XL            1     7.524      0.374    fast_vdd1v0 
XOR2XL            43   117.648      7.210    fast_vdd1v0 
XOR3XL             5    37.620      1.830    fast_vdd1v0 
---------------------------------------------------------
total           1773  2836.274    168.446                


                                           Leakage  Leakage 
     Type      Instances   Area   Area % Power (nW) Power % 
------------------------------------------------------------
sequential             1    5.472    0.2      0.273     0.2 
inverter             363  267.786    9.4     14.242     8.5 
buffer                23   41.040    1.4      3.002     1.8 
logic               1386 2521.976   88.9    150.929    89.6 
physical_cells         0    0.000    0.0      0.000     0.0 
------------------------------------------------------------
total               1773 2836.274  100.0    168.446   100.0 

