============================================================
  Generated by:           Genus(TM) Synthesis Solution 17.22-s017_1
  Generated on:           Feb 20 2019  05:55:56 am
  Module:                 booth_radix4_multiplier_32
  Operating conditions:   PVT_1P1V_0C (balanced_tree)
  Wireload mode:          enclosed
  Area mode:              timing library
============================================================

No paths found

============================================================
  Generated by:           Genus(TM) Synthesis Solution 17.22-s017_1
  Generated on:           Feb 20 2019  05:55:56 am
  Module:                 booth_radix4_multiplier_32
  Operating conditions:   PVT_1P1V_0C (balanced_tree)
  Wireload mode:          enclosed
  Area mode:              timing library
============================================================

No paths found

============================================================
  Generated by:           Genus(TM) Synthesis Solution 17.22-s017_1
  Generated on:           Feb 20 2019  05:55:56 am
  Module:                 booth_radix4_multiplier_32
  Operating conditions:   PVT_1P1V_0C (balanced_tree)
  Wireload mode:          enclosed
  Area mode:              timing library
============================================================


Path 1: VIOLATED (-2867 ps) Late External Delay Assertion at pin P[63]
          Group: I2O
     Startpoint: (F) A[1]
          Clock: (R) VCLK
       Endpoint: (R) P[63]
          Clock: (R) VCLK

                     Capture       Launch     
        Clock Edge:+    1333            0     
       Src Latency:+       0            0     
       Net Latency:+       0 (I)        0 (I) 
           Arrival:=    1333            0     
                                              
      Output Delay:-     133                  
     Required Time:=    1200                  
      Launch Clock:-       0                  
       Input Delay:-     533                  
         Data Path:-    3533                  
             Slack:=   -2867                  

Exceptions/Constraints:
  input_delay              533             counter.sdc_line_11_30_1 
  output_delay             133             counter.sdc_line_14      

#---------------------------------------------------------------------------------------------------------------------
#            Timing Point              Flags     Arc    Edge      Cell       Fanout Load Trans Delay Arrival Instance 
#                                                                                   (fF)  (ps)  (ps)   (ps)  Location 
#---------------------------------------------------------------------------------------------------------------------
  A[1]                                 (u)     -        F     (arrival)         125 12.0     0    12     545    (-,-) 
  minus_22_55_I1/g3/z                  (u)     in_0->z  R     unmapped_not        2  2.2     0    12     557    (-,-) 
  minus_22_55_I1/g39/z                 (u)     in_1->z  F     unmapped_nor2       1  1.0     0    16     574    (-,-) 
  minus_22_55_I1/g101/z                (u)     in_0->z  R     unmapped_not        2  2.2     0    12     586    (-,-) 
  minus_22_55_I1/g102/z                (u)     in_1->z  F     unmapped_nand2      1  1.0     0    16     602    (-,-) 
  minus_22_55_I1/g103/z                (u)     in_1->z  R     unmapped_nand2      3  3.3     0    21     623    (-,-) 
  minus_22_55_I1/g167/z                (u)     in_1->z  F     unmapped_nand2      1  1.0     0    16     639    (-,-) 
  minus_22_55_I1/g168/z                (u)     in_1->z  R     unmapped_nand2      5  5.5     0    24     663    (-,-) 
  minus_22_55_I1/g248/z                (u)     in_0->z  F     unmapped_nand2      1  1.0     0    16     679    (-,-) 
  minus_22_55_I1/g249/z                (u)     in_1->z  R     unmapped_nand2      9  9.9     0    28     707    (-,-) 
  minus_22_55_I1/g302/z                (u)     in_0->z  F     unmapped_nand2      1  1.0     0    16     724    (-,-) 
  minus_22_55_I1/g303/z                (u)     in_1->z  R     unmapped_nand2      1  1.1     0    16     740    (-,-) 
  minus_22_55_I1/g424/z                (u)     in_0->z  R     unmapped_xnor2      1  1.1     0    33     773    (-,-) 
  mux_partial_products[0]_17_19/g118/z (u)     data3->z R     unmapped_mux8       2  2.2     0    53     826    (-,-) 
  add_25_29_I2/g25/z                   (u)     in_0->z  F     unmapped_nor2       3  3.0     0    21     847    (-,-) 
  add_25_29_I2/g150/z                  (u)     in_1->z  R     unmapped_nor2       1  1.1     0    16     863    (-,-) 
  add_25_29_I2/g152/z                  (u)     in_0->z  F     unmapped_nor2       3  3.0     0    21     884    (-,-) 
  add_25_29_I2/g283/z                  (u)     in_0->z  R     unmapped_nor2       1  1.1     0    16     900    (-,-) 
  add_25_29_I2/g285/z                  (u)     in_0->z  F     unmapped_nor2       5  5.0     0    24     924    (-,-) 
  add_25_29_I2/g441/z                  (u)     in_1->z  R     unmapped_nor2       1  1.1     0    16     940    (-,-) 
  add_25_29_I2/g443/z                  (u)     in_0->z  F     unmapped_nor2       1  1.0     0    16     957    (-,-) 
  add_25_29_I2/g565/z                  (u)     in_0->z  R     unmapped_nand2     17 18.7     0    34     991    (-,-) 
  add_25_29_I2/g687/z                  (u)     in_0->z  F     unmapped_nand2      1  1.0     0    16    1008    (-,-) 
  add_25_29_I2/g688/z                  (u)     in_1->z  R     unmapped_nand2      1  1.1     0    16    1024    (-,-) 
  add_25_29_I2/g915/z                  (u)     in_0->z  R     unmapped_xnor2      2  2.2     0    35    1060    (-,-) 
  add_25_29_I3/g41/z                   (u)     in_0->z  F     unmapped_nor2       3  3.0     0    21    1080    (-,-) 
  add_25_29_I3/g166/z                  (u)     in_1->z  R     unmapped_nor2       1  1.1     0    16    1097    (-,-) 
  add_25_29_I3/g168/z                  (u)     in_0->z  F     unmapped_nor2       3  3.0     0    21    1117    (-,-) 
  add_25_29_I3/g303/z                  (u)     in_0->z  R     unmapped_nor2       1  1.1     0    16    1134    (-,-) 
  add_25_29_I3/g305/z                  (u)     in_0->z  F     unmapped_nor2       5  5.0     0    24    1157    (-,-) 
  add_25_29_I3/g458/z                  (u)     in_1->z  R     unmapped_nor2       1  1.1     0    16    1174    (-,-) 
  add_25_29_I3/g460/z                  (u)     in_0->z  F     unmapped_nor2       9  9.0     0    28    1202    (-,-) 
  add_25_29_I3/g566/z                  (u)     in_1->z  R     unmapped_nor2       1  1.1     0    16    1218    (-,-) 
  add_25_29_I3/g568/z                  (u)     in_0->z  F     unmapped_nor2       1  1.0     0    16    1235    (-,-) 
  add_25_29_I3/g707/z                  (u)     in_0->z  R     unmapped_nand2      1  1.1     0    16    1251    (-,-) 
  add_25_29_I3/g936/z                  (u)     in_0->z  R     unmapped_xnor2      2  2.2     0    35    1286    (-,-) 
  add_25_29_I4/g57/z                   (u)     in_0->z  F     unmapped_nor2       3  3.0     0    21    1307    (-,-) 
  add_25_29_I4/g182/z                  (u)     in_1->z  R     unmapped_nor2       1  1.1     0    16    1324    (-,-) 
  add_25_29_I4/g184/z                  (u)     in_0->z  F     unmapped_nor2       3  3.0     0    21    1344    (-,-) 
  add_25_29_I4/g323/z                  (u)     in_0->z  R     unmapped_nor2       1  1.1     0    16    1361    (-,-) 
  add_25_29_I4/g325/z                  (u)     in_0->z  F     unmapped_nor2       5  5.0     0    24    1384    (-,-) 
  add_25_29_I4/g462/z                  (u)     in_1->z  R     unmapped_nor2       1  1.1     0    16    1401    (-,-) 
  add_25_29_I4/g464/z                  (u)     in_0->z  F     unmapped_nor2       1  1.0     0    16    1417    (-,-) 
  add_25_29_I4/g588/z                  (u)     in_0->z  R     unmapped_not        1  1.1     0    10    1427    (-,-) 
  add_25_29_I4/g589/z                  (u)     in_1->z  F     unmapped_nor2       1  1.0     0    16    1443    (-,-) 
  add_25_29_I4/g719/z                  (u)     in_0->z  R     unmapped_nand2      1  1.1     0    16    1460    (-,-) 
  add_25_29_I4/g947/z                  (u)     in_0->z  R     unmapped_xnor2      2  2.2     0    35    1495    (-,-) 
  add_25_29_I5/g65/z                   (u)     in_0->z  F     unmapped_nor2       3  3.0     0    21    1516    (-,-) 
  add_25_29_I5/g190/z                  (u)     in_1->z  R     unmapped_nor2       1  1.1     0    16    1532    (-,-) 
  add_25_29_I5/g192/z                  (u)     in_0->z  F     unmapped_nor2       3  3.0     0    21    1553    (-,-) 
  add_25_29_I5/g327/z                  (u)     in_1->z  R     unmapped_nor2       1  1.1     0    16    1569    (-,-) 
  add_25_29_I5/g329/z                  (u)     in_0->z  F     unmapped_nor2       1  1.0     0    16    1586    (-,-) 
  add_25_29_I5/g472/z                  (u)     in_0->z  R     unmapped_not        1  1.1     0    10    1596    (-,-) 
  add_25_29_I5/g473/z                  (u)     in_1->z  F     unmapped_nor2       1  1.0     0    16    1612    (-,-) 
  add_25_29_I5/g598/z                  (u)     in_0->z  R     unmapped_not        1  1.1     0    10    1622    (-,-) 
  add_25_29_I5/g599/z                  (u)     in_1->z  F     unmapped_nor2       1  1.0     0    16    1638    (-,-) 
  add_25_29_I5/g725/z                  (u)     in_0->z  R     unmapped_nand2      1  1.1     0    16    1655    (-,-) 
  add_25_29_I5/g952/z                  (u)     in_0->z  R     unmapped_xnor2      2  2.2     0    35    1690    (-,-) 
  add_25_29_I6/g69/z                   (u)     in_0->z  F     unmapped_nor2       3  3.0     0    21    1711    (-,-) 
  add_25_29_I6/g197/z                  (u)     in_1->z  R     unmapped_nor2       2  2.2     0    19    1730    (-,-) 
  add_25_29_I6/g332/z                  (u)     in_0->z  F     unmapped_not        1  1.0     0    10    1739    (-,-) 
  add_25_29_I6/g333/z                  (u)     in_1->z  R     unmapped_nor2       1  1.1     0    16    1756    (-,-) 
  add_25_29_I6/g335/z                  (u)     in_0->z  F     unmapped_nor2       1  1.0     0    16    1772    (-,-) 
  add_25_29_I6/g476/z                  (u)     in_0->z  R     unmapped_not        1  1.1     0    10    1782    (-,-) 
  add_25_29_I6/g477/z                  (u)     in_1->z  F     unmapped_nor2       1  1.0     0    16    1798    (-,-) 
  add_25_29_I6/g603/z                  (u)     in_0->z  R     unmapped_not        1  1.1     0    10    1808    (-,-) 
  add_25_29_I6/g604/z                  (u)     in_1->z  F     unmapped_nor2       1  1.0     0    16    1824    (-,-) 
  add_25_29_I6/g728/z                  (u)     in_0->z  R     unmapped_nand2     32 35.2     0    41    1866    (-,-) 
  add_25_29_I6/g799/z                  (u)     in_0->z  F     unmapped_nand2      1  1.0     0    16    1882    (-,-) 
  add_25_29_I6/g800/z                  (u)     in_1->z  R     unmapped_nand2      1  1.1     0    16    1899    (-,-) 
  add_25_29_I6/g957/z                  (u)     in_0->z  R     unmapped_xnor2      2  2.2     0    35    1934    (-,-) 
  add_25_29_I7/g73/z                   (u)     in_0->z  F     unmapped_nor2       3  3.0     0    21    1955    (-,-) 
  add_25_29_I7/g198/z                  (u)     in_1->z  R     unmapped_nor2       1  1.1     0    16    1971    (-,-) 
  add_25_29_I7/g200/z                  (u)     in_0->z  F     unmapped_nor2       3  3.0     0    21    1992    (-,-) 
  add_25_29_I7/g343/z                  (u)     in_0->z  R     unmapped_nor2       1  1.1     0    16    2008    (-,-) 
  add_25_29_I7/g345/z                  (u)     in_0->z  F     unmapped_nor2       5  5.0     0    24    2032    (-,-) 
  add_25_29_I7/g492/z                  (u)     in_1->z  R     unmapped_nor2       1  1.1     0    16    2048    (-,-) 
  add_25_29_I7/g494/z                  (u)     in_0->z  F     unmapped_nor2       9  9.0     0    28    2076    (-,-) 
  add_25_29_I7/g606/z                  (u)     in_1->z  R     unmapped_nor2       1  1.1     0    16    2093    (-,-) 
  add_25_29_I7/g608/z                  (u)     in_0->z  F     unmapped_nor2       1  1.0     0    16    2109    (-,-) 
  add_25_29_I7/g819/z                  (u)     in_0->z  R     unmapped_nand2      1  1.1     0    16    2126    (-,-) 
  add_25_29_I7/g978/z                  (u)     in_0->z  R     unmapped_xnor2      2  2.2     0    35    2161    (-,-) 
  add_25_29_I8/g89/z                   (u)     in_0->z  F     unmapped_nor2       3  3.0     0    21    2182    (-,-) 
  add_25_29_I8/g214/z                  (u)     in_1->z  R     unmapped_nor2       1  1.1     0    16    2198    (-,-) 
  add_25_29_I8/g216/z                  (u)     in_0->z  F     unmapped_nor2       3  3.0     0    21    2219    (-,-) 
  add_25_29_I8/g363/z                  (u)     in_0->z  R     unmapped_nor2       1  1.1     0    16    2235    (-,-) 
  add_25_29_I8/g365/z                  (u)     in_0->z  F     unmapped_nor2       5  5.0     0    24    2259    (-,-) 
  add_25_29_I8/g496/z                  (u)     in_1->z  R     unmapped_nor2       1  1.1     0    16    2275    (-,-) 
  add_25_29_I8/g498/z                  (u)     in_0->z  F     unmapped_nor2       1  1.0     0    16    2292    (-,-) 
  add_25_29_I8/g628/z                  (u)     in_0->z  R     unmapped_not        1  1.1     0    10    2301    (-,-) 
  add_25_29_I8/g629/z                  (u)     in_1->z  F     unmapped_nor2       1  1.0     0    16    2318    (-,-) 
  add_25_29_I8/g831/z                  (u)     in_0->z  R     unmapped_nand2      1  1.1     0    16    2334    (-,-) 
  add_25_29_I8/g989/z                  (u)     in_0->z  R     unmapped_xnor2      2  2.2     0    35    2370    (-,-) 
  add_25_29_I9/g97/z                   (u)     in_0->z  F     unmapped_nor2       3  3.0     0    21    2390    (-,-) 
  add_25_29_I9/g222/z                  (u)     in_1->z  R     unmapped_nor2       1  1.1     0    16    2407    (-,-) 
  add_25_29_I9/g224/z                  (u)     in_0->z  F     unmapped_nor2       3  3.0     0    21    2427    (-,-) 
  add_25_29_I9/g367/z                  (u)     in_1->z  R     unmapped_nor2       1  1.1     0    16    2444    (-,-) 
  add_25_29_I9/g369/z                  (u)     in_0->z  F     unmapped_nor2       1  1.0     0    16    2460    (-,-) 
  add_25_29_I9/g506/z                  (u)     in_0->z  R     unmapped_not        1  1.1     0    10    2470    (-,-) 
  add_25_29_I9/g507/z                  (u)     in_1->z  F     unmapped_nor2       1  1.0     0    16    2486    (-,-) 
  add_25_29_I9/g638/z                  (u)     in_0->z  R     unmapped_not        1  1.1     0    10    2496    (-,-) 
  add_25_29_I9/g639/z                  (u)     in_1->z  F     unmapped_nor2       1  1.0     0    16    2513    (-,-) 
  add_25_29_I9/g837/z                  (u)     in_0->z  R     unmapped_nand2      1  1.1     0    16    2529    (-,-) 
  add_25_29_I9/g994/z                  (u)     in_0->z  R     unmapped_xnor2      2  2.2     0    35    2564    (-,-) 
  add_25_29_I10/g101/z                 (u)     in_0->z  F     unmapped_nor2       3  3.0     0    21    2585    (-,-) 
  add_25_29_I10/g229/z                 (u)     in_1->z  R     unmapped_nor2       2  2.2     0    19    2604    (-,-) 
  add_25_29_I10/g372/z                 (u)     in_0->z  F     unmapped_not        1  1.0     0    10    2614    (-,-) 
  add_25_29_I10/g373/z                 (u)     in_1->z  R     unmapped_nor2       1  1.1     0    16    2630    (-,-) 
  add_25_29_I10/g375/z                 (u)     in_0->z  F     unmapped_nor2       1  1.0     0    16    2647    (-,-) 
  add_25_29_I10/g510/z                 (u)     in_0->z  R     unmapped_not        1  1.1     0    10    2656    (-,-) 
  add_25_29_I10/g511/z                 (u)     in_1->z  F     unmapped_nor2       1  1.0     0    16    2673    (-,-) 
  add_25_29_I10/g643/z                 (u)     in_0->z  R     unmapped_not        1  1.1     0    10    2682    (-,-) 
  add_25_29_I10/g644/z                 (u)     in_1->z  F     unmapped_nor2      16 16.0     0    34    2716    (-,-) 
  add_25_29_I10/g729/z                 (u)     in_1->z  R     unmapped_nor2       1  1.1     0    16    2733    (-,-) 
  add_25_29_I10/g731/z                 (u)     in_0->z  F     unmapped_nor2       1  1.0     0    16    2749    (-,-) 
  add_25_29_I10/g842/z                 (u)     in_0->z  R     unmapped_nand2      1  1.1     0    16    2766    (-,-) 
  add_25_29_I10/g1000/z                (u)     in_0->z  R     unmapped_xnor2      2  2.2     0    35    2801    (-,-) 
  add_25_29_I11/g105/z                 (u)     in_0->z  F     unmapped_nor2       3  3.0     0    21    2822    (-,-) 
  add_25_29_I11/g230/z                 (u)     in_1->z  R     unmapped_nor2       1  1.1     0    16    2838    (-,-) 
  add_25_29_I11/g232/z                 (u)     in_0->z  F     unmapped_nor2       3  3.0     0    21    2859    (-,-) 
  add_25_29_I11/g383/z                 (u)     in_0->z  R     unmapped_nor2       1  1.1     0    16    2875    (-,-) 
  add_25_29_I11/g385/z                 (u)     in_0->z  F     unmapped_nor2       5  5.0     0    24    2899    (-,-) 
  add_25_29_I11/g513/z                 (u)     in_1->z  R     unmapped_nor2       1  1.1     0    16    2915    (-,-) 
  add_25_29_I11/g515/z                 (u)     in_0->z  F     unmapped_nor2       1  1.0     0    16    2932    (-,-) 
  add_25_29_I11/g748/z                 (u)     in_0->z  R     unmapped_not        1  1.1     0    10    2941    (-,-) 
  add_25_29_I11/g749/z                 (u)     in_1->z  F     unmapped_nor2       1  1.0     0    16    2958    (-,-) 
  add_25_29_I11/g850/z                 (u)     in_0->z  R     unmapped_nand2      1  1.1     0    16    2974    (-,-) 
  add_25_29_I11/g1011/z                (u)     in_0->z  R     unmapped_xnor2      2  2.2     0    35    3010    (-,-) 
  add_25_29_I12/g113/z                 (u)     in_0->z  F     unmapped_nor2       3  3.0     0    21    3030    (-,-) 
  add_25_29_I12/g238/z                 (u)     in_1->z  R     unmapped_nor2       1  1.1     0    16    3047    (-,-) 
  add_25_29_I12/g240/z                 (u)     in_0->z  F     unmapped_nor2       3  3.0     0    21    3068    (-,-) 
  add_25_29_I12/g387/z                 (u)     in_1->z  R     unmapped_nor2       1  1.1     0    16    3084    (-,-) 
  add_25_29_I12/g389/z                 (u)     in_0->z  F     unmapped_nor2       1  1.0     0    16    3100    (-,-) 
  add_25_29_I12/g523/z                 (u)     in_0->z  R     unmapped_not        1  1.1     0    10    3110    (-,-) 
  add_25_29_I12/g524/z                 (u)     in_1->z  F     unmapped_nor2       1  1.0     0    16    3127    (-,-) 
  add_25_29_I12/g758/z                 (u)     in_0->z  R     unmapped_not        1  1.1     0    10    3136    (-,-) 
  add_25_29_I12/g759/z                 (u)     in_1->z  F     unmapped_nor2       1  1.0     0    16    3153    (-,-) 
  add_25_29_I12/g854/z                 (u)     in_0->z  R     unmapped_nand2      1  1.1     0    16    3169    (-,-) 
  add_25_29_I12/g1016/z                (u)     in_0->z  R     unmapped_xnor2      2  2.2     0    35    3205    (-,-) 
  add_25_29_I13/g117/z                 (u)     in_0->z  F     unmapped_nor2       3  3.0     0    21    3225    (-,-) 
  add_25_29_I13/g245/z                 (u)     in_1->z  R     unmapped_nor2       2  2.2     0    19    3244    (-,-) 
  add_25_29_I13/g392/z                 (u)     in_0->z  F     unmapped_not        1  1.0     0    10    3254    (-,-) 
  add_25_29_I13/g393/z                 (u)     in_1->z  R     unmapped_nor2       1  1.1     0    16    3270    (-,-) 
  add_25_29_I13/g395/z                 (u)     in_0->z  F     unmapped_nor2       1  1.0     0    16    3287    (-,-) 
  add_25_29_I13/g527/z                 (u)     in_0->z  R     unmapped_not        1  1.1     0    10    3296    (-,-) 
  add_25_29_I13/g528/z                 (u)     in_1->z  F     unmapped_nor2       8  8.0     0    27    3323    (-,-) 
  add_25_29_I13/g646/z                 (u)     in_1->z  R     unmapped_nor2       1  1.1     0    16    3340    (-,-) 
  add_25_29_I13/g648/z                 (u)     in_0->z  F     unmapped_nor2       1  1.0     0    16    3356    (-,-) 
  add_25_29_I13/g767/z                 (u)     in_0->z  R     unmapped_not        1  1.1     0    10    3366    (-,-) 
  add_25_29_I13/g768/z                 (u)     in_1->z  F     unmapped_nor2       1  1.0     0    16    3382    (-,-) 
  add_25_29_I13/g858/z                 (u)     in_0->z  R     unmapped_nand2      1  1.1     0    16    3399    (-,-) 
  add_25_29_I13/g1021/z                (u)     in_0->z  R     unmapped_xnor2      2  2.2     0    35    3434    (-,-) 
  add_25_29_I14/g121/z                 (u)     in_0->z  F     unmapped_nor2       3  3.0     0    21    3455    (-,-) 
  add_25_29_I14/g246/z                 (u)     in_1->z  R     unmapped_nor2       1  1.1     0    16    3472    (-,-) 
  add_25_29_I14/g248/z                 (u)     in_0->z  F     unmapped_nor2       3  3.0     0    21    3492    (-,-) 
  add_25_29_I14/g397/z                 (u)     in_1->z  R     unmapped_nor2       1  1.1     0    16    3509    (-,-) 
  add_25_29_I14/g399/z                 (u)     in_0->z  F     unmapped_nor2       1  1.0     0    16    3525    (-,-) 
  add_25_29_I14/g657/z                 (u)     in_0->z  R     unmapped_not        1  1.1     0    10    3535    (-,-) 
  add_25_29_I14/g658/z                 (u)     in_1->z  F     unmapped_nor2       1  1.0     0    16    3551    (-,-) 
  add_25_29_I14/g775/z                 (u)     in_0->z  R     unmapped_not        1  1.1     0    10    3561    (-,-) 
  add_25_29_I14/g776/z                 (u)     in_1->z  F     unmapped_nor2       1  1.0     0    16    3577    (-,-) 
  add_25_29_I14/g862/z                 (u)     in_0->z  R     unmapped_nand2      1  1.1     0    16    3594    (-,-) 
  add_25_29_I14/g1026/z                (u)     in_0->z  R     unmapped_xnor2      2  2.2     0    35    3629    (-,-) 
  add_25_29_I15/g125/z                 (u)     in_0->z  F     unmapped_nor2       3  3.0     0    21    3650    (-,-) 
  add_25_29_I15/g253/z                 (u)     in_1->z  R     unmapped_nor2       2  2.2     0    19    3669    (-,-) 
  add_25_29_I15/g402/z                 (u)     in_0->z  F     unmapped_not        1  1.0     0    10    3678    (-,-) 
  add_25_29_I15/g403/z                 (u)     in_1->z  R     unmapped_nor2       1  1.1     0    16    3695    (-,-) 
  add_25_29_I15/g405/z                 (u)     in_0->z  F     unmapped_nor2       4  4.0     0    22    3717    (-,-) 
  add_25_29_I15/g530/z                 (u)     in_1->z  R     unmapped_nor2       1  1.1     0    16    3733    (-,-) 
  add_25_29_I15/g532/z                 (u)     in_0->z  F     unmapped_nor2       1  1.0     0    16    3750    (-,-) 
  add_25_29_I15/g668/z                 (u)     in_0->z  R     unmapped_not        1  1.1     0    10    3760    (-,-) 
  add_25_29_I15/g669/z                 (u)     in_1->z  F     unmapped_nor2       1  1.0     0    16    3776    (-,-) 
  add_25_29_I15/g783/z                 (u)     in_0->z  R     unmapped_not        1  1.1     0    10    3786    (-,-) 
  add_25_29_I15/g784/z                 (u)     in_1->z  F     unmapped_nor2       1  1.0     0    16    3802    (-,-) 
  add_25_29_I15/g866/z                 (u)     in_0->z  R     unmapped_nand2      1  1.1     0    16    3819    (-,-) 
  add_25_29_I15/g1032/z                (u)     in_0->z  R     unmapped_xnor2      2  2.2     0    35    3854    (-,-) 
  add_25_29_I16/g129/z                 (u)     in_0->z  F     unmapped_nor2       3  3.0     0    21    3875    (-,-) 
  add_25_29_I16/g254/z                 (u)     in_1->z  R     unmapped_nor2       1  1.1     0    16    3891    (-,-) 
  add_25_29_I16/g256/z                 (u)     in_0->z  F     unmapped_nor2       2  2.0     0    19    3910    (-,-) 
  add_25_29_I16/g407/z                 (u)     in_1->z  R     unmapped_nor2       1  1.1     0    16    3926    (-,-) 
  add_25_29_I16/g409/z                 (u)     in_0->z  F     unmapped_nor2       1  1.0     0    16    3943    (-,-) 
  add_25_29_I16/g540/z                 (u)     in_0->z  R     unmapped_not        1  1.1     0    10    3953    (-,-) 
  add_25_29_I16/g541/z                 (u)     in_1->z  F     unmapped_nor2       1  1.0     0    16    3969    (-,-) 
  add_25_29_I16/g678/z                 (u)     in_0->z  R     unmapped_not        1  1.1     0    10    3979    (-,-) 
  add_25_29_I16/g679/z                 (u)     in_1->z  F     unmapped_nor2       1  1.0     0    16    3995    (-,-) 
  add_25_29_I16/g791/z                 (u)     in_0->z  R     unmapped_not        1  1.1     0    10    4005    (-,-) 
  add_25_29_I16/g792/z                 (u)     in_1->z  F     unmapped_nor2       1  1.0     0    16    4021    (-,-) 
  add_25_29_I16/g870/z                 (u)     in_0->z  R     unmapped_nand2      1  1.1     0    16    4038    (-,-) 
  add_25_29_I16/g1037/z                (u)     in_0->z  R     unmapped_xnor2      1  0.0     0    29    4067    (-,-) 
  P[63]                                -       -        R     (port)              -    -     -     0    4067    (-,-) 
#---------------------------------------------------------------------------------------------------------------------

(u) : Net has unmapped pin(s).

