============================================================
  Generated by:           Genus(TM) Synthesis Solution 17.22-s017_1
  Generated on:           Feb 20 2019  05:59:36 am
  Module:                 booth_radix4_multiplier_32
  Operating conditions:   PVT_1P1V_0C (balanced_tree)
  Wireload mode:          enclosed
  Area mode:              timing library
============================================================


Path 1: MET (0 ps) Late External Delay Assertion at pin P[47]
          Group: I2O
     Startpoint: (R) B[1]
          Clock: (R) VCLK
       Endpoint: (F) P[47]
          Clock: (R) VCLK

                     Capture       Launch     
        Clock Edge:+    1333            0     
       Src Latency:+       0            0     
       Net Latency:+       0 (I)        0 (I) 
           Arrival:=    1333            0     
                                              
      Output Delay:-     133                  
     Required Time:=    1200                  
      Launch Clock:-       0                  
       Input Delay:-     533                  
         Data Path:-     666                  
             Slack:=       0                  

Exceptions/Constraints:
  input_delay              533             counter.sdc_line_11_62_1  
  output_delay             133             counter.sdc_line_14_205_1 

#-----------------------------------------------------------------------------------------------------------------------
#                 Timing Point                  Flags    Arc   Edge   Cell     Fanout Load Trans Delay Arrival Instance 
#                                                                                     (fF)  (ps)  (ps)   (ps)  Location 
#-----------------------------------------------------------------------------------------------------------------------
  B[1]                                          -       -      R     (arrival)      8 12.8     0     0     533    (-,-) 
  g52387/Y                                      -       A->Y   F     NOR2X2         2  0.8     6     8     541    (-,-) 
  g52362/Y                                      -       A->Y   R     INVX1          2  1.2    10    10     551    (-,-) 
  g52270/Y                                      -       B->Y   F     NAND2X2        2  1.6    18    16     567    (-,-) 
  g52209/Y                                      -       A->Y   R     INVX2          1  3.7    17    15     582    (-,-) 
  g52140/Y                                      -       B->Y   F     NAND2X8       29 11.6    30    24     606    (-,-) 
  g51165__9682/Y                                -       A1->Y  R     OAI221X1       1  0.7    38    32     638    (-,-) 
  csa_tree_add_25_29_I16_groupi_cdnfadd_009_0/S -       CI->S  F     ADDFX1         1  0.7    12    67     705    (-,-) 
  csa_tree_add_25_29_I16_groupi_cdnfadd_009_2/S -       CI->S  R     ADDFX1         1  0.7    10    63     768    (-,-) 
  csa_tree_add_25_29_I16_groupi_cdnfadd_009_3/S -       CI->S  F     ADDFX1         2  1.2    15    63     831    (-,-) 
  csa_tree_add_25_29_I16_groupi_g4027/Y         -       B->Y   R     NOR2X2         3  1.5    17    16     847    (-,-) 
  csa_tree_add_25_29_I16_groupi_g4006/Y         -       A1->Y  F     OAI21X1        1  0.8    21    20     867    (-,-) 
  csa_tree_add_25_29_I16_groupi_g4000/Y         -       B0->Y  R     AOI21X2        2  1.1    18    19     886    (-,-) 
  csa_tree_add_25_29_I16_groupi_g3992/Y         -       A1->Y  F     OAI21X1        2  0.8    21    21     906    (-,-) 
  csa_tree_add_25_29_I16_groupi_g3948/Y         -       A1N->Y F     OAI2BB1X1      3  1.3    23    30     936    (-,-) 
  csa_tree_add_25_29_I16_groupi_g3928/Y         -       B->Y   R     NAND2X1        1  1.0    13    15     952    (-,-) 
  csa_tree_add_25_29_I16_groupi_g3911/Y         -       A->Y   F     NAND2X2        4  1.5    18    18     970    (-,-) 
  csa_tree_add_25_29_I16_groupi_g3832/Y         -       A->Y   R     NAND2X1        2  0.8    12    14     984    (-,-) 
  csa_tree_add_25_29_I16_groupi_g3794/Y         -       D->Y   F     NOR4X1         1  0.3    15    10     994    (-,-) 
  csa_tree_add_25_29_I16_groupi_g3768/Y         -       B->Y   F     OR3XL          3  1.0    14    43    1037    (-,-) 
  csa_tree_add_25_29_I16_groupi_g3647/Y         -       A->Y   R     NAND2XL        1  0.5    12    13    1050    (-,-) 
  csa_tree_add_25_29_I16_groupi_g3641/Y         -       C->Y   F     NAND3BX1       4  1.1    34    26    1076    (-,-) 
  csa_tree_add_25_29_I16_groupi_g3635/Y         -       B->Y   R     NAND2XL        1  0.5    14    18    1095    (-,-) 
  csa_tree_add_25_29_I16_groupi_g4144/Y         -       B->Y   F     NAND2BX1       3  1.5    26    21    1116    (-,-) 
  csa_tree_add_25_29_I16_groupi_g3614/Y         -       A1->Y  R     AOI21X2        3  1.3    20    21    1137    (-,-) 
  csa_tree_add_25_29_I16_groupi_g3595/Y         -       A1->Y  F     OAI21X1        2  0.8    22    21    1158    (-,-) 
  csa_tree_add_25_29_I16_groupi_g3574/Y         -       A1N->Y F     OAI2BB1XL      1  0.5    17    24    1182    (-,-) 
  csa_tree_add_25_29_I16_groupi_g3562/Y         -       S0->Y  F     MXI2XL         1  0.0    13    18    1200    (-,-) 
  P[47]                                         -       -      F     (port)         -    -     -     0    1200    (-,-) 
#-----------------------------------------------------------------------------------------------------------------------

