============================================================
  Generated by:           Genus(TM) Synthesis Solution 17.22-s017_1
  Generated on:           Feb 20 2019  05:59:24 am
  Module:                 booth_radix4_multiplier_32
  Operating conditions:   PVT_1P1V_0C (balanced_tree)
  Wireload mode:          enclosed
  Area mode:              timing library
============================================================


Path 1: MET (1 ps) Late External Delay Assertion at pin P[47]
          Group: I2O
     Startpoint: (F) B[17]
          Clock: (R) VCLK
       Endpoint: (F) P[47]
          Clock: (R) VCLK

                     Capture       Launch     
        Clock Edge:+    1333            0     
       Src Latency:+       0            0     
       Net Latency:+       0 (I)        0 (I) 
           Arrival:=    1333            0     
                                              
      Output Delay:-     133                  
     Required Time:=    1200                  
      Launch Clock:-       0                  
       Input Delay:-     533                  
         Data Path:-     665                  
             Slack:=       1                  

Exceptions/Constraints:
  input_delay              533             counter.sdc_line_11_46_1  
  output_delay             133             counter.sdc_line_14_205_1 

#------------------------------------------------------------------------------------------------------------------------
#                 Timing Point                   Flags    Arc   Edge   Cell     Fanout Load Trans Delay Arrival Instance 
#                                                                                      (fF)  (ps)  (ps)   (ps)  Location 
#------------------------------------------------------------------------------------------------------------------------
  B[17]                                          -       -      F     (arrival)      8  8.3     0     0     533    (-,-) 
  g52430/Y                                       -       A->Y   R     NAND2X4        2  4.3    11    10     544    (-,-) 
  g52409/Y                                       -       A->Y   F     INVX3          3  2.9    10    11     554    (-,-) 
  g2/Y                                           -       C->Y   F     OR3X6         20  7.9    23    50     605    (-,-) 
  g52091/Y                                       -       A->Y   F     BUFX2         13  5.2    22    33     638    (-,-) 
  g51485__7114/Y                                 -       A1->Y  R     OAI22X1        1  1.1    38    28     666    (-,-) 
  csa_tree_add_25_29_I16_groupi_cdnfadd_018_1/CO -       A->CO  R     ADDFX1         1  1.1    13    48     714    (-,-) 
  csa_tree_add_25_29_I16_groupi_cdnfadd_019_4/CO -       B->CO  R     ADDFX1         1  1.1    13    43     757    (-,-) 
  csa_tree_add_25_29_I16_groupi_cdnfadd_020_6/S  -       B->S   F     ADDFXL         1  0.7    12    58     816    (-,-) 
  csa_tree_add_25_29_I16_groupi_cdnfadd_020_7/S  -       CI->S  R     ADDFX1         1  1.1    13    64     880    (-,-) 
  csa_tree_add_25_29_I16_groupi_cdnfadd_020_8/S  -       B->S   F     ADDFX1         2  1.2    15    67     947    (-,-) 
  csa_tree_add_25_29_I16_groupi_g3889/Y          -       B->Y   R     NAND2X1        3  1.1    14    13     960    (-,-) 
  csa_tree_add_25_29_I16_groupi_g3843/Y          -       A1->Y  F     OAI21X1        2  0.4    16    17     977    (-,-) 
  csa_tree_add_25_29_I16_groupi_g3796/Y          -       B->Y   R     NAND2XL        1  0.3     9    12     988    (-,-) 
  csa_tree_add_25_29_I16_groupi_g3787/Y          -       B->Y   F     NAND2XL        1  0.2    11    11    1000    (-,-) 
  csa_tree_add_25_29_I16_groupi_g3768/Y          -       C->Y   F     OR3XL          3  1.0    14    36    1036    (-,-) 
  csa_tree_add_25_29_I16_groupi_g3647/Y          -       A->Y   R     NAND2XL        1  0.5    12    13    1049    (-,-) 
  csa_tree_add_25_29_I16_groupi_g3641/Y          -       C->Y   F     NAND3BX1       4  1.1    34    26    1075    (-,-) 
  csa_tree_add_25_29_I16_groupi_g3635/Y          -       B->Y   R     NAND2XL        1  0.5    14    18    1094    (-,-) 
  csa_tree_add_25_29_I16_groupi_g4144/Y          -       B->Y   F     NAND2BX1       3  1.5    26    21    1115    (-,-) 
  csa_tree_add_25_29_I16_groupi_g3614/Y          -       A1->Y  R     AOI21X2        3  1.3    20    21    1136    (-,-) 
  csa_tree_add_25_29_I16_groupi_g3595/Y          -       A1->Y  F     OAI21X1        2  0.8    22    21    1157    (-,-) 
  csa_tree_add_25_29_I16_groupi_g3574/Y          -       A1N->Y F     OAI2BB1XL      1  0.5    17    24    1181    (-,-) 
  csa_tree_add_25_29_I16_groupi_g3562/Y          -       S0->Y  F     MXI2XL         1  0.0    13    18    1199    (-,-) 
  P[47]                                          -       -      F     (port)         -    -     -     0    1199    (-,-) 
#------------------------------------------------------------------------------------------------------------------------

