

Working Directory = /home/vv2trainee19/Desktop/Ananya/multi_1/work
QoS Summary for booth_radix4_multiplier_32
==========================================================================================
Metric                          generic         map             syn_opt         final          
==========================================================================================
Slack (ps):                      -106               1               0               0
  R2R (ps):                  no_value        no_value        no_value        no_value
  I2R (ps):                  no_value        no_value        no_value        no_value
  R2O (ps):                  no_value        no_value        no_value        no_value
  I2O (ps):                      -106               1               0               0
  CG  (ps):                  no_value        no_value        no_value        no_value
TNS (ps):                       2,396               0               0               0
  R2R (ps):                  no_value        no_value        no_value        no_value
  I2R (ps):                  no_value        no_value        no_value        no_value
  R2O (ps):                  no_value        no_value        no_value        no_value
  I2O (ps):                     2,396               0               0               0
  CG  (ps):                  no_value        no_value        no_value        no_value
Failing Paths:                     32               0               0               0
Cell Area:                     24,364           6,183           6,047           6,047
Total Cell Area:               24,364           6,183           6,047           6,047
Leaf Instances:                 9,144           2,490           2,384           2,384
Total Instances:                9,144           2,490           2,384           2,384
Utilization (%):                 0.00            0.00            0.00            0.00
Tot. Net Length (um):        no_value        no_value        no_value        no_value
Avg. Net Length (um):        no_value        no_value        no_value        no_value
Route Overflow H (%):        no_value        no_value        no_value        no_value
Route Overflow V (%):        no_value        no_value        no_value        no_value
MBCI(%) (bits/gate) :            0.00            0.00            0.00            0.00
Norm Cong Hotspot Area:
  Max Cong:                  no_value        no_value        no_value        no_value
  Tot Cong:                  no_value        no_value        no_value        no_value
==========================================================================================
CPU  Runtime (h:m:s):        00:02:30        00:01:44        00:00:09        00:00:01
Real Runtime (h:m:s):        00:02:50        00:01:01        00:00:12        00:00:04
CPU  Elapsed (h:m:s):        00:02:38        00:04:22        00:04:31        00:04:32
Real Elapsed (h:m:s):        00:02:53        00:03:54        00:04:06        00:04:10
Memory (MB):                   883.45          884.80          881.80          881.80
==========================================================================================
==========================================================================================
Flow Settings:
==========================================================================================
Total Runtime (h:m:s): 00:04:09
Total Memory (MB):     881.80
Executable Version:    17.22-s017_1
==========================================================================================
Total Cell Area =  Cell Area + Physical Cell Area
Total Instances =  Leaf Instances + Physical Instances


