============================================================
  Generated by:           Genus(TM) Synthesis Solution 17.22-s017_1
  Generated on:           Feb 20 2019  05:58:20 am
  Module:                 booth_radix4_multiplier_32
  Operating conditions:   PVT_1P1V_0C (balanced_tree)
  Wireload mode:          enclosed
  Area mode:              timing library
============================================================

Timing
--------

Clock Period 
-------------
VCLK  1333.0 


  Cost    Critical             Violating 
 Group   Path Slack    TNS       Paths   
-----------------------------------------
default    No paths       0.0            
I2O          -106.1   -2395.9         32 
VCLK       No paths       0.0            
-----------------------------------------
Total                 -2395.9         32 

Instance Count
--------------
Leaf Instance Count             9144 
Physical Instance count            0 
Sequential Instance Count          0 
Combinational Instance Count    9144 
Hierarchical Instance Count        1 

Area
----
Cell Area                          24364.036
Physical Cell Area                 0.000
Total Cell Area (Cell+Physical)    24364.036
Net Area                           0.000
Total Area (Cell+Physical+Net)     24364.036

Runtime                            0.0 seconds
Elapsed Runtime                    181 seconds
Genus peak memory usage            883.45 
Innovus peak memory usage          no_value 
Hostname                           compute-srv2.eda.atme.in
