============================================================
  Generated by:           Genus(TM) Synthesis Solution 17.22-s017_1
  Generated on:           Feb 20 2019  05:59:21 am
  Module:                 booth_radix4_multiplier_32
  Operating conditions:   PVT_1P1V_0C (balanced_tree)
  Wireload mode:          enclosed
  Area mode:              timing library
============================================================

                                 Leakage  
   Gate    Instances    Area   Power (nW)     Library    
---------------------------------------------------------
ADDFX1           411  2108.430    135.662    fast_vdd1v0 
ADDFXL            41   280.440     12.444    fast_vdd1v0 
ADDHX1            14    52.668      3.699    fast_vdd1v0 
AND2X1             2     2.736      0.174    fast_vdd1v0 
AND2XL             9    12.312      0.668    fast_vdd1v0 
AND3X4             1     3.078      0.233    fast_vdd1v0 
AO21XL             2     4.788      0.211    fast_vdd1v0 
AOI21X1           36    61.560      4.025    fast_vdd1v0 
AOI21X2            3     8.208      0.610    fast_vdd1v0 
AOI21XL           46    78.660      3.681    fast_vdd1v0 
AOI221X1          11    26.334      2.035    fast_vdd1v0 
AOI22X1          380   779.760     54.302    fast_vdd1v0 
AOI22XL            3     6.156      0.280    fast_vdd1v0 
AOI2BB1X1         10    20.520      1.293    fast_vdd1v0 
AOI2BB1XL          2     4.104      0.221    fast_vdd1v0 
AOI31X1            2     4.104      0.270    fast_vdd1v0 
AOI33XL            5    11.970      0.545    fast_vdd1v0 
BUFX2             10    17.100      1.193    fast_vdd1v0 
BUFX3              1     2.052      0.172    fast_vdd1v0 
CLKAND2X3          1     3.078      0.205    fast_vdd1v0 
CLKBUFX2          10    17.100      1.185    fast_vdd1v0 
CLKINVX4          37    63.270      5.984    fast_vdd1v0 
CLKINVX6          30    71.820      7.493    fast_vdd1v0 
CLKINVX8           1     3.078      0.330    fast_vdd1v0 
INVX1             74    50.616      3.449    fast_vdd1v0 
INVX2             43    44.118      3.624    fast_vdd1v0 
INVX3             47    64.296      5.855    fast_vdd1v0 
INVXL            142    97.128      4.774    fast_vdd1v0 
MXI2XL            20    47.880      2.183    fast_vdd1v0 
NAND2BX1          21    28.728      2.253    fast_vdd1v0 
NAND2BX4           2     7.524      0.601    fast_vdd1v0 
NAND2BXL           9    12.312      0.751    fast_vdd1v0 
NAND2X1           78    80.028      5.396    fast_vdd1v0 
NAND2X2           31    53.010      4.157    fast_vdd1v0 
NAND2X4           15    47.196      3.912    fast_vdd1v0 
NAND2X6            8    36.526      3.092    fast_vdd1v0 
NAND2X8            5    26.248      2.562    fast_vdd1v0 
NAND2XL           21    21.546      1.005    fast_vdd1v0 
NAND3BX1           1     2.052      0.134    fast_vdd1v0 
NAND3BXL           1     1.710      0.088    fast_vdd1v0 
NAND3X1            2     3.420      0.167    fast_vdd1v0 
NAND4XL            1     1.710      0.060    fast_vdd1v0 
NOR2BX1           34    46.512      3.698    fast_vdd1v0 
NOR2BXL            1     1.710      0.091    fast_vdd1v0 
NOR2X1            59    60.534      4.270    fast_vdd1v0 
NOR2X2            28    47.880      3.773    fast_vdd1v0 
NOR2X4            33   101.574      8.545    fast_vdd1v0 
NOR2X6             3    12.312      1.106    fast_vdd1v0 
NOR2X8             1     5.472      0.491    fast_vdd1v0 
NOR2XL            20    20.520      0.952    fast_vdd1v0 
NOR3BX1            2     4.104      0.246    fast_vdd1v0 
NOR3BXL            2     4.104      0.168    fast_vdd1v0 
NOR3X1             2     3.420      0.204    fast_vdd1v0 
NOR3X2             4    10.944      0.689    fast_vdd1v0 
NOR4BX1            2     4.788      0.252    fast_vdd1v0 
NOR4X1             3     5.130      0.287    fast_vdd1v0 
NOR4XL             1     2.052      0.056    fast_vdd1v0 
OA21XL             1     2.736      0.103    fast_vdd1v0 
OA22X1             1     2.394      0.130    fast_vdd1v0 
OAI211X1           9    15.390      1.131    fast_vdd1v0 
OAI21X1           36    61.560      3.553    fast_vdd1v0 
OAI21X2            4    12.312      0.766    fast_vdd1v0 
OAI21XL            4     6.840      0.266    fast_vdd1v0 
OAI221X1         382   914.508     57.867    fast_vdd1v0 
OAI222X1          28    76.608      4.948    fast_vdd1v0 
OAI222XL           2     5.472      0.223    fast_vdd1v0 
OAI22X1           29    59.508      3.596    fast_vdd1v0 
OAI22XL           46    94.392      3.554    fast_vdd1v0 
OAI2BB1X1         75   128.250      8.848    fast_vdd1v0 
OAI2BB1XL          2     4.104      0.188    fast_vdd1v0 
OAI31X1            2     4.104      0.241    fast_vdd1v0 
OAI33X1           14    38.304      2.199    fast_vdd1v0 
OR2X1              2     2.736      0.205    fast_vdd1v0 
OR2XL             18    24.624      1.630    fast_vdd1v0 
OR3X6              1     4.788      0.430    fast_vdd1v0 
OR3XL              2     4.104      0.233    fast_vdd1v0 
XNOR2X1           35    83.790      6.362    fast_vdd1v0 
XOR2XL            13    35.568      2.175    fast_vdd1v0 
---------------------------------------------------------
total           2490  6182.522    404.456                


                                           Leakage  Leakage 
     Type      Instances   Area   Area % Power (nW) Power % 
------------------------------------------------------------
inverter             374  394.326    6.4     31.510     7.8 
buffer                21   36.252    0.6      2.549     0.6 
logic               2095 5751.944   93.0    370.397    91.6 
physical_cells         0    0.000    0.0      0.000     0.0 
------------------------------------------------------------
total               2490 6182.522  100.0    404.456   100.0 

