============================================================
  Generated by:           Genus(TM) Synthesis Solution 17.22-s017_1
  Generated on:           Feb 20 2019  05:59:21 am
  Module:                 booth_radix4_multiplier_32
  Operating conditions:   PVT_1P1V_0C (balanced_tree)
  Wireload mode:          enclosed
  Area mode:              timing library
============================================================

Timing
--------

Clock Period 
-------------
VCLK  1333.0 


  Cost    Critical         Violating 
 Group   Path Slack  TNS     Paths   
-------------------------------------
default    No paths   0.0            
I2O             1.1   0.0          0 
VCLK       No paths   0.0            
-------------------------------------
Total                 0.0          0 

Instance Count
--------------
Leaf Instance Count             2490 
Physical Instance count            0 
Sequential Instance Count          0 
Combinational Instance Count    2490 
Hierarchical Instance Count        0 

Area
----
Cell Area                          6182.522
Physical Cell Area                 0.000
Total Cell Area (Cell+Physical)    6182.522
Net Area                           0.000
Total Area (Cell+Physical+Net)     6182.522

Runtime                            0.0 seconds
Elapsed Runtime                    241 seconds
Genus peak memory usage            881.80 
Innovus peak memory usage          no_value 
Hostname                           compute-srv2.eda.atme.in
