============================================================
  Generated by:           Genus(TM) Synthesis Solution 17.22-s017_1
  Generated on:           Feb 16 2023  01:09:38 am
  Module:                 pp_tree16x64
  Operating conditions:   PVT_1P1V_0C (balanced_tree)
  Wireload mode:          enclosed
  Area mode:              timing library
============================================================

                                  Leakage  
   Gate    Instances    Area    Power (nW)     Library    
----------------------------------------------------------
ACHCONX2           3     37.962      1.891    fast_vdd1v0 
ADDFHX1            5     37.620      1.937    fast_vdd1v0 
ADDFHX2            1      8.208      0.467    fast_vdd1v0 
ADDFHXL            3     22.572      1.130    fast_vdd1v0 
ADDFX1           169    866.970     54.805    fast_vdd1v0 
ADDFXL             6     41.040      1.783    fast_vdd1v0 
ADDHX1            40    150.480     10.680    fast_vdd1v0 
AND2X1            29     39.672      2.585    fast_vdd1v0 
AND2XL           243    332.424     18.764    fast_vdd1v0 
AND3XL            17     34.884      1.457    fast_vdd1v0 
AND4XL             2      4.788      0.167    fast_vdd1v0 
AO21X1             3      7.182      0.348    fast_vdd1v0 
AO21XL            14     33.516      1.438    fast_vdd1v0 
AO22X1             2      5.472      0.253    fast_vdd1v0 
AO22XL             6     16.416      0.686    fast_vdd1v0 
AOI211XL           5     10.260      0.372    fast_vdd1v0 
AOI21X1          127    217.170     13.270    fast_vdd1v0 
AOI21X2           30     82.080      6.208    fast_vdd1v0 
AOI21XL           78    133.380      5.419    fast_vdd1v0 
AOI221X1           6     14.364      0.924    fast_vdd1v0 
AOI221XL           1      3.420      0.121    fast_vdd1v0 
AOI22X1           23     47.196      2.968    fast_vdd1v0 
AOI22X2            1      3.762      0.260    fast_vdd1v0 
AOI22XL            9     18.468      0.769    fast_vdd1v0 
AOI2BB1X1         70    143.640      8.691    fast_vdd1v0 
AOI2BB1XL         62    127.224      6.518    fast_vdd1v0 
AOI2BB2X1          1      3.420      0.193    fast_vdd1v0 
AOI2BB2XL          1      3.762      0.154    fast_vdd1v0 
AOI31X1           22     45.144      2.856    fast_vdd1v0 
AOI31X2            1      3.420      0.246    fast_vdd1v0 
AOI31XL            1      2.736      0.081    fast_vdd1v0 
AOI32X1           18     43.092      2.680    fast_vdd1v0 
AOI32XL            2      5.472      0.193    fast_vdd1v0 
AOI33XL            5     11.970      0.521    fast_vdd1v0 
BUFX2             77    131.670      9.178    fast_vdd1v0 
BUFX3              1      2.052      0.172    fast_vdd1v0 
CLKAND2X2          9     18.468      1.168    fast_vdd1v0 
CLKBUFX2          38     64.980      4.510    fast_vdd1v0 
CLKINVX1           3      3.078      0.137    fast_vdd1v0 
CLKINVX2           1      1.368      0.085    fast_vdd1v0 
CLKINVX3           2      3.420      0.251    fast_vdd1v0 
CLKINVX4           6     10.260      1.001    fast_vdd1v0 
CLKINVX6           1      2.394      0.250    fast_vdd1v0 
CLKINVX8           2      6.156      0.662    fast_vdd1v0 
CLKXOR2X1         64    175.104     11.591    fast_vdd1v0 
INVX1            472    322.848     21.729    fast_vdd1v0 
INVX2             39     40.014      3.287    fast_vdd1v0 
INVX3              8     10.944      0.995    fast_vdd1v0 
INVX6              2      4.788      0.499    fast_vdd1v0 
INVXL            857    586.188     28.498    fast_vdd1v0 
MX2X1              2      4.788      0.307    fast_vdd1v0 
MX2XL             21     50.274      3.019    fast_vdd1v0 
MXI2X1            46    125.856      6.674    fast_vdd1v0 
MXI2XL           331    792.414     35.571    fast_vdd1v0 
NAND2BX1         213    291.384     22.373    fast_vdd1v0 
NAND2BX2          16     38.304      2.651    fast_vdd1v0 
NAND2BX4           1      3.762      0.310    fast_vdd1v0 
NAND2BXL         305    417.240     24.808    fast_vdd1v0 
NAND2X1          691    708.966     48.190    fast_vdd1v0 
NAND2X2          171    292.410     22.206    fast_vdd1v0 
NAND2X4           17     53.489      4.391    fast_vdd1v0 
NAND2X6            1      4.566      0.384    fast_vdd1v0 
NAND2XL          683    700.758     32.011    fast_vdd1v0 
NAND3BX1          20     41.040      2.502    fast_vdd1v0 
NAND3BX2           1      3.078      0.189    fast_vdd1v0 
NAND3BXL         141    241.110     12.743    fast_vdd1v0 
NAND3X1           64    109.440      5.470    fast_vdd1v0 
NAND3X2           11     30.096      1.824    fast_vdd1v0 
NAND3X4            1      4.788      0.326    fast_vdd1v0 
NAND3XL           65    111.150      3.613    fast_vdd1v0 
NAND4BBXL          2      6.156      0.266    fast_vdd1v0 
NAND4BX1           4      9.576      0.542    fast_vdd1v0 
NAND4BXL           3      7.182      0.298    fast_vdd1v0 
NAND4XL           10     17.100      0.625    fast_vdd1v0 
NOR2BX1          413    564.984     42.768    fast_vdd1v0 
NOR2BX2           14     38.304      2.331    fast_vdd1v0 
NOR2BX4            3     11.286      0.895    fast_vdd1v0 
NOR2BXL           36     61.560      3.128    fast_vdd1v0 
NOR2X1           385    395.010     26.807    fast_vdd1v0 
NOR2X2           102    174.420     13.268    fast_vdd1v0 
NOR2X4             9     27.702      2.289    fast_vdd1v0 
NOR2X6             1      4.104      0.372    fast_vdd1v0 
NOR2XL           539    553.014     25.317    fast_vdd1v0 
NOR3BX1           20     41.040      2.352    fast_vdd1v0 
NOR3BX2            1      3.420      0.180    fast_vdd1v0 
NOR3BXL           32     65.664      2.865    fast_vdd1v0 
NOR3X1            34     58.140      2.800    fast_vdd1v0 
NOR3X2             8     21.888      1.167    fast_vdd1v0 
NOR3X4             1      5.130      0.305    fast_vdd1v0 
NOR3XL            27     46.170      1.451    fast_vdd1v0 
NOR4BBX1           2      5.472      0.352    fast_vdd1v0 
NOR4BBX2           1      5.130      0.265    fast_vdd1v0 
NOR4BX1            6     14.364      0.755    fast_vdd1v0 
NOR4X1            18     30.780      1.595    fast_vdd1v0 
NOR4XL             1      2.052      0.064    fast_vdd1v0 
OA21X1            71    145.692      7.913    fast_vdd1v0 
OA21XL             4     10.944      0.392    fast_vdd1v0 
OA22X1             3      7.182      0.380    fast_vdd1v0 
OAI211X1          25     42.750      2.983    fast_vdd1v0 
OAI211X2           1      4.104      0.212    fast_vdd1v0 
OAI211XL           4      8.208      0.310    fast_vdd1v0 
OAI21X1          287    490.770     28.668    fast_vdd1v0 
OAI21X2           24     73.872      4.389    fast_vdd1v0 
OAI21X4            5     23.940      1.841    fast_vdd1v0 
OAI21XL          160    273.600     10.445    fast_vdd1v0 
OAI221X1           3      7.182      0.443    fast_vdd1v0 
OAI221XL           1      3.078      0.091    fast_vdd1v0 
OAI22X1           15     30.780      1.887    fast_vdd1v0 
OAI22X2            2      6.840      0.468    fast_vdd1v0 
OAI22XL            9     18.468      0.735    fast_vdd1v0 
OAI2BB1X1        397    678.870     45.899    fast_vdd1v0 
OAI2BB1X2          4     12.312      0.713    fast_vdd1v0 
OAI2BB1XL         40     82.080      3.730    fast_vdd1v0 
OAI2BB2XL          1      3.762      0.149    fast_vdd1v0 
OAI31X1           23     47.196      2.721    fast_vdd1v0 
OAI31X2            1      3.762      0.238    fast_vdd1v0 
OAI31XL            2      4.788      0.133    fast_vdd1v0 
OAI32X1            4      9.576      0.559    fast_vdd1v0 
OAI32XL            1      3.078      0.086    fast_vdd1v0 
OR2X1             43     58.824      4.177    fast_vdd1v0 
OR2XL            206    281.808     17.328    fast_vdd1v0 
OR3X1              2      4.104      0.242    fast_vdd1v0 
OR3XL             17     34.884      1.529    fast_vdd1v0 
OR4X1              4      8.208      0.426    fast_vdd1v0 
XNOR2X1          704   1685.376    126.386    fast_vdd1v0 
XNOR2XL           35     95.760      5.945    fast_vdd1v0 
XNOR3X1            6     45.144      2.306    fast_vdd1v0 
XNOR3XL           11     82.764      3.981    fast_vdd1v0 
XOR2X1             9     24.624      1.612    fast_vdd1v0 
XOR2XL           305    834.480     51.159    fast_vdd1v0 
XOR3X1             6     45.144      2.331    fast_vdd1v0 
XOR3XL            19    142.956      6.888    fast_vdd1v0 
----------------------------------------------------------
total           9515  15474.389    937.165                


                                            Leakage  Leakage 
     Type      Instances    Area   Area % Power (nW) Power % 
-------------------------------------------------------------
inverter            1393   991.458    6.4     57.394     6.1 
buffer               116   198.702    1.3     13.860     1.5 
logic               8006 14284.229   92.3    865.911    92.4 
physical_cells         0     0.000    0.0      0.000     0.0 
-------------------------------------------------------------
total               9515 15474.389  100.0    937.165   100.0 

