============================================================
  Generated by:           Genus(TM) Synthesis Solution 17.22-s017_1
  Generated on:           Feb 16 2023  12:46:58 am
  Module:                 pp_tree16x64
  Operating conditions:   PVT_1P1V_0C (balanced_tree)
  Wireload mode:          enclosed
  Area mode:              timing library
============================================================

Timing
--------

Clock Period 
-------------
VCLK  1300.0 


  Cost    Critical               Violating 
 Group   Path Slack     TNS        Paths   
-------------------------------------------
default    No paths         0.0            
I2O         -3022.7   -186438.8        118 
VCLK       No paths         0.0            
-------------------------------------------
Total                 -186438.8        118 

Instance Count
--------------
Leaf Instance Count             11212 
Physical Instance count             0 
Sequential Instance Count           0 
Combinational Instance Count    11212 
Hierarchical Instance Count         0 

Area
----
Cell Area                          29928.192
Physical Cell Area                 0.000
Total Cell Area (Cell+Physical)    29928.192
Net Area                           0.000
Total Area (Cell+Physical+Net)     29928.192

Runtime                            0.0 seconds
Elapsed Runtime                    139 seconds
Genus peak memory usage            759.45 
Innovus peak memory usage          no_value 
Hostname                           compute-srv5.atme.in
