============================================================
  Generated by:           Genus(TM) Synthesis Solution 17.22-s017_1
  Generated on:           Feb 16 2023  12:51:30 am
  Module:                 pp_tree16x64
  Operating conditions:   PVT_1P1V_0C (balanced_tree)
  Wireload mode:          enclosed
  Area mode:              timing library
============================================================

                                 Leakage  
   Gate    Instances    Area   Power (nW)     Library    
---------------------------------------------------------
ADDFHX1            3    22.572      1.189    fast_vdd1v0 
ADDFHXL           15   112.860      5.635    fast_vdd1v0 
ADDFX1           445  2282.850    144.049    fast_vdd1v0 
ADDHX1           141   530.442     37.456    fast_vdd1v0 
AND2X1             8    10.944      0.719    fast_vdd1v0 
AND2XL            68    93.024      5.189    fast_vdd1v0 
AND3XL             2     4.104      0.180    fast_vdd1v0 
AND4XL             2     4.788      0.179    fast_vdd1v0 
AO21XL             1     2.394      0.108    fast_vdd1v0 
AO22XL             3     8.208      0.355    fast_vdd1v0 
AOI211X1           2     4.788      0.287    fast_vdd1v0 
AOI211XL           4     8.208      0.325    fast_vdd1v0 
AOI21X1           40    68.400      4.340    fast_vdd1v0 
AOI21X2            9    24.624      1.916    fast_vdd1v0 
AOI21XL           28    47.880      2.043    fast_vdd1v0 
AOI221X1          10    23.940      1.605    fast_vdd1v0 
AOI221X2           4    17.784      1.291    fast_vdd1v0 
AOI222X1           1     3.078      0.180    fast_vdd1v0 
AOI222X2           4    21.888      1.341    fast_vdd1v0 
AOI22X1           24    49.248      3.070    fast_vdd1v0 
AOI22XL           10    20.520      0.893    fast_vdd1v0 
AOI2BB1X1          7    14.364      0.820    fast_vdd1v0 
AOI2BB1XL         19    38.988      2.052    fast_vdd1v0 
AOI2BB2X1          1     3.420      0.193    fast_vdd1v0 
AOI31X1           10    20.520      1.276    fast_vdd1v0 
AOI31X2            3    10.260      0.837    fast_vdd1v0 
AOI32X1           20    47.880      2.950    fast_vdd1v0 
AOI33XL            2     4.788      0.202    fast_vdd1v0 
BUFX2              1     1.710      0.118    fast_vdd1v0 
CLKBUFX2          83   141.930      9.757    fast_vdd1v0 
CLKINVX1           9     9.234      0.427    fast_vdd1v0 
CLKINVX2           1     1.368      0.085    fast_vdd1v0 
CLKINVX3           1     1.710      0.126    fast_vdd1v0 
CLKXOR2X1         19    51.984      3.420    fast_vdd1v0 
INVX1             56    38.304      2.559    fast_vdd1v0 
INVX2              5     5.130      0.414    fast_vdd1v0 
INVX3              1     1.368      0.134    fast_vdd1v0 
INVXL            487   333.108     16.696    fast_vdd1v0 
MX2XL              1     2.394      0.144    fast_vdd1v0 
MXI2XL            70   167.580      7.606    fast_vdd1v0 
NAND2BX1          87   119.016      8.932    fast_vdd1v0 
NAND2BX2           4     9.576      0.622    fast_vdd1v0 
NAND2BXL         107   146.376      8.685    fast_vdd1v0 
NAND2X1          233   239.058     16.424    fast_vdd1v0 
NAND2X2           22    37.620      2.885    fast_vdd1v0 
NAND2XL          218   223.668     10.286    fast_vdd1v0 
NAND3BX1           3     6.156      0.395    fast_vdd1v0 
NAND3BX2           2     6.156      0.435    fast_vdd1v0 
NAND3BX4           1     5.130      0.393    fast_vdd1v0 
NAND3BXL          52    88.920      4.899    fast_vdd1v0 
NAND3X1           13    22.230      1.097    fast_vdd1v0 
NAND3X2            2     5.472      0.337    fast_vdd1v0 
NAND3XL            7    11.970      0.385    fast_vdd1v0 
NAND4BBX2          1     5.472      0.280    fast_vdd1v0 
NAND4BBXL          3     9.234      0.398    fast_vdd1v0 
NAND4BX1           7    16.758      0.991    fast_vdd1v0 
NAND4BX2           1     4.446      0.270    fast_vdd1v0 
NAND4BXL           1     2.394      0.107    fast_vdd1v0 
NAND4X1            1     2.052      0.100    fast_vdd1v0 
NAND4X2            1     3.762      0.195    fast_vdd1v0 
NAND4XL           18    30.780      1.156    fast_vdd1v0 
NOR2BX1          160   218.880     16.376    fast_vdd1v0 
NOR2BX2           10    27.360      1.596    fast_vdd1v0 
NOR2BX4            1     3.762      0.269    fast_vdd1v0 
NOR2BXL            1     1.710      0.076    fast_vdd1v0 
NOR2X1           125   128.250      8.338    fast_vdd1v0 
NOR2X2             8    13.680      1.008    fast_vdd1v0 
NOR2X4             4    12.312      1.086    fast_vdd1v0 
NOR2XL           179   183.654      8.063    fast_vdd1v0 
NOR3BX1           10    20.520      1.131    fast_vdd1v0 
NOR3BX2            1     3.420      0.203    fast_vdd1v0 
NOR3BXL            9    18.468      0.798    fast_vdd1v0 
NOR3X1             5     8.550      0.342    fast_vdd1v0 
NOR3X2             1     2.736      0.162    fast_vdd1v0 
NOR3XL             3     5.130      0.146    fast_vdd1v0 
NOR4BBX1           7    19.152      1.143    fast_vdd1v0 
NOR4BBX2           1     5.130      0.262    fast_vdd1v0 
NOR4BX1           10    23.940      1.272    fast_vdd1v0 
NOR4X1            30    51.300      2.749    fast_vdd1v0 
NOR4X2             5    17.100      0.973    fast_vdd1v0 
NOR4X4             1     6.498      0.309    fast_vdd1v0 
OA21X1            71   145.692      7.918    fast_vdd1v0 
OAI211X1          22    37.620      2.622    fast_vdd1v0 
OAI211X2          13    53.352      2.996    fast_vdd1v0 
OAI211XL           1     2.052      0.081    fast_vdd1v0 
OAI21X1          231   395.010     23.694    fast_vdd1v0 
OAI21X2           11    33.858      2.093    fast_vdd1v0 
OAI21X4            1     4.788      0.397    fast_vdd1v0 
OAI21XL           53    90.630      3.456    fast_vdd1v0 
OAI221X1           3     7.182      0.459    fast_vdd1v0 
OAI222X1           2     5.472      0.335    fast_vdd1v0 
OAI22X1           15    30.780      1.931    fast_vdd1v0 
OAI22XL            8    16.416      0.659    fast_vdd1v0 
OAI2BB1X1         64   109.440      7.345    fast_vdd1v0 
OAI2BB1X2          3     9.234      0.559    fast_vdd1v0 
OAI31X1           29    59.508      3.419    fast_vdd1v0 
OAI31X2            1     3.762      0.220    fast_vdd1v0 
OAI31X4            1     6.840      0.469    fast_vdd1v0 
OAI32X1            2     4.788      0.275    fast_vdd1v0 
OR2X1             20    27.360      1.921    fast_vdd1v0 
OR2XL             28    38.304      2.311    fast_vdd1v0 
OR3XL              3     6.156      0.278    fast_vdd1v0 
OR4X1             11    22.572      1.266    fast_vdd1v0 
OR4XL              1     2.736      0.088    fast_vdd1v0 
XNOR2X1          804  1924.776    142.845    fast_vdd1v0 
XNOR3X1            1     7.524      0.381    fast_vdd1v0 
XNOR3XL            2    15.048      0.715    fast_vdd1v0 
XOR2XL           180   492.480     29.964    fast_vdd1v0 
XOR3X1             2    15.048      0.766    fast_vdd1v0 
XOR3XL             5    37.620      1.827    fast_vdd1v0 
---------------------------------------------------------
total           4563  9632.430    609.034                


                                           Leakage  Leakage 
     Type      Instances   Area   Area % Power (nW) Power % 
------------------------------------------------------------
inverter             560  390.222    4.1     20.441     3.4 
buffer                84  143.640    1.5      9.876     1.6 
logic               3919 9098.568   94.5    578.718    95.0 
physical_cells         0    0.000    0.0      0.000     0.0 
------------------------------------------------------------
total               4563 9632.430  100.0    609.034   100.0 

