============================================================
  Generated by:           Genus(TM) Synthesis Solution 17.22-s017_1
  Generated on:           Feb 16 2023  01:09:36 am
  Module:                 pp_tree16x64
  Operating conditions:   PVT_1P1V_0C (balanced_tree)
  Wireload mode:          enclosed
  Area mode:              timing library
============================================================


Path 1: VIOLATED (-265 ps) Late External Delay Assertion at pin CARRY[63]
          Group: I2O
     Startpoint: (R) P2[3]
          Clock: (R) VCLK
       Endpoint: (F) CARRY[63]
          Clock: (R) VCLK

                     Capture       Launch     
        Clock Edge:+    1300            0     
       Src Latency:+       0            0     
       Net Latency:+       0 (I)        0 (I) 
           Arrival:=    1300            0     
                                              
      Output Delay:-     133                  
     Required Time:=    1167                  
      Launch Clock:-       0                  
       Input Delay:-     533                  
         Data Path:-     898                  
             Slack:=    -265                  

Exceptions/Constraints:
  input_delay              533             counter.sdc_line_11_188_1  
  output_delay             133             counter.sdc_line_14_2237_1 

#----------------------------------------------------------------------------------------
# Timing Point   Flags    Arc   Edge   Cell     Fanout Load Trans Delay Arrival Instance 
#                                                      (fF)  (ps)  (ps)   (ps)  Location 
#----------------------------------------------------------------------------------------
  P2[3]          -       -      R     (arrival)      9  9.5     0     0     533    (-,-) 
  g138641/Y      -       A->Y   F     CLKINVX8       1  1.7     4     6     539    (-,-) 
  g138640/Y      -       B->Y   R     NOR2X4         1  0.9     8     9     548    (-,-) 
  g138602/Y      -       A->Y   F     NOR2X2         1  0.4     7    10     558    (-,-) 
  g143110/Y      -       B->Y   R     NAND2BX1       2  0.8    11    10     568    (-,-) 
  g125881/Y      -       B->Y   F     NAND2X1        1  0.8    17    16     583    (-,-) 
  g140992/Y      -       C->Y   R     NOR3X2         1  1.0    24    19     603    (-,-) 
  g137341/Y      -       A->Y   F     NAND2X2        4  1.0    15    19     622    (-,-) 
  g133241/Y      -       B->Y   R     NAND2X1        3  0.9    13    12     634    (-,-) 
  g143205/Y      -       C->Y   F     NAND3BXL       1  0.2    20    18     652    (-,-) 
  g138226/Y      -       B->Y   R     NAND2XL        2  0.8    15    16     668    (-,-) 
  g138225/Y      -       A->Y   F     INVX1          3  1.1    11    12     680    (-,-) 
  g132926/Y      -       B->Y   R     NOR2X1         2  0.8    17    15     696    (-,-) 
  g138915/Y      -       A1->Y  F     OAI21X1        2  0.9    22    21     716    (-,-) 
  g138914/Y      -       B->Y   R     NAND2X1        2  1.1    14    15     732    (-,-) 
  g138970/Y      -       C->Y   F     XOR3X1         3  0.9    13    39     771    (-,-) 
  g140851/Y      -       S0->Y  F     MXI2XL         1  0.2    18    19     790    (-,-) 
  g139253/Y      -       B->Y   R     NOR2XL         2  0.6    20    19     809    (-,-) 
  g209/Y         -       B->Y   F     NOR2XL         1  0.4    12    13     822    (-,-) 
  g137673/Y      -       A->Y   R     NAND2X1        1  0.5     9    11     834    (-,-) 
  g133187/Y      -       B->Y   F     NOR2X1         1  0.5    10     9     843    (-,-) 
  g141651/Y      -       B0->Y  R     AOI2BB1X1      2  0.6    15    16     859    (-,-) 
  g141650/Y      -       AN->Y  R     NAND2BXL       1  0.5    11    18     877    (-,-) 
  g138088/Y      -       B->Y   F     NAND2X1        2  0.6    14    15     891    (-,-) 
  g138085/Y      -       B->Y   R     NAND2X1        2  0.8    11    12     903    (-,-) 
  g125233/Y      -       B->Y   F     NAND2X1        1  0.4    12    13     916    (-,-) 
  g520/Y         -       A1->Y  R     AOI21X1        3  0.9    22    20     936    (-,-) 
  g519/Y         -       A0N->Y R     AOI2BB1XL      1  0.3    14    23     959    (-,-) 
  g139877/Y      -       A1N->Y R     OAI2BB1X1      1  0.9    11    28     987    (-,-) 
  g127891/Y      -       B->Y   F     NAND2X2        4  1.0    14    14    1001    (-,-) 
  g129640/Y      -       B->Y   R     NAND2X1        1  0.5     9    10    1012    (-,-) 
  g129675/Y      -       B->Y   F     NOR2X1         1  0.4     8     8    1020    (-,-) 
  g129674/Y      -       B->Y   R     NOR2X1         1  0.9    18    15    1035    (-,-) 
  g127900/Y      -       B->Y   F     NAND2X2        3  1.2    16    17    1052    (-,-) 
  g123366/Y      -       B->Y   R     NAND2XL        2  0.6    12    13    1066    (-,-) 
  g118694/Y      -       A->Y   F     INVXL          2  0.6     9    11    1076    (-,-) 
  g142499/Y      -       B->Y   R     NAND2X1        3  0.9    12    10    1087    (-,-) 
  g140899/Y      -       B->Y   F     NAND2XL        3  0.8    23    19    1106    (-,-) 
  g140901/Y      -       A1N->Y F     OAI2BB1XL      2  0.7    21    26    1132    (-,-) 
  g140900/Y      -       B->Y   R     XNOR2XL        1  0.5     9    34    1166    (-,-) 
  g17/Y          -       B->Y   F     NAND2X1        2  0.6    15    14    1179    (-,-) 
  g16/Y          -       B->Y   R     NAND2X1        1  1.0    12    13    1192    (-,-) 
  g140074/Y      -       B->Y   F     NOR2X2         3  0.9     9    10    1202    (-,-) 
  g140072/Y      -       B->Y   R     NOR2BX1        2  0.6    14    13    1215    (-,-) 
  g140606/Y      -       A0N->Y R     OAI2BB1XL      1  0.3    10    24    1239    (-,-) 
  g141442/Y      -       B->Y   F     NAND2XL        1  0.4    15    14    1253    (-,-) 
  g141439/Y      -       B->Y   R     NAND2X1        2  0.8    10    12    1265    (-,-) 
  g141438/Y      -       B->Y   F     NAND2X1        1  0.8    17    16    1281    (-,-) 
  g133886/Y      -       B->Y   R     NAND2X2        1  1.0     9    11    1292    (-,-) 
  g133885/Y      -       B->Y   F     NOR2X2         2  1.3    11    10    1302    (-,-) 
  g124186/Y      -       A->Y   R     INVX1          1  0.9     9    10    1312    (-,-) 
  g141237/Y      -       A->Y   F     NOR2X2         1  0.8     8    10    1322    (-,-) 
  g141232/Y      -       B->Y   R     NOR2X2         1  0.9    15    12    1334    (-,-) 
  g139445/Y      -       A1->Y  F     AOI21X2        2  1.1    19    20    1354    (-,-) 
  g131468/Y      -       A1->Y  R     OAI21X2        5  1.5    22    21    1375    (-,-) 
  g193_dup197/Y  -       A1N->Y R     OAI2BB1XL      1  0.3     9    24    1399    (-,-) 
  g131027/Y      -       A1N->Y R     OAI2BB1XL      1  0.3     9    22    1421    (-,-) 
  g130366/Y      -       A->Y   F     NAND2XL        1  0.0     8    11    1432    (-,-) 
  CARRY[63]      -       -      F     (port)         -    -     -     0    1432    (-,-) 
#----------------------------------------------------------------------------------------

