============================================================
  Generated by:           Genus(TM) Synthesis Solution 17.22-s017_1
  Generated on:           Feb 16 2023  12:51:36 am
  Module:                 pp_tree16x64
  Operating conditions:   PVT_1P1V_0C (balanced_tree)
  Wireload mode:          enclosed
  Area mode:              timing library
============================================================


Path 1: VIOLATED (-952 ps) Late External Delay Assertion at pin CARRY[63]
          Group: I2O
     Startpoint: (R) P4[1]
          Clock: (R) VCLK
       Endpoint: (F) CARRY[63]
          Clock: (R) VCLK

                     Capture       Launch     
        Clock Edge:+    1300            0     
       Src Latency:+       0            0     
       Net Latency:+       0 (I)        0 (I) 
           Arrival:=    1300            0     
                                              
      Output Delay:-     133                  
     Required Time:=    1167                  
      Launch Clock:-       0                  
       Input Delay:-     533                  
         Data Path:-    1586                  
             Slack:=    -952                  

Exceptions/Constraints:
  input_delay              533             counter.sdc_line_11_318_1  
  output_delay             133             counter.sdc_line_14_2237_1 

#------------------------------------------------------------------------------------------
#  Timing Point    Flags    Arc   Edge   Cell     Fanout Load Trans Delay Arrival Instance 
#                                                        (fF)  (ps)  (ps)   (ps)  Location 
#------------------------------------------------------------------------------------------
  P4[1]            -       -      R     (arrival)      1  1.6     0     0     533    (-,-) 
  g108096/S        -       A->S   F     ADDFHXL        3  1.5    17    60     594    (-,-) 
  g107914/Y        -       A->Y   R     INVXL          1  0.3     7    11     604    (-,-) 
  g107768/Y        -       B->Y   F     NAND2BXL       1  0.4    15    13     618    (-,-) 
  g107278/Y        -       B->Y   R     NAND2X1        1  0.9    12    12     630    (-,-) 
  g107155/Y        -       B->Y   F     NAND2X2        3  1.5    17    16     646    (-,-) 
  g107002/Y        -       B->Y   R     NAND2X2        1  0.9     9    11     656    (-,-) 
  g106953/Y        -       B->Y   F     NAND2X2        3  1.5    17    15     672    (-,-) 
  g106924/Y        -       B->Y   R     NAND2X2        1  0.9     8    11     682    (-,-) 
  g106899/Y        -       B->Y   F     NAND2X2        2  1.1    14    14     696    (-,-) 
  g106879/Y        -       B->Y   R     NAND2X1        1  0.5     8    11     707    (-,-) 
  g106860/Y        -       B->Y   F     NAND2X1        2  0.7    15    14     721    (-,-) 
  g106837/Y        -       B->Y   R     NAND2X1        1  0.5     8    11     732    (-,-) 
  g106816/Y        -       B->Y   F     NAND2X1        2  0.5    13    13     745    (-,-) 
  g106808/Y        -       B->Y   R     NAND2XL        1  0.5    11    12     756    (-,-) 
  g106782/Y        -       B->Y   F     NAND2X1        2  0.5    13    14     770    (-,-) 
  g106767/Y        -       B->Y   R     NAND2XL        1  0.5    11    12     782    (-,-) 
  g106748/Y        -       B->Y   F     NAND2X1        3  1.0    19    17     799    (-,-) 
  g106709/Y        -       A1->Y  R     AOI21X1        2  0.6    19    20     818    (-,-) 
  g106662/Y        -       A1N->Y R     AOI2BB1X1      2  1.3    24    28     846    (-,-) 
  g106630/Y        -       B->Y   F     NOR2BX2        1  0.8     9    13     859    (-,-) 
  g106614/Y        -       B->Y   R     NOR2X2         3  1.1    14    13     872    (-,-) 
  g106580/Y        -       B->Y   F     NOR2X1         1  0.4     9    10     882    (-,-) 
  g106562/Y        -       B->Y   R     NOR2X1         2  1.6    28    20     903    (-,-) 
  g106545/Y        -       B->Y   F     NOR2BX2        2  1.1    11    14     917    (-,-) 
  g106464/Y        -       B0->Y  R     OAI21X2        2  1.2    20    10     927    (-,-) 
  g106440/Y        -       D->Y   F     NAND4X2        3  0.8    35    28     955    (-,-) 
  g106367/Y        -       C1->Y  R     AOI222X1       1  1.0    51    41     996    (-,-) 
  fopt108280/Y     -       A->Y   F     INVX2          2  1.1    15    20    1016    (-,-) 
  g106309/Y        -       C0->Y  R     OAI211X2       1  0.5    20    10    1026    (-,-) 
  g106286/Y        -       B0->Y  F     OAI2BB1X1      2  0.6    16    19    1045    (-,-) 
  g106250/Y        -       D->Y   F     AND4XL         1  0.8    12    22    1068    (-,-) 
  g106214/Y        -       C0->Y  R     AOI221X2       2  0.6    28    23    1091    (-,-) 
  g106141/Y        -       AN->Y  R     NAND2BX1       2  0.8    11    22    1112    (-,-) 
  g106067/Y        -       A2->Y  F     AOI31X1        1  0.7    32    28    1140    (-,-) 
  g105897/CO       -       CI->CO F     ADDFX1         2  1.1    14    49    1190    (-,-) 
  fopt108444/Y     -       A->Y   F     CLKBUFX2       2  0.7     6    23    1213    (-,-) 
  g105856/Y        -       B->Y   R     NAND2X1        1  0.6    11     9    1221    (-,-) 
  g105704/Y        -       B->Y   F     XNOR2X1        1  1.0    11    33    1254    (-,-) 
  g105426/S        -       A->S   R     ADDFX1         3  1.4    15    67    1321    (-,-) 
  g105390/Y        -       B->Y   F     NOR2BX1        3  1.4    15    14    1335    (-,-) 
  g105195__1786/Y  -       B->Y   R     NOR4X1         3  1.3    55    49    1384    (-,-) 
  g105118__7675/Y  -       A2->Y  F     AOI32X1        1  0.4    44    46    1431    (-,-) 
  g105071__1474/Y  -       B1->Y  R     OAI22X1        2  0.8    33    28    1458    (-,-) 
  g105012__2900/Y  -       D->Y   F     NAND4BBXL      1  0.4    40    34    1493    (-,-) 
  g104620__5266/Y  -       B0->Y  R     OAI211X1       1  0.9    29    22    1515    (-,-) 
  g104577__2391/Y  -       C1->Y  F     AOI222X2       2  1.3    43    23    1538    (-,-) 
  g104539__1309/Y  -       B->Y   R     NOR2BX2        1  0.7    17    21    1558    (-,-) 
  g104432__5703/CO -       CI->CO R     ADDFX1         1  0.8    11    40    1598    (-,-) 
  g104366__5703/CO -       B->CO  R     ADDHX1         1  0.7     8    26    1625    (-,-) 
  g104327__6877/CO -       CI->CO R     ADDFX1         2  1.3    14    40    1665    (-,-) 
  g104305__8757/Y  -       B1->Y  F     AOI22X1        2  0.9    32    19    1684    (-,-) 
  fopt108300/Y     -       A->Y   R     CLKINVX1       2  0.8    12    16    1700    (-,-) 
  g104288__1786/Y  -       C0->Y  F     OAI211X1       1  0.4    28    25    1725    (-,-) 
  g104280__1857/Y  -       B0->Y  R     OAI2BB1X1      3  1.4    18    19    1744    (-,-) 
  g104273/Y        -       A->Y   F     INVXL          1  0.4     8    12    1756    (-,-) 
  g104253__1857/Y  -       A1->Y  R     OAI21X1        1  0.8    24    18    1774    (-,-) 
  g104221__1786/CO -       B->CO  R     ADDHX1         2  1.1    11    30    1805    (-,-) 
  g104213__1840/Y  -       B1->Y  F     AOI22X1        2  0.9    34    18    1822    (-,-) 
  g104195__7114/Y  -       B->Y   R     NOR2BX1        1  0.7    19    22    1845    (-,-) 
  g104152__9906/CO -       CI->CO R     ADDFX1         1  0.8    11    40    1885    (-,-) 
  g104133__2250/CO -       B->CO  R     ADDHX1         1  0.7     8    26    1912    (-,-) 
  g104117__5953/CO -       CI->CO R     ADDFX1         1  0.6    10    37    1949    (-,-) 
  g104110__7675/Y  -       B->Y   F     XOR2XL         1  1.4    18    38    1988    (-,-) 
  g104078__6877/S  -       B->S   R     ADDFHXL        3  1.4    16    65    2052    (-,-) 
  g104077__2683/Y  -       B->Y   F     NAND2BX1       2  0.7    16    17    2069    (-,-) 
  g103938__4296/Y  -       A1->Y  R     AOI32X1        1  0.3    23    26    2095    (-,-) 
  g103928__8780/Y  -       C0->Y  F     OAI211XL       1  0.0    21    24    2119    (-,-) 
  CARRY[63]        -       -      F     (port)         -    -     -     0    2119    (-,-) 
#------------------------------------------------------------------------------------------

