============================================================
  Generated by:           Genus(TM) Synthesis Solution 17.22-s017_1
  Generated on:           Feb 26 2023  08:01:47 am
  Module:                 booth16x16_top
  Operating conditions:   PVT_1P1V_0C (balanced_tree)
  Wireload mode:          enclosed
  Area mode:              timing library
============================================================

Timing
--------

Clock Period 
-------------
VCLK  1300.0 


  Cost    Critical         Violating 
 Group   Path Slack  TNS     Paths   
-------------------------------------
C2C        No paths   0.0            
C2O        No paths   0.0            
default    No paths   0.0            
I2C        No paths   0.0            
I2O             0.0   0.0          0 
VCLK       No paths   0.0            
-------------------------------------
Total                 0.0          0 

Instance Count
--------------
Leaf Instance Count             1547 
Physical Instance count            0 
Sequential Instance Count          1 
Combinational Instance Count    1546 
Hierarchical Instance Count        0 

Area
----
Cell Area                          2674.166
Physical Cell Area                 0.000
Total Cell Area (Cell+Physical)    2674.166
Net Area                           0.000
Total Area (Cell+Physical+Net)     2674.166

Runtime                            0.0 seconds
Elapsed Runtime                    215 seconds
Genus peak memory usage            719.86 
Innovus peak memory usage          no_value 
Hostname                           compute-srv5.atme.in
