

Working Directory = /home/sgeuser114/Desktop/venkat/singleCycleProcessor/multi_16x16/work
QoS Summary for booth16x16_top
==========================================================================================
Metric                          generic         map             syn_opt         final          
==========================================================================================
Slack (ps):                      -242               0               0               0
  R2R (ps):                  no_value        no_value        no_value        no_value
  I2R (ps):                  no_value        no_value        no_value        no_value
  R2O (ps):                  no_value        no_value        no_value        no_value
  I2O (ps):                      -242               0               0               0
  CG  (ps):                  no_value        no_value        no_value        no_value
TNS (ps):                       2,769               0               0               0
  R2R (ps):                  no_value        no_value        no_value        no_value
  I2R (ps):                  no_value        no_value        no_value        no_value
  R2O (ps):                  no_value        no_value        no_value        no_value
  I2O (ps):                     2,769               0               0               0
  CG  (ps):                  no_value        no_value        no_value        no_value
Failing Paths:                     19               0               0               0
Cell Area:                      7,829           2,836           2,674           2,674
Total Cell Area:                7,829           2,836           2,674           2,674
Leaf Instances:                 2,932           1,773           1,547           1,547
Total Instances:                2,932           1,773           1,547           1,547
Utilization (%):                 0.00            0.00            0.00            0.00
Tot. Net Length (um):        no_value        no_value        no_value        no_value
Avg. Net Length (um):        no_value        no_value        no_value        no_value
Route Overflow H (%):        no_value        no_value        no_value        no_value
Route Overflow V (%):        no_value        no_value        no_value        no_value
MBCI(%) (bits/gate) :            0.00            0.00            0.00            0.00
Norm Cong Hotspot Area:
  Max Cong:                  no_value        no_value        no_value        no_value
  Tot Cong:                  no_value        no_value        no_value        no_value
==========================================================================================
CPU  Runtime (h:m:s):        00:02:10        00:00:35        00:00:06        00:00:00
Real Runtime (h:m:s):        00:02:46        00:00:31        00:00:08        00:00:02
CPU  Elapsed (h:m:s):        00:02:17        00:02:52        00:02:58        00:02:58
Real Elapsed (h:m:s):        00:02:48        00:03:19        00:03:27        00:03:29
Memory (MB):                   726.22          724.86          719.86          719.86
==========================================================================================
==========================================================================================
Flow Settings:
==========================================================================================
Total Runtime (h:m:s): 00:07:46
Total Memory (MB):     719.86
Executable Version:    17.22-s017_1
==========================================================================================
Total Cell Area =  Cell Area + Physical Cell Area
Total Instances =  Leaf Instances + Physical Instances


