============================================================
  Generated by:           Genus(TM) Synthesis Solution 17.22-s017_1
  Generated on:           Feb 26 2023  07:22:36 am
  Module:                 booth16x16_top
  Operating conditions:   PVT_1P1V_0C (balanced_tree)
  Wireload mode:          enclosed
  Area mode:              timing library
============================================================

                                 Leakage  
   Gate    Instances    Area   Power (nW)     Library    
---------------------------------------------------------
ADDFX1            15    76.950      4.973    fast_vdd1v0 
ADDHX1             7    26.334      1.865    fast_vdd1v0 
AND2X1             5     6.840      0.447    fast_vdd1v0 
AND2XL            21    28.728      1.599    fast_vdd1v0 
AND3XL             5    10.260      0.404    fast_vdd1v0 
AO21X1             1     2.394      0.117    fast_vdd1v0 
AO21XL             1     2.394      0.099    fast_vdd1v0 
AOI21X1           73   124.830      7.924    fast_vdd1v0 
AOI21X2            2     5.472      0.392    fast_vdd1v0 
AOI21XL           14    23.940      0.965    fast_vdd1v0 
AOI221X1           5    11.970      0.871    fast_vdd1v0 
AOI222X1          11    33.858      2.129    fast_vdd1v0 
AOI22X1           48    98.496      6.317    fast_vdd1v0 
AOI22XL           17    34.884      1.544    fast_vdd1v0 
AOI2BB1X1         16    32.832      2.020    fast_vdd1v0 
AOI2BB1XL          9    18.468      0.958    fast_vdd1v0 
AOI31X1            3     6.156      0.408    fast_vdd1v0 
AOI32X1            2     4.788      0.292    fast_vdd1v0 
BUFX2              1     1.710      0.119    fast_vdd1v0 
BUFX3              1     2.052      0.172    fast_vdd1v0 
CLKBUFX2           6    10.260      0.702    fast_vdd1v0 
CLKXOR2X1         12    32.832      2.192    fast_vdd1v0 
INVX1             95    64.980      4.344    fast_vdd1v0 
INVX2             13    13.338      1.075    fast_vdd1v0 
INVX3              2     2.736      0.247    fast_vdd1v0 
INVXL             87    59.508      2.907    fast_vdd1v0 
MXI2X1             3     8.208      0.434    fast_vdd1v0 
MXI2XL            61   146.034      6.695    fast_vdd1v0 
NAND2BX1          15    20.520      1.524    fast_vdd1v0 
NAND2BX2           1     2.394      0.171    fast_vdd1v0 
NAND2BXL          26    35.568      2.144    fast_vdd1v0 
NAND2X1           73    74.898      5.129    fast_vdd1v0 
NAND2X2           15    25.650      1.980    fast_vdd1v0 
NAND2X4            1     3.146      0.232    fast_vdd1v0 
NAND2XL           90    92.340      4.220    fast_vdd1v0 
NAND3BXL          10    17.100      0.956    fast_vdd1v0 
NAND3X1            6    10.260      0.536    fast_vdd1v0 
NAND4XL            3     5.130      0.194    fast_vdd1v0 
NOR2BX1           31    42.408      3.193    fast_vdd1v0 
NOR2BX2            1     2.736      0.193    fast_vdd1v0 
NOR2BXL            1     1.710      0.073    fast_vdd1v0 
NOR2X1            61    62.586      4.259    fast_vdd1v0 
NOR2X2            17    29.070      2.188    fast_vdd1v0 
NOR2X4             3     9.234      0.830    fast_vdd1v0 
NOR2X6             1     4.104      0.372    fast_vdd1v0 
NOR2XL            90    92.340      4.323    fast_vdd1v0 
NOR3BXL            3     6.156      0.313    fast_vdd1v0 
NOR3X1             1     1.710      0.081    fast_vdd1v0 
NOR3X2             2     5.472      0.291    fast_vdd1v0 
NOR3X4             2    10.260      0.611    fast_vdd1v0 
NOR3XL             1     1.710      0.045    fast_vdd1v0 
NOR4X1             1     1.710      0.143    fast_vdd1v0 
OA21X1             6    12.312      0.664    fast_vdd1v0 
OA21XL             1     2.736      0.098    fast_vdd1v0 
OA22X1             1     2.394      0.125    fast_vdd1v0 
OAI211X1           6    10.260      0.731    fast_vdd1v0 
OAI21X1           48    82.080      4.472    fast_vdd1v0 
OAI21X2            2     6.156      0.346    fast_vdd1v0 
OAI21XL           40    68.400      2.475    fast_vdd1v0 
OAI221X1          32    76.608      4.432    fast_vdd1v0 
OAI222X1           2     5.472      0.323    fast_vdd1v0 
OAI222XL           7    19.152      0.742    fast_vdd1v0 
OAI22X1           18    36.936      2.115    fast_vdd1v0 
OAI22XL           34    69.768      2.592    fast_vdd1v0 
OAI2BB1X1         82   140.220      9.389    fast_vdd1v0 
OAI31X1           12    24.624      1.601    fast_vdd1v0 
OAI31XL            1     2.394      0.079    fast_vdd1v0 
OAI32X1            3     7.182      0.393    fast_vdd1v0 
OR2X1              2     2.736      0.195    fast_vdd1v0 
OR2XL             22    30.096      1.943    fast_vdd1v0 
OR3XL              1     2.052      0.105    fast_vdd1v0 
TLATXL             1     5.472      0.273    fast_vdd1v0 
XNOR2X1          159   380.646     28.831    fast_vdd1v0 
XNOR2X2            1     3.078      0.244    fast_vdd1v0 
XNOR2XL           14    38.304      2.331    fast_vdd1v0 
XNOR3X1            1     7.524      0.385    fast_vdd1v0 
XNOR3XL            1     7.524      0.374    fast_vdd1v0 
XOR2XL            55   150.480      9.228    fast_vdd1v0 
XOR3XL             4    30.096      1.468    fast_vdd1v0 
---------------------------------------------------------
total           1547  2674.166    162.166                


                                           Leakage  Leakage 
     Type      Instances   Area   Area % Power (nW) Power % 
------------------------------------------------------------
sequential             1    5.472    0.2      0.273     0.2 
inverter             197  140.562    5.3      8.572     5.3 
buffer                 8   14.022    0.5      0.992     0.6 
logic               1341 2514.110   94.0    152.329    93.9 
physical_cells         0    0.000    0.0      0.000     0.0 
------------------------------------------------------------
total               1547 2674.166  100.0    162.166   100.0 

