============================================================
  Generated by:           Genus(TM) Synthesis Solution 17.22-s017_1
  Generated on:           Feb 26 2023  07:21:53 am
  Module:                 booth16x16_top
  Operating conditions:   PVT_1P1V_0C (balanced_tree)
  Wireload mode:          enclosed
  Area mode:              timing library
============================================================

Timing
--------

Clock Period 
-------------
VCLK  1300.0 


  Cost    Critical             Violating 
 Group   Path Slack    TNS       Paths   
-----------------------------------------
C2C        No paths       0.0            
C2O        No paths       0.0            
default    No paths       0.0            
I2C        No paths       0.0            
I2O          -242.1   -2769.2         19 
VCLK       No paths       0.0            
-----------------------------------------
Total                 -2769.2         19 

Instance Count
--------------
Leaf Instance Count             2932 
Physical Instance count            0 
Sequential Instance Count          1 
Combinational Instance Count    2931 
Hierarchical Instance Count        0 

Area
----
Cell Area                          7829.057
Physical Cell Area                 0.000
Total Cell Area (Cell+Physical)    7829.057
Net Area                           0.000
Total Area (Cell+Physical+Net)     7829.057

Runtime                            0.0 seconds
Elapsed Runtime                    197 seconds
Genus peak memory usage            716.88 
Innovus peak memory usage          no_value 
Hostname                           compute-srv5.atme.in
