============================================================
  Generated by:           Genus(TM) Synthesis Solution 17.22-s017_1
  Generated on:           Feb 21 2023  11:12:44 pm
  Module:                 pp_tree16x64
  Operating conditions:   PVT_1P1V_0C (balanced_tree)
  Wireload mode:          enclosed
  Area mode:              timing library
============================================================

Timing
--------

Clock Period 
-------------
VCLK  1300.0 


  Cost    Critical         Violating 
 Group   Path Slack  TNS     Paths   
-------------------------------------
default    No paths   0.0            
I2O           200.8   0.0          0 
VCLK       No paths   0.0            
-------------------------------------
Total                 0.0          0 

Instance Count
--------------
Leaf Instance Count             8848 
Physical Instance count            0 
Sequential Instance Count          0 
Combinational Instance Count    8848 
Hierarchical Instance Count        0 

Area
----
Cell Area                          23609.959
Physical Cell Area                 0.000
Total Cell Area (Cell+Physical)    23609.959
Net Area                           0.000
Total Area (Cell+Physical+Net)     23609.959

Runtime                            0.0 seconds
Elapsed Runtime                    65 seconds
Genus peak memory usage            922.14 
Innovus peak memory usage          no_value 
Hostname                           compute-srv5.atme.in
