============================================================
  Generated by:           Genus(TM) Synthesis Solution 17.22-s017_1
  Generated on:           Mar 01 2023  01:11:00 am
  Module:                 booth_multiplier_top
  Operating conditions:   PVT_1P1V_0C (balanced_tree)
  Wireload mode:          enclosed
  Area mode:              timing library
============================================================

Timing
--------

Clock Period 
-------------
VCLK  1300.0 


  Cost    Critical         Violating 
 Group   Path Slack  TNS     Paths   
-------------------------------------
default    No paths   0.0            
I2O        No paths   0.0            
VCLK       No paths   0.0            
-------------------------------------
Total                 0.0          0 

Instance Count
--------------
Leaf Instance Count             125 
Physical Instance count           0 
Sequential Instance Count         0 
Combinational Instance Count    125 
Hierarchical Instance Count       0 

Area
----
Cell Area                          214.092
Physical Cell Area                 0.000
Total Cell Area (Cell+Physical)    214.092
Net Area                           0.000
Total Area (Cell+Physical+Net)     214.092

Runtime                            0.0 seconds
Elapsed Runtime                    50 seconds
Genus peak memory usage            717.61 
Innovus peak memory usage          no_value 
Hostname                           compute-srv5.atme.in
