============================================================
  Generated by:           Genus(TM) Synthesis Solution 17.22-s017_1
  Generated on:           Feb 22 2023  02:36:34 am
  Module:                 pp_tree16x64
  Operating conditions:   PVT_1P1V_0C (balanced_tree)
  Wireload mode:          enclosed
  Area mode:              timing library
============================================================

Timing
--------

Clock Period 
-------------
VCLK  1300.0 


  Cost    Critical         Violating 
 Group   Path Slack  TNS     Paths   
-------------------------------------
default    No paths   0.0            
I2O           134.7   0.0          0 
VCLK       No paths   0.0            
-------------------------------------
Total                 0.0          0 

Instance Count
--------------
Leaf Instance Count             8818 
Physical Instance count            0 
Sequential Instance Count          0 
Combinational Instance Count    8818 
Hierarchical Instance Count        0 

Area
----
Cell Area                          23537.887
Physical Cell Area                 0.000
Total Cell Area (Cell+Physical)    23537.887
Net Area                           0.000
Total Area (Cell+Physical+Net)     23537.887

Runtime                            0.0 seconds
Elapsed Runtime                    251 seconds
Genus peak memory usage            956.08 
Innovus peak memory usage          no_value 
Hostname                           compute-srv5.atme.in
