

Working Directory = /home/sgeuser114/Desktop/venkat/singleCycleProcessor/PPGen/work
QoS Summary for booth_radix4_multiplier
==========================================================================================
Metric                          generic         map             syn_opt         final          
==========================================================================================
Slack (ps):                       294             121             128             128
  R2R (ps):                  no_value        no_value        no_value        no_value
  I2R (ps):                  no_value        no_value        no_value        no_value
  R2O (ps):                  no_value        no_value        no_value        no_value
  I2O (ps):                       294             121             128             128
  CG  (ps):                  no_value        no_value        no_value        no_value
TNS (ps):                           0               0               0               0
  R2R (ps):                  no_value        no_value        no_value        no_value
  I2R (ps):                  no_value        no_value        no_value        no_value
  R2O (ps):                  no_value        no_value        no_value        no_value
  I2O (ps):                         0               0               0               0
  CG  (ps):                  no_value        no_value        no_value        no_value
Failing Paths:                      0               0               0               0
Cell Area:                     19,497           5,728           5,262           5,262
Total Cell Area:               19,497           5,728           5,262           5,262
Leaf Instances:                 7,312           3,646           2,828           2,828
Total Instances:                7,312           3,646           2,828           2,828
Utilization (%):                 0.00            0.00            0.00            0.00
Tot. Net Length (um):        no_value        no_value        no_value        no_value
Avg. Net Length (um):        no_value        no_value        no_value        no_value
Route Overflow H (%):        no_value        no_value        no_value        no_value
Route Overflow V (%):        no_value        no_value        no_value        no_value
MBCI(%) (bits/gate) :            0.00            0.00            0.00            0.00
Norm Cong Hotspot Area:
  Max Cong:                  no_value        no_value        no_value        no_value
  Tot Cong:                  no_value        no_value        no_value        no_value
==========================================================================================
CPU  Runtime (h:m:s):        00:01:29        00:01:17        00:00:08        00:00:00
Real Runtime (h:m:s):        00:01:38        00:00:58        00:00:11        00:00:03
CPU  Elapsed (h:m:s):        00:01:37        00:02:54        00:03:02        00:03:02
Real Elapsed (h:m:s):        00:01:40        00:02:38        00:02:49        00:02:52
Memory (MB):                   773.48          775.30          772.30          772.30
==========================================================================================
==========================================================================================
Flow Settings:
==========================================================================================
Total Runtime (h:m:s): 00:02:52
Total Memory (MB):     772.30
Executable Version:    17.22-s017_1
==========================================================================================
Total Cell Area =  Cell Area + Physical Cell Area
Total Instances =  Leaf Instances + Physical Instances


