============================================================
  Generated by:           Genus(TM) Synthesis Solution 17.22-s017_1
  Generated on:           Feb 27 2023  05:25:12 pm
  Module:                 booth_radix4_multiplier
  Operating conditions:   PVT_1P1V_0C (balanced_tree)
  Wireload mode:          enclosed
  Area mode:              timing library
============================================================

                                 Leakage  
   Gate    Instances    Area   Power (nW)     Library    
---------------------------------------------------------
ADDHX1            11    41.382      3.009    fast_vdd1v0 
AND2X1             1     1.368      0.089    fast_vdd1v0 
AO21XL           220   526.680     22.873    fast_vdd1v0 
AO22XL           465  1272.240     55.166    fast_vdd1v0 
AOI211XL           3     6.156      0.234    fast_vdd1v0 
AOI21X1            3     5.130      0.312    fast_vdd1v0 
AOI21XL           30    51.300      1.919    fast_vdd1v0 
AOI221X1           1     2.394      0.165    fast_vdd1v0 
AOI22X1           27    55.404      3.534    fast_vdd1v0 
AOI22XL            2     4.104      0.173    fast_vdd1v0 
AOI2BB1XL          3     6.156      0.356    fast_vdd1v0 
BUFX2             20    34.200      2.374    fast_vdd1v0 
INVX1            206   140.904      9.791    fast_vdd1v0 
INVXL            134    91.656      4.851    fast_vdd1v0 
NAND2BX1          68    93.024      7.080    fast_vdd1v0 
NAND2BXL          34    46.512      2.943    fast_vdd1v0 
NAND2X1          104   106.704      7.499    fast_vdd1v0 
NAND2XL           45    46.170      2.212    fast_vdd1v0 
NAND3BXL           5     8.550      0.443    fast_vdd1v0 
NAND4BX1          14    33.516      1.931    fast_vdd1v0 
NOR2BX1           96   131.328      9.565    fast_vdd1v0 
NOR2X1           221   226.746     18.387    fast_vdd1v0 
NOR2XL           111   113.886      6.117    fast_vdd1v0 
NOR3BX1           13    26.676      1.633    fast_vdd1v0 
NOR3X1            12    20.520      1.207    fast_vdd1v0 
NOR4BBX1           1     2.736      0.172    fast_vdd1v0 
NOR4BX1            6    14.364      0.940    fast_vdd1v0 
NOR4X1           106   181.260     14.587    fast_vdd1v0 
OA21X1            27    55.404      2.978    fast_vdd1v0 
OAI211X1           1     1.710      0.117    fast_vdd1v0 
OAI21X1          111   189.810     11.056    fast_vdd1v0 
OAI21XL           15    25.650      0.957    fast_vdd1v0 
OAI221X1         465  1113.210     71.011    fast_vdd1v0 
OAI222XL           1     2.736      0.108    fast_vdd1v0 
OAI2BB1X1         50    85.500      5.535    fast_vdd1v0 
OR2XL             21    28.728      1.976    fast_vdd1v0 
XNOR2X1           32    76.608      6.191    fast_vdd1v0 
XOR2XL           143   391.248     24.809    fast_vdd1v0 
---------------------------------------------------------
total           2828  5261.670    304.301                


                                           Leakage  Leakage 
     Type      Instances   Area   Area % Power (nW) Power % 
------------------------------------------------------------
inverter             340  232.560    4.4     14.641     4.8 
buffer                20   34.200    0.6      2.374     0.8 
logic               2468 4994.910   94.9    287.286    94.4 
physical_cells         0    0.000    0.0      0.000     0.0 
------------------------------------------------------------
total               2828 5261.670  100.0    304.301   100.0 

