============================================================
  Generated by:           Genus(TM) Synthesis Solution 17.22-s017_1
  Generated on:           Feb 27 2023  05:24:58 pm
  Module:                 booth_radix4_multiplier
  Operating conditions:   PVT_1P1V_0C (balanced_tree)
  Wireload mode:          enclosed
  Area mode:              timing library
============================================================

                                 Leakage  
   Gate    Instances    Area   Power (nW)     Library    
---------------------------------------------------------
ADDHX1            11    41.382      3.009    fast_vdd1v0 
AND2X1             1     1.368      0.089    fast_vdd1v0 
AND2XL            15    20.520      1.132    fast_vdd1v0 
AO22XL           465  1272.240     55.166    fast_vdd1v0 
AOI211XL           3     6.156      0.234    fast_vdd1v0 
AOI21X1            3     5.130      0.312    fast_vdd1v0 
AOI21XL          269   459.990     18.025    fast_vdd1v0 
AOI221X1           1     2.394      0.165    fast_vdd1v0 
AOI22X1           27    55.404      3.534    fast_vdd1v0 
AOI22XL            2     4.104      0.173    fast_vdd1v0 
AOI2BB1XL          3     6.156      0.356    fast_vdd1v0 
BUFX2             67   114.570      7.951    fast_vdd1v0 
CLKINVX4          18    30.780      3.003    fast_vdd1v0 
INVX1            257   175.788     12.148    fast_vdd1v0 
INVX2              2     2.052      0.170    fast_vdd1v0 
INVXL            807   551.988     30.220    fast_vdd1v0 
NAND2BX1          68    93.024      7.080    fast_vdd1v0 
NAND2BXL          16    21.888      1.360    fast_vdd1v0 
NAND2X1          104   106.704      7.499    fast_vdd1v0 
NAND2XL           45    46.170      2.212    fast_vdd1v0 
NAND3BXL           5     8.550      0.443    fast_vdd1v0 
NAND4BX1          14    33.516      1.931    fast_vdd1v0 
NOR2BX1           96   131.328      9.565    fast_vdd1v0 
NOR2X1           221   226.746     18.387    fast_vdd1v0 
NOR2XL           123   126.198      6.758    fast_vdd1v0 
NOR3BX1           13    26.676      1.633    fast_vdd1v0 
NOR3X1            12    20.520      1.207    fast_vdd1v0 
NOR4BBX1           1     2.736      0.172    fast_vdd1v0 
NOR4BX1            6    14.364      0.940    fast_vdd1v0 
NOR4X1           106   181.260     14.587    fast_vdd1v0 
OA21X1            96   196.992     10.481    fast_vdd1v0 
OAI211X1           1     1.710      0.117    fast_vdd1v0 
OAI21X1           15    25.650      1.553    fast_vdd1v0 
OAI21XL           15    25.650      0.957    fast_vdd1v0 
OAI221X1         465  1113.210     71.011    fast_vdd1v0 
OAI222XL           1     2.736      0.108    fast_vdd1v0 
OAI2BB1X1         61   104.310      7.313    fast_vdd1v0 
OR2XL             36    49.248      3.468    fast_vdd1v0 
XNOR2X1          175   418.950     31.426    fast_vdd1v0 
---------------------------------------------------------
total           3646  5728.158    335.896                


                                           Leakage  Leakage 
     Type      Instances   Area   Area % Power (nW) Power % 
------------------------------------------------------------
inverter            1084  760.608   13.3     45.541    13.6 
buffer                67  114.570    2.0      7.951     2.4 
logic               2495 4852.980   84.7    282.404    84.1 
physical_cells         0    0.000    0.0      0.000     0.0 
------------------------------------------------------------
total               3646 5728.158  100.0    335.896   100.0 

