============================================================
  Generated by:           Genus(TM) Synthesis Solution 17.22-s017_1
  Generated on:           Feb 26 2023  06:53:09 am
  Module:                 booth32x32_top
  Operating conditions:   PVT_1P1V_0C (balanced_tree)
  Wireload mode:          enclosed
  Area mode:              timing library
============================================================

No paths found

============================================================
  Generated by:           Genus(TM) Synthesis Solution 17.22-s017_1
  Generated on:           Feb 26 2023  06:53:09 am
  Module:                 booth32x32_top
  Operating conditions:   PVT_1P1V_0C (balanced_tree)
  Wireload mode:          enclosed
  Area mode:              timing library
============================================================

No paths found

============================================================
  Generated by:           Genus(TM) Synthesis Solution 17.22-s017_1
  Generated on:           Feb 26 2023  06:53:09 am
  Module:                 booth32x32_top
  Operating conditions:   PVT_1P1V_0C (balanced_tree)
  Wireload mode:          enclosed
  Area mode:              timing library
============================================================


Path 1: VIOLATED (-2291 ps) Late External Delay Assertion at pin PROD_MSB[31]
          Group: I2O
     Startpoint: (F) A[1]
          Clock: (R) VCLK
       Endpoint: (R) PROD_MSB[31]
          Clock: (R) VCLK

                     Capture       Launch     
        Clock Edge:+    1300            0     
       Src Latency:+       0            0     
       Net Latency:+       0 (I)        0 (I) 
           Arrival:=    1300            0     
                                              
      Output Delay:-     133                  
     Required Time:=    1167                  
      Launch Clock:-       0                  
       Input Delay:-     533                  
         Data Path:-    2925                  
             Slack:=   -2291                  

Exceptions/Constraints:
  input_delay              533             counter.sdc_line_11_30_1 
  output_delay             133             counter.sdc_line_14      

#----------------------------------------------------------------------------------------------------------------------
#             Timing Point              Flags     Arc    Edge      Cell       Fanout Load Trans Delay Arrival Instance 
#                                                                                    (fF)  (ps)  (ps)   (ps)  Location 
#----------------------------------------------------------------------------------------------------------------------
  A[1]                                  (u)     -        F     (arrival)         267 17.0     0    14     547    (-,-) 
  booth_enc/minus_42_46_I1/g3/z         (u)     in_0->z  R     unmapped_not        2  2.2     0    12     559    (-,-) 
  booth_enc/minus_42_46_I1/g39/z        (u)     in_1->z  F     unmapped_nor2       1  1.0     0    16     576    (-,-) 
  booth_enc/minus_42_46_I1/g101/z       (u)     in_0->z  R     unmapped_not        2  2.2     0    12     588    (-,-) 
  booth_enc/minus_42_46_I1/g102/z       (u)     in_1->z  F     unmapped_nand2      1  1.0     0    16     604    (-,-) 
  booth_enc/minus_42_46_I1/g103/z       (u)     in_1->z  R     unmapped_nand2      3  3.3     0    21     625    (-,-) 
  booth_enc/minus_42_46_I1/g406/z       (u)     in_0->z  R     unmapped_xnor2      1  1.1     0    33     658    (-,-) 
  booth_enc/mux_partial[0]_37_19/g125/z (u)     data3->z R     unmapped_mux8       1  1.1     0    51     708    (-,-) 
  booth_enc/mux_partial[0]_35_24/g62/z  (u)     data1->z R     unmapped_bmux3      3  3.3     0    37     745    (-,-) 
  tree/S1_0/g29/z                       (u)     in_0->z  R     unmapped_xor2       1  1.1     0    33     778    (-,-) 
  tree/S1_0/g30/z                       (u)     in_0->z  R     unmapped_xor2       3  3.3     0    37     815    (-,-) 
  tree/S1_0/g36/z                       (u)     in_0->z  R     unmapped_xor2       1  1.1     0    33     848    (-,-) 
  tree/S1_0/g37/z                       (u)     in_0->z  R     unmapped_xor2       3  3.3     0    37     886    (-,-) 
  tree/S2_L/g29/z                       (u)     in_0->z  R     unmapped_xor2       1  1.1     0    33     918    (-,-) 
  tree/S2_L/g30/z                       (u)     in_0->z  R     unmapped_xor2       3  3.3     0    37     956    (-,-) 
  tree/S2_L/g36/z                       (u)     in_0->z  R     unmapped_xor2       1  1.1     0    33     989    (-,-) 
  tree/S2_L/g37/z                       (u)     in_0->z  R     unmapped_xor2       3  3.3     0    37    1026    (-,-) 
  tree/S3_FINAL/g29/z                   (u)     in_0->z  R     unmapped_xor2       1  1.1     0    33    1059    (-,-) 
  tree/S3_FINAL/g30/z                   (u)     in_0->z  R     unmapped_xor2       3  3.3     0    37    1096    (-,-) 
  tree/S3_FINAL/g36/z                   (u)     in_0->z  R     unmapped_xor2       1  1.1     0    33    1129    (-,-) 
  tree/S3_FINAL/g37/z                   (u)     in_0->z  R     unmapped_xor2       3  3.3     0    37    1166    (-,-) 
  tree/S4_FINAL/g15/z                   (u)     in_0->z  R     unmapped_xor2       1  1.1     0    33    1199    (-,-) 
  tree/S4_FINAL/g16/z                   (u)     in_0->z  R     unmapped_xor2       2  2.2     0    35    1234    (-,-) 
  cla/g2/g3/z                           (u)     in_0->z  R     unmapped_xor2       2  2.2     0    35    1270    (-,-) 
  cla/g9/z                              (u)     in_0->z  R     unmapped_and2       1  1.1     0    16    1286    (-,-) 
  cla/g10/z                             (u)     in_1->z  R     unmapped_or2        2  2.2     0    19    1305    (-,-) 
  cla/g12/z                             (u)     in_1->z  R     unmapped_and2       1  1.1     0    16    1322    (-,-) 
  cla/g13/z                             (u)     in_1->z  R     unmapped_or2        2  2.2     0    19    1340    (-,-) 
  cla/g15/z                             (u)     in_1->z  R     unmapped_and2       1  1.1     0    16    1357    (-,-) 
  cla/g16/z                             (u)     in_1->z  R     unmapped_or2        2  2.2     0    19    1376    (-,-) 
  cla/g18/z                             (u)     in_1->z  R     unmapped_and2       1  1.1     0    16    1392    (-,-) 
  cla/g19/z                             (u)     in_1->z  R     unmapped_or2        2  2.2     0    19    1411    (-,-) 
  cla/g21/z                             (u)     in_1->z  R     unmapped_and2       1  1.1     0    16    1428    (-,-) 
  cla/g22/z                             (u)     in_1->z  R     unmapped_or2        2  2.2     0    19    1447    (-,-) 
  cla/g24/z                             (u)     in_1->z  R     unmapped_and2       1  1.1     0    16    1463    (-,-) 
  cla/g25/z                             (u)     in_1->z  R     unmapped_or2        2  2.2     0    19    1482    (-,-) 
  cla/g27/z                             (u)     in_1->z  R     unmapped_and2       1  1.1     0    16    1499    (-,-) 
  cla/g28/z                             (u)     in_1->z  R     unmapped_or2        2  2.2     0    19    1518    (-,-) 
  cla/g30/z                             (u)     in_1->z  R     unmapped_and2       1  1.1     0    16    1534    (-,-) 
  cla/g31/z                             (u)     in_1->z  R     unmapped_or2        2  2.2     0    19    1553    (-,-) 
  cla/g33/z                             (u)     in_1->z  R     unmapped_and2       1  1.1     0    16    1569    (-,-) 
  cla/g34/z                             (u)     in_1->z  R     unmapped_or2        2  2.2     0    19    1588    (-,-) 
  cla/g36/z                             (u)     in_1->z  R     unmapped_and2       1  1.1     0    16    1605    (-,-) 
  cla/g37/z                             (u)     in_1->z  R     unmapped_or2        2  2.2     0    19    1624    (-,-) 
  cla/g39/z                             (u)     in_1->z  R     unmapped_and2       1  1.1     0    16    1640    (-,-) 
  cla/g40/z                             (u)     in_1->z  R     unmapped_or2        2  2.2     0    19    1659    (-,-) 
  cla/g42/z                             (u)     in_1->z  R     unmapped_and2       1  1.1     0    16    1676    (-,-) 
  cla/g43/z                             (u)     in_1->z  R     unmapped_or2        2  2.2     0    19    1694    (-,-) 
  cla/g45/z                             (u)     in_1->z  R     unmapped_and2       1  1.1     0    16    1711    (-,-) 
  cla/g46/z                             (u)     in_1->z  R     unmapped_or2        2  2.2     0    19    1730    (-,-) 
  cla/g48/z                             (u)     in_1->z  R     unmapped_and2       1  1.1     0    16    1746    (-,-) 
  cla/g49/z                             (u)     in_1->z  R     unmapped_or2        2  2.2     0    19    1765    (-,-) 
  cla/g51/z                             (u)     in_1->z  R     unmapped_and2       1  1.1     0    16    1782    (-,-) 
  cla/g52/z                             (u)     in_1->z  R     unmapped_or2        2  2.2     0    19    1801    (-,-) 
  cla/g54/z                             (u)     in_1->z  R     unmapped_and2       1  1.1     0    16    1817    (-,-) 
  cla/g55/z                             (u)     in_1->z  R     unmapped_or2        2  2.2     0    19    1836    (-,-) 
  cla/g57/z                             (u)     in_1->z  R     unmapped_and2       1  1.1     0    16    1853    (-,-) 
  cla/g58/z                             (u)     in_1->z  R     unmapped_or2        2  2.2     0    19    1872    (-,-) 
  cla/g60/z                             (u)     in_1->z  R     unmapped_and2       1  1.1     0    16    1888    (-,-) 
  cla/g61/z                             (u)     in_1->z  R     unmapped_or2        2  2.2     0    19    1907    (-,-) 
  cla/g63/z                             (u)     in_1->z  R     unmapped_and2       1  1.1     0    16    1923    (-,-) 
  cla/g64/z                             (u)     in_1->z  R     unmapped_or2        2  2.2     0    19    1942    (-,-) 
  cla/g66/z                             (u)     in_1->z  R     unmapped_and2       1  1.1     0    16    1959    (-,-) 
  cla/g67/z                             (u)     in_1->z  R     unmapped_or2        2  2.2     0    19    1978    (-,-) 
  cla/g69/z                             (u)     in_1->z  R     unmapped_and2       1  1.1     0    16    1994    (-,-) 
  cla/g70/z                             (u)     in_1->z  R     unmapped_or2        2  2.2     0    19    2013    (-,-) 
  cla/g72/z                             (u)     in_1->z  R     unmapped_and2       1  1.1     0    16    2030    (-,-) 
  cla/g73/z                             (u)     in_1->z  R     unmapped_or2        2  2.2     0    19    2048    (-,-) 
  cla/g75/z                             (u)     in_1->z  R     unmapped_and2       1  1.1     0    16    2065    (-,-) 
  cla/g76/z                             (u)     in_1->z  R     unmapped_or2        2  2.2     0    19    2084    (-,-) 
  cla/g78/z                             (u)     in_1->z  R     unmapped_and2       1  1.1     0    16    2100    (-,-) 
  cla/g79/z                             (u)     in_1->z  R     unmapped_or2        2  2.2     0    19    2119    (-,-) 
  cla/g81/z                             (u)     in_1->z  R     unmapped_and2       1  1.1     0    16    2136    (-,-) 
  cla/g82/z                             (u)     in_1->z  R     unmapped_or2        2  2.2     0    19    2155    (-,-) 
  cla/g84/z                             (u)     in_1->z  R     unmapped_and2       1  1.1     0    16    2171    (-,-) 
  cla/g85/z                             (u)     in_1->z  R     unmapped_or2        2  2.2     0    19    2190    (-,-) 
  cla/g87/z                             (u)     in_1->z  R     unmapped_and2       1  1.1     0    16    2207    (-,-) 
  cla/g88/z                             (u)     in_1->z  R     unmapped_or2        2  2.2     0    19    2226    (-,-) 
  cla/g90/z                             (u)     in_1->z  R     unmapped_and2       1  1.1     0    16    2242    (-,-) 
  cla/g91/z                             (u)     in_1->z  R     unmapped_or2        2  2.2     0    19    2261    (-,-) 
  cla/g93/z                             (u)     in_1->z  R     unmapped_and2       1  1.1     0    16    2277    (-,-) 
  cla/g94/z                             (u)     in_1->z  R     unmapped_or2        2  2.2     0    19    2296    (-,-) 
  cla/g96/z                             (u)     in_1->z  R     unmapped_and2       1  1.1     0    16    2313    (-,-) 
  cla/g97/z                             (u)     in_1->z  R     unmapped_or2        2  2.2     0    19    2332    (-,-) 
  cla/g99/z                             (u)     in_1->z  R     unmapped_and2       1  1.1     0    16    2348    (-,-) 
  cla/g100/z                            (u)     in_1->z  R     unmapped_or2        2  2.2     0    19    2367    (-,-) 
  cla/g102/z                            (u)     in_1->z  R     unmapped_and2       1  1.1     0    16    2384    (-,-) 
  cla/g103/z                            (u)     in_1->z  R     unmapped_or2        2  2.2     0    19    2402    (-,-) 
  cla/g105/z                            (u)     in_1->z  R     unmapped_and2       1  1.1     0    16    2419    (-,-) 
  cla/g106/z                            (u)     in_1->z  R     unmapped_or2        2  2.2     0    19    2438    (-,-) 
  cla/g108/z                            (u)     in_1->z  R     unmapped_and2       1  1.1     0    16    2454    (-,-) 
  cla/g109/z                            (u)     in_1->z  R     unmapped_or2        2  2.2     0    19    2473    (-,-) 
  cla/g111/z                            (u)     in_1->z  R     unmapped_and2       1  1.1     0    16    2490    (-,-) 
  cla/g112/z                            (u)     in_1->z  R     unmapped_or2        2  2.2     0    19    2509    (-,-) 
  cla/g114/z                            (u)     in_1->z  R     unmapped_and2       1  1.1     0    16    2525    (-,-) 
  cla/g115/z                            (u)     in_1->z  R     unmapped_or2        2  2.2     0    19    2544    (-,-) 
  cla/g117/z                            (u)     in_1->z  R     unmapped_and2       1  1.1     0    16    2561    (-,-) 
  cla/g118/z                            (u)     in_1->z  R     unmapped_or2        2  2.2     0    19    2580    (-,-) 
  cla/g120/z                            (u)     in_1->z  R     unmapped_and2       1  1.1     0    16    2596    (-,-) 
  cla/g121/z                            (u)     in_1->z  R     unmapped_or2        2  2.2     0    19    2615    (-,-) 
  cla/g123/z                            (u)     in_1->z  R     unmapped_and2       1  1.1     0    16    2631    (-,-) 
  cla/g124/z                            (u)     in_1->z  R     unmapped_or2        2  2.2     0    19    2650    (-,-) 
  cla/g126/z                            (u)     in_1->z  R     unmapped_and2       1  1.1     0    16    2667    (-,-) 
  cla/g127/z                            (u)     in_1->z  R     unmapped_or2        2  2.2     0    19    2686    (-,-) 
  cla/g129/z                            (u)     in_1->z  R     unmapped_and2       1  1.1     0    16    2702    (-,-) 
  cla/g130/z                            (u)     in_1->z  R     unmapped_or2        2  2.2     0    19    2721    (-,-) 
  cla/g132/z                            (u)     in_1->z  R     unmapped_and2       1  1.1     0    16    2738    (-,-) 
  cla/g133/z                            (u)     in_1->z  R     unmapped_or2        2  2.2     0    19    2756    (-,-) 
  cla/g135/z                            (u)     in_1->z  R     unmapped_and2       1  1.1     0    16    2773    (-,-) 
  cla/g136/z                            (u)     in_1->z  R     unmapped_or2        2  2.2     0    19    2792    (-,-) 
  cla/g138/z                            (u)     in_1->z  R     unmapped_and2       1  1.1     0    16    2808    (-,-) 
  cla/g139/z                            (u)     in_1->z  R     unmapped_or2        2  2.2     0    19    2827    (-,-) 
  cla/g141/z                            (u)     in_1->z  R     unmapped_and2       1  1.1     0    16    2844    (-,-) 
  cla/g142/z                            (u)     in_1->z  R     unmapped_or2        2  2.2     0    19    2863    (-,-) 
  cla/g144/z                            (u)     in_1->z  R     unmapped_and2       1  1.1     0    16    2879    (-,-) 
  cla/g145/z                            (u)     in_1->z  R     unmapped_or2        2  2.2     0    19    2898    (-,-) 
  cla/g147/z                            (u)     in_1->z  R     unmapped_and2       1  1.1     0    16    2915    (-,-) 
  cla/g148/z                            (u)     in_1->z  R     unmapped_or2        2  2.2     0    19    2934    (-,-) 
  cla/g150/z                            (u)     in_1->z  R     unmapped_and2       1  1.1     0    16    2950    (-,-) 
  cla/g151/z                            (u)     in_1->z  R     unmapped_or2        2  2.2     0    19    2969    (-,-) 
  cla/g153/z                            (u)     in_1->z  R     unmapped_and2       1  1.1     0    16    2985    (-,-) 
  cla/g154/z                            (u)     in_1->z  R     unmapped_or2        2  2.2     0    19    3004    (-,-) 
  cla/g156/z                            (u)     in_1->z  R     unmapped_and2       1  1.1     0    16    3021    (-,-) 
  cla/g157/z                            (u)     in_1->z  R     unmapped_or2        2  2.2     0    19    3040    (-,-) 
  cla/g159/z                            (u)     in_1->z  R     unmapped_and2       1  1.1     0    16    3056    (-,-) 
  cla/g160/z                            (u)     in_1->z  R     unmapped_or2        2  2.2     0    19    3075    (-,-) 
  cla/g162/z                            (u)     in_1->z  R     unmapped_and2       1  1.1     0    16    3092    (-,-) 
  cla/g163/z                            (u)     in_1->z  R     unmapped_or2        2  2.2     0    19    3110    (-,-) 
  cla/g165/z                            (u)     in_1->z  R     unmapped_and2       1  1.1     0    16    3127    (-,-) 
  cla/g166/z                            (u)     in_1->z  R     unmapped_or2        2  2.2     0    19    3146    (-,-) 
  cla/g168/z                            (u)     in_1->z  R     unmapped_and2       1  1.1     0    16    3162    (-,-) 
  cla/g169/z                            (u)     in_1->z  R     unmapped_or2        2  2.2     0    19    3181    (-,-) 
  cla/g171/z                            (u)     in_1->z  R     unmapped_and2       1  1.1     0    16    3198    (-,-) 
  cla/g172/z                            (u)     in_1->z  R     unmapped_or2        2  2.2     0    19    3217    (-,-) 
  cla/g174/z                            (u)     in_1->z  R     unmapped_and2       1  1.1     0    16    3233    (-,-) 
  cla/g175/z                            (u)     in_1->z  R     unmapped_or2        2  2.2     0    19    3252    (-,-) 
  cla/g177/z                            (u)     in_1->z  R     unmapped_and2       1  1.1     0    16    3269    (-,-) 
  cla/g178/z                            (u)     in_1->z  R     unmapped_or2        2  2.2     0    19    3288    (-,-) 
  cla/g180/z                            (u)     in_1->z  R     unmapped_and2       1  1.1     0    16    3304    (-,-) 
  cla/g181/z                            (u)     in_1->z  R     unmapped_or2        2  2.2     0    19    3323    (-,-) 
  cla/g183/z                            (u)     in_1->z  R     unmapped_and2       1  1.1     0    16    3339    (-,-) 
  cla/g184/z                            (u)     in_1->z  R     unmapped_or2        2  2.2     0    19    3358    (-,-) 
  cla/g186/z                            (u)     in_1->z  R     unmapped_and2       1  1.1     0    16    3375    (-,-) 
  cla/g187/z                            (u)     in_1->z  R     unmapped_or2        2  2.2     0    19    3394    (-,-) 
  cla/g189/z                            (u)     in_1->z  R     unmapped_and2       1  1.1     0    16    3410    (-,-) 
  cla/g190/z                            (u)     in_1->z  R     unmapped_or2        2  2.2     0    19    3429    (-,-) 
  cla/g194/z                            (u)     in_1->z  R     unmapped_xor2       1  0.0     0    29    3458    (-,-) 
  PROD_MSB[31]                          -       -        R     (port)              -    -     -     0    3458    (-,-) 
#----------------------------------------------------------------------------------------------------------------------

(u) : Net has unmapped pin(s).

