============================================================
  Generated by:           Genus(TM) Synthesis Solution 17.22-s017_1
  Generated on:           Feb 26 2023  07:17:37 am
  Module:                 booth32x32_top
  Operating conditions:   PVT_1P1V_0C (balanced_tree)
  Wireload mode:          enclosed
  Area mode:              timing library
============================================================


Path 1: VIOLATED (-168 ps) Late External Delay Assertion at pin PROD_MSB[20]
          Group: I2O
     Startpoint: (R) B[5]
          Clock: (R) VCLK
       Endpoint: (F) PROD_MSB[20]
          Clock: (R) VCLK

                     Capture       Launch     
        Clock Edge:+    1300            0     
       Src Latency:+       0            0     
       Net Latency:+       0 (I)        0 (I) 
           Arrival:=    1300            0     
                                              
      Output Delay:-     133                  
     Required Time:=    1167                  
      Launch Clock:-       0                  
       Input Delay:-     533                  
         Data Path:-     802                  
             Slack:=    -168                  

Exceptions/Constraints:
  input_delay              533             counter.sdc_line_11_58_1  
  output_delay             133             counter.sdc_line_14_202_1 

#----------------------------------------------------------------------------------------
#  Timing Point   Flags   Arc   Edge   Cell     Fanout Load Trans Delay Arrival Instance 
#                                                      (fF)  (ps)  (ps)   (ps)  Location 
#----------------------------------------------------------------------------------------
  B[5]            -       -     R     (arrival)      7  5.5     0     0     533    (-,-) 
  g162570/Y       -       A->Y  F     NOR2X1         3  1.3    12    11     544    (-,-) 
  g162490/Y       -       A->Y  R     NOR2X1         3  1.5    26    23     567    (-,-) 
  g162165/Y       -       A->Y  F     INVX1          1  0.4     8    13     580    (-,-) 
  g162086/Y       -       B->Y  R     NOR2X1        17  6.7    92    57     637    (-,-) 
  g162021/Y       -       A->Y  F     INVX1         16  5.8    56    53     690    (-,-) 
  g160808/Y       -       A0->Y R     OAI211X1       4  1.2    35    41     731    (-,-) 
  g160670/Y       -       A->Y  F     INVXL          1  0.3    10    17     748    (-,-) 
  g158849/Y       -       A->Y  R     MXI2XL         1  0.6    28    23     771    (-,-) 
  g158474/Y       -       S0->Y R     MXI2XL         3  0.9    34    29     799    (-,-) 
  g157914/Y       -       A->Y  F     XOR2XL         2  0.7    11    45     844    (-,-) 
  g157601/Y       -       S0->Y F     MXI2XL         2  0.7    27    25     869    (-,-) 
  g157355/Y       -       S0->Y R     MXI2XL         2  0.9    34    27     896    (-,-) 
  g157174/Y       -       S0->Y R     MXI2XL         2  0.9    34    29     925    (-,-) 
  g157017/Y       -       S0->Y R     MXI2XL         2  0.9    34    29     955    (-,-) 
  g156852__5953/Y -       B->Y  F     XNOR2X1        2  0.9    10    35     990    (-,-) 
  g156631__7114/Y -       A1->Y R     OAI21X1        2  0.9    24    20    1010    (-,-) 
  g156478__2683/Y -       A1->Y F     AOI21XL        2  0.4    21    23    1033    (-,-) 
  g156415__7114/Y -       B->Y  R     NOR2XL         1  0.3    14    17    1050    (-,-) 
  g156385__6877/Y -       A->Y  F     NAND2XL        1  0.4    15    17    1067    (-,-) 
  g156334__5266/Y -       C->Y  R     NAND3X1        2  0.8    15    13    1080    (-,-) 
  g156252__2900/Y -       C->Y  F     NAND3XL        1  0.4    25    22    1101    (-,-) 
  g156194__2250/Y -       A1->Y R     AOI21X1        1  1.0    23    24    1126    (-,-) 
  g156185__5266/Y -       B->Y  F     NOR2X2         4  2.3    15    15    1141    (-,-) 
  g156172__1857/Y -       B->Y  R     NOR3X2         1  1.0    24    24    1165    (-,-) 
  g156167__2683/Y -       B->Y  F     NOR2X2         2  0.6     8    12    1177    (-,-) 
  g156157__2703/Y -       B->Y  R     NOR2X1         1  0.5    14    12    1190    (-,-) 
  g156148__1309/Y -       A->Y  F     NOR2X1         2  0.4     9    12    1202    (-,-) 
  g156140__2703/Y -       B->Y  R     NOR2XL         1  0.5    18    15    1217    (-,-) 
  g156134__7675/Y -       B->Y  F     NOR2BX1        2  0.7    10    12    1229    (-,-) 
  g156130/Y       -       A->Y  R     INVX1          4  1.5    13    12    1242    (-,-) 
  g156118__1840/Y -       A1->Y F     AOI21XL        3  1.0    31    26    1268    (-,-) 
  g156110__7118/Y -       B->Y  R     NAND2X1        3  1.6    19    20    1287    (-,-) 
  g156093__1786/Y -       A2->Y F     AOI31X1        1  0.5    29    29    1316    (-,-) 
  g156070__2683/Y -       S0->Y F     MXI2XL         1  0.0    14    19    1335    (-,-) 
  PROD_MSB[20]    -       -     F     (port)         -    -     -     0    1335    (-,-) 
#----------------------------------------------------------------------------------------

