============================================================
  Generated by:           Genus(TM) Synthesis Solution 17.22-s017_1
  Generated on:           Feb 26 2023  07:30:31 am
  Module:                 booth32x32_top
  Operating conditions:   PVT_1P1V_0C (balanced_tree)
  Wireload mode:          enclosed
  Area mode:              timing library
============================================================

Timing
--------

Clock Period 
-------------
VCLK  1300.0 


  Cost    Critical             Violating 
 Group   Path Slack    TNS       Paths   
-----------------------------------------
default    No paths       0.0            
I2O           -82.4   -2189.3         40 
VCLK       No paths       0.0            
-----------------------------------------
Total                 -2189.3         40 

Instance Count
--------------
Leaf Instance Count             7429 
Physical Instance count            0 
Sequential Instance Count          0 
Combinational Instance Count    7429 
Hierarchical Instance Count        0 

Area
----
Cell Area                          12483.137
Physical Cell Area                 0.000
Total Cell Area (Cell+Physical)    12483.137
Net Area                           0.000
Total Area (Cell+Physical+Net)     12483.137

Runtime                            0.0 seconds
Elapsed Runtime                    2301 seconds
Genus peak memory usage            861.94 
Innovus peak memory usage          no_value 
Hostname                           compute-srv5.atme.in
