============================================================
  Generated by:           Genus(TM) Synthesis Solution 17.22-s017_1
  Generated on:           Feb 26 2023  07:30:31 am
  Module:                 booth32x32_top
  Operating conditions:   PVT_1P1V_0C (balanced_tree)
  Wireload mode:          enclosed
  Area mode:              timing library
============================================================

                                  Leakage  
   Gate    Instances    Area    Power (nW)     Library    
----------------------------------------------------------
ACHCONX2           4     50.616      2.520    fast_vdd1v0 
ADDFHX1            1      7.524      0.400    fast_vdd1v0 
ADDFX1             6     30.780      1.993    fast_vdd1v0 
ADDFXL            10     68.400      3.055    fast_vdd1v0 
ADDHX1             4     15.048      1.066    fast_vdd1v0 
ADDHXL             3     14.364      0.723    fast_vdd1v0 
AND2X1            10     13.680      0.859    fast_vdd1v0 
AND2X2             2      3.420      0.244    fast_vdd1v0 
AND2X6             1      3.762      0.358    fast_vdd1v0 
AND2XL            85    116.280      6.377    fast_vdd1v0 
AND3X4             1      3.078      0.233    fast_vdd1v0 
AND3XL             1      2.052      0.079    fast_vdd1v0 
AO21X4             1      3.420      0.268    fast_vdd1v0 
AO21XL             4      9.576      0.437    fast_vdd1v0 
AO22XL            11     30.096      1.304    fast_vdd1v0 
AOI211X1           1      2.394      0.151    fast_vdd1v0 
AOI211X2           2      6.840      0.557    fast_vdd1v0 
AOI211XL           7     14.364      0.725    fast_vdd1v0 
AOI21X1          191    326.610     20.736    fast_vdd1v0 
AOI21X2           15     41.040      2.949    fast_vdd1v0 
AOI21X4            2     10.260      0.719    fast_vdd1v0 
AOI21XL           86    147.060      6.509    fast_vdd1v0 
AOI221X1          10     23.940      1.750    fast_vdd1v0 
AOI222X1          12     36.936      2.328    fast_vdd1v0 
AOI222XL           1      3.420      0.127    fast_vdd1v0 
AOI22X1           77    158.004     10.545    fast_vdd1v0 
AOI22XL           35     71.820      3.167    fast_vdd1v0 
AOI2BB1X1        117    240.084     14.923    fast_vdd1v0 
AOI2BB1X2          4     12.312      0.857    fast_vdd1v0 
AOI2BB1X4          1      4.104      0.403    fast_vdd1v0 
AOI2BB1XL        110    225.720     11.791    fast_vdd1v0 
AOI2BB2X1          2      6.840      0.382    fast_vdd1v0 
AOI31X1            3      6.156      0.378    fast_vdd1v0 
AOI31XL            1      2.736      0.091    fast_vdd1v0 
AOI32X1            1      2.394      0.144    fast_vdd1v0 
AOI32XL            1      2.736      0.100    fast_vdd1v0 
BUFX2             43     73.530      5.097    fast_vdd1v0 
BUFX3              9     18.468      1.568    fast_vdd1v0 
BUFX6              4     12.312      1.388    fast_vdd1v0 
CLKAND2X2         14     28.728      1.851    fast_vdd1v0 
CLKAND2X3          9     27.702      1.857    fast_vdd1v0 
CLKBUFX2          30     51.300      3.552    fast_vdd1v0 
CLKINVX1           1      1.026      0.047    fast_vdd1v0 
CLKINVX12          1      4.104      0.497    fast_vdd1v0 
CLKINVX2           2      2.736      0.160    fast_vdd1v0 
CLKINVX4          25     42.750      4.237    fast_vdd1v0 
CLKINVX6          14     33.516      3.533    fast_vdd1v0 
CLKXOR2X1         13     35.568      2.347    fast_vdd1v0 
INVX1            323    220.932     14.969    fast_vdd1v0 
INVX2             97     99.522      8.111    fast_vdd1v0 
INVX3             39     53.352      4.936    fast_vdd1v0 
INVX4              1      1.710      0.167    fast_vdd1v0 
INVX6              1      2.394      0.250    fast_vdd1v0 
INVXL            880    601.920     29.721    fast_vdd1v0 
MX2XL             12     28.728      1.733    fast_vdd1v0 
MXI2X1            66    180.576      9.652    fast_vdd1v0 
MXI2XL           392    938.448     43.034    fast_vdd1v0 
NAND2BX1          98    134.064     10.223    fast_vdd1v0 
NAND2BX2          12     28.728      2.050    fast_vdd1v0 
NAND2BX4           1      3.762      0.303    fast_vdd1v0 
NAND2BXL         180    246.240     14.395    fast_vdd1v0 
NAND2X1          324    332.424     22.823    fast_vdd1v0 
NAND2X2           95    162.450     12.755    fast_vdd1v0 
NAND2X4           31     97.538      8.099    fast_vdd1v0 
NAND2X6           10     45.657      3.851    fast_vdd1v0 
NAND2X8            2     10.499      1.022    fast_vdd1v0 
NAND2XL          638    654.588     29.561    fast_vdd1v0 
NAND3BX1           3      6.156      0.420    fast_vdd1v0 
NAND3BX2           1      3.078      0.198    fast_vdd1v0 
NAND3BX4           1      5.130      0.372    fast_vdd1v0 
NAND3BXL          21     35.910      1.992    fast_vdd1v0 
NAND3X1           25     42.750      2.392    fast_vdd1v0 
NAND3X2            2      5.472      0.368    fast_vdd1v0 
NAND3X6            2     14.364      0.975    fast_vdd1v0 
NAND3XL           13     22.230      0.751    fast_vdd1v0 
NAND4XL            1      1.710      0.070    fast_vdd1v0 
NOR2BX1          151    206.568     15.810    fast_vdd1v0 
NOR2BX2            4     10.944      0.686    fast_vdd1v0 
NOR2BX4            1      3.762      0.289    fast_vdd1v0 
NOR2BXL           25     42.750      2.007    fast_vdd1v0 
NOR2X1           304    311.904     22.019    fast_vdd1v0 
NOR2X2            99    169.290     13.680    fast_vdd1v0 
NOR2X4            37    113.886      9.061    fast_vdd1v0 
NOR2X6            20     82.080      7.445    fast_vdd1v0 
NOR2X8             5     27.360      2.636    fast_vdd1v0 
NOR2XL           506    519.156     23.214    fast_vdd1v0 
NOR3BX1            8     16.416      1.260    fast_vdd1v0 
NOR3BX2            2      6.840      0.409    fast_vdd1v0 
NOR3BXL            9     18.468      0.786    fast_vdd1v0 
NOR3X1            15     25.650      1.627    fast_vdd1v0 
NOR3X2             5     13.680      0.931    fast_vdd1v0 
NOR3X4             4     20.520      1.252    fast_vdd1v0 
NOR3XL            15     25.650      0.909    fast_vdd1v0 
NOR4X1             2      3.420      0.225    fast_vdd1v0 
NOR4XL             1      2.052      0.108    fast_vdd1v0 
OA21X1            29     59.508      3.221    fast_vdd1v0 
OA21XL             3      8.208      0.293    fast_vdd1v0 
OA22X1            13     31.122      1.691    fast_vdd1v0 
OAI211X1          16     27.360      1.900    fast_vdd1v0 
OAI211X2           3     12.312      0.666    fast_vdd1v0 
OAI211XL           5     10.260      0.390    fast_vdd1v0 
OAI21X1          293    501.030     27.383    fast_vdd1v0 
OAI21X2           49    150.822      8.647    fast_vdd1v0 
OAI21X4            5     23.940      1.730    fast_vdd1v0 
OAI21XL          249    425.790     15.788    fast_vdd1v0 
OAI221X1          25     59.850      3.593    fast_vdd1v0 
OAI221XL           1      3.078      0.089    fast_vdd1v0 
OAI222X1           8     21.888      1.399    fast_vdd1v0 
OAI222XL           5     13.680      0.526    fast_vdd1v0 
OAI22X1           48     98.496      5.913    fast_vdd1v0 
OAI22XL          128    262.656      9.836    fast_vdd1v0 
OAI2BB1X1        315    538.650     36.470    fast_vdd1v0 
OAI2BB1X2          2      6.156      0.358    fast_vdd1v0 
OAI2BB1X4          2      8.892      0.683    fast_vdd1v0 
OAI2BB1XL         18     36.936      1.682    fast_vdd1v0 
OAI2BB2XL          2      7.524      0.306    fast_vdd1v0 
OAI31X1            2      4.104      0.230    fast_vdd1v0 
OAI31XL            4      9.576      0.275    fast_vdd1v0 
OAI32X1            5     11.970      0.711    fast_vdd1v0 
OR2X1             14     19.152      1.335    fast_vdd1v0 
OR2X4              1      2.736      0.251    fast_vdd1v0 
OR2X6              1      3.762      0.403    fast_vdd1v0 
OR2XL            129    176.472     10.872    fast_vdd1v0 
OR3XL              6     12.312      0.715    fast_vdd1v0 
XNOR2X1          196    469.224     35.482    fast_vdd1v0 
XNOR2XL           76    207.936     12.931    fast_vdd1v0 
XNOR3X1            9     67.716      3.483    fast_vdd1v0 
XNOR3XL           67    504.108     24.483    fast_vdd1v0 
XOR2X1             4     10.944      0.714    fast_vdd1v0 
XOR2XL           138    377.568     23.101    fast_vdd1v0 
XOR3X1            11     82.764      4.263    fast_vdd1v0 
XOR3XL            75    564.300     27.404    fast_vdd1v0 
----------------------------------------------------------
total           7429  12483.137    724.143                


                                            Leakage  Leakage 
     Type      Instances    Area   Area % Power (nW) Power % 
-------------------------------------------------------------
inverter            1384  1063.962    8.5     66.628     9.2 
buffer                86   155.610    1.2     11.604     1.6 
logic               5959 11263.565   90.2    645.911    89.2 
physical_cells         0     0.000    0.0      0.000     0.0 
-------------------------------------------------------------
total               7429 12483.137  100.0    724.143   100.0 

