============================================================
  Generated by:           Genus(TM) Synthesis Solution 17.22-s017_1
  Generated on:           Feb 26 2023  07:15:21 am
  Module:                 booth32x32_top
  Operating conditions:   PVT_1P1V_0C (balanced_tree)
  Wireload mode:          enclosed
  Area mode:              timing library
============================================================

Timing
--------

Clock Period 
-------------
VCLK  1300.0 


  Cost    Critical              Violating 
 Group   Path Slack     TNS       Paths   
------------------------------------------
default    No paths        0.0            
I2O          -468.4   -17735.9         53 
VCLK       No paths        0.0            
------------------------------------------
Total                 -17735.9         53 

Instance Count
--------------
Leaf Instance Count             15657 
Physical Instance count             0 
Sequential Instance Count           0 
Combinational Instance Count    15657 
Hierarchical Instance Count         0 

Area
----
Cell Area                          41793.230
Physical Cell Area                 0.000
Total Cell Area (Cell+Physical)    41793.230
Net Area                           0.000
Total Area (Cell+Physical+Net)     41793.230

Runtime                            0.0 seconds
Elapsed Runtime                    1392 seconds
Genus peak memory usage            870.92 
Innovus peak memory usage          no_value 
Hostname                           compute-srv5.atme.in
