============================================================
  Generated by:           Genus(TM) Synthesis Solution 17.22-s017_1
  Generated on:           Feb 26 2023  07:17:34 am
  Module:                 booth32x32_top
  Operating conditions:   PVT_1P1V_0C (balanced_tree)
  Wireload mode:          enclosed
  Area mode:              timing library
============================================================

                                  Leakage  
   Gate    Instances    Area    Power (nW)     Library    
----------------------------------------------------------
ACHCONX2           1     12.654      0.643    fast_vdd1v0 
ADDFHX1            3     22.572      1.190    fast_vdd1v0 
ADDFHXL            8     60.192      3.092    fast_vdd1v0 
ADDFX1            64    328.320     21.133    fast_vdd1v0 
ADDFXL             6     41.040      1.827    fast_vdd1v0 
ADDHX1             9     33.858      2.403    fast_vdd1v0 
AND2X1             6      8.208      0.520    fast_vdd1v0 
AND2X2             1      1.710      0.125    fast_vdd1v0 
AND2XL            14     19.152      0.999    fast_vdd1v0 
AOI211X1           1      2.394      0.153    fast_vdd1v0 
AOI211XL           6     12.312      0.616    fast_vdd1v0 
AOI21X1          215    367.650     23.310    fast_vdd1v0 
AOI21X2            4     10.944      0.731    fast_vdd1v0 
AOI21X4            2     10.260      0.625    fast_vdd1v0 
AOI21XL           61    104.310      4.744    fast_vdd1v0 
AOI221X1           7     16.758      1.214    fast_vdd1v0 
AOI221X2           1      4.446      0.318    fast_vdd1v0 
AOI222X1          13     40.014      2.517    fast_vdd1v0 
AOI22X1           79    162.108     10.859    fast_vdd1v0 
AOI22X2            1      3.762      0.246    fast_vdd1v0 
AOI22XL           36     73.872      3.260    fast_vdd1v0 
AOI2BB1X1         97    199.044     12.381    fast_vdd1v0 
AOI2BB1XL        110    225.720     11.825    fast_vdd1v0 
AOI2BB2X1          6     20.520      1.157    fast_vdd1v0 
AOI31X1            2      4.104      0.260    fast_vdd1v0 
AOI32X1            1      2.394      0.150    fast_vdd1v0 
BUFX2             25     42.750      2.953    fast_vdd1v0 
BUFX3             19     38.988      3.304    fast_vdd1v0 
CLKAND2X2          7     14.364      0.921    fast_vdd1v0 
CLKAND2X3          1      3.078      0.236    fast_vdd1v0 
CLKAND2X4          2      6.840      0.526    fast_vdd1v0 
CLKAND2X8          1      5.814      0.544    fast_vdd1v0 
CLKBUFX2          95    162.450     11.310    fast_vdd1v0 
CLKINVX1         214    219.564      9.958    fast_vdd1v0 
CLKINVX2          21     28.728      1.733    fast_vdd1v0 
CLKINVX3           7     11.970      0.849    fast_vdd1v0 
CLKINVX4           1      1.710      0.167    fast_vdd1v0 
CLKXOR2X1         16     43.776      2.911    fast_vdd1v0 
INVX1            241    164.844     11.019    fast_vdd1v0 
INVX2             26     26.676      2.169    fast_vdd1v0 
INVX3              5      6.840      0.669    fast_vdd1v0 
INVXL           1806   1235.304     61.353    fast_vdd1v0 
MXI2X1            17     46.512      2.472    fast_vdd1v0 
MXI2XL           409    979.146     44.949    fast_vdd1v0 
NAND2BX1          38     51.984      4.093    fast_vdd1v0 
NAND2BX2           4      9.576      0.734    fast_vdd1v0 
NAND2BX4           6     22.572      2.001    fast_vdd1v0 
NAND2BXL          94    128.592      7.512    fast_vdd1v0 
NAND2X1          340    348.840     24.330    fast_vdd1v0 
NAND2X2           53     90.630      7.034    fast_vdd1v0 
NAND2X4            9     28.318      2.324    fast_vdd1v0 
NAND2XL          779    799.254     35.899    fast_vdd1v0 
NAND3BX1           6     12.312      0.812    fast_vdd1v0 
NAND3BXL           3      5.130      0.302    fast_vdd1v0 
NAND3X1           33     56.430      3.194    fast_vdd1v0 
NAND3X4            1      4.788      0.326    fast_vdd1v0 
NAND3XL           11     18.810      0.637    fast_vdd1v0 
NAND4XL            4      6.840      0.265    fast_vdd1v0 
NOR2BX1           73     99.864      7.505    fast_vdd1v0 
NOR2BX4            1      3.762      0.356    fast_vdd1v0 
NOR2BXL            6     10.260      0.450    fast_vdd1v0 
NOR2X1           225    230.850     16.387    fast_vdd1v0 
NOR2X2            44     75.240      5.891    fast_vdd1v0 
NOR2X4            17     52.326      4.257    fast_vdd1v0 
NOR2X6             4     16.416      1.490    fast_vdd1v0 
NOR2XL           598    613.548     27.353    fast_vdd1v0 
NOR3BX1            4      8.208      0.656    fast_vdd1v0 
NOR3X1            24     41.040      2.755    fast_vdd1v0 
NOR3X2             4     10.944      0.679    fast_vdd1v0 
NOR3XL            11     18.810      0.693    fast_vdd1v0 
NOR4X1             5      8.550      0.495    fast_vdd1v0 
OA21X1             2      4.104      0.227    fast_vdd1v0 
OA22X1             2      4.788      0.259    fast_vdd1v0 
OAI211X1          29     49.590      3.463    fast_vdd1v0 
OAI211X2           1      4.104      0.223    fast_vdd1v0 
OAI21X1          344    588.240     32.120    fast_vdd1v0 
OAI21X2            9     27.702      1.567    fast_vdd1v0 
OAI21X4            2      9.576      0.641    fast_vdd1v0 
OAI21XL          284    485.640     17.818    fast_vdd1v0 
OAI221X1          32     76.608      4.537    fast_vdd1v0 
OAI222X1          10     27.360      1.752    fast_vdd1v0 
OAI222XL           5     13.680      0.526    fast_vdd1v0 
OAI22X1           45     92.340      5.526    fast_vdd1v0 
OAI22XL          136    279.072     10.444    fast_vdd1v0 
OAI2BB1X1        171    292.410     19.660    fast_vdd1v0 
OAI2BB1XL          4      8.208      0.378    fast_vdd1v0 
OAI2BB2XL          4     15.048      0.592    fast_vdd1v0 
OAI31X1            4      8.208      0.469    fast_vdd1v0 
OAI32X1            4      9.576      0.578    fast_vdd1v0 
OAI32X2            1      4.446      0.254    fast_vdd1v0 
OR2X1              3      4.104      0.309    fast_vdd1v0 
OR2XL             26     35.568      2.125    fast_vdd1v0 
XNOR2X1          198    474.012     35.836    fast_vdd1v0 
XNOR2X2            6     18.468      1.431    fast_vdd1v0 
XNOR3X1            7     52.668      2.710    fast_vdd1v0 
XNOR3XL           44    331.056     16.077    fast_vdd1v0 
XOR2XL            90    246.240     15.020    fast_vdd1v0 
XOR3X1            16    120.384      6.226    fast_vdd1v0 
XOR3XL            99    744.876     36.223    fast_vdd1v0 
----------------------------------------------------------
total           7642  11629.642    639.759                


                                            Leakage  Leakage 
     Type      Instances    Area   Area % Power (nW) Power % 
-------------------------------------------------------------
inverter            2321  1695.636   14.6     87.918    13.7 
buffer               139   244.188    2.1     17.566     2.7 
logic               5182  9689.818   83.3    534.275    83.5 
physical_cells         0     0.000    0.0      0.000     0.0 
-------------------------------------------------------------
total               7642 11629.642  100.0    639.759   100.0 

