============================================================
  Generated by:           Genus(TM) Synthesis Solution 17.22-s017_1
  Generated on:           Feb 26 2023  07:17:34 am
  Module:                 booth32x32_top
  Operating conditions:   PVT_1P1V_0C (balanced_tree)
  Wireload mode:          enclosed
  Area mode:              timing library
============================================================

Timing
--------

Clock Period 
-------------
VCLK  1300.0 


  Cost    Critical             Violating 
 Group   Path Slack    TNS       Paths   
-----------------------------------------
default    No paths       0.0            
I2O          -168.3   -4890.9         46 
VCLK       No paths       0.0            
-----------------------------------------
Total                 -4890.9         46 

Instance Count
--------------
Leaf Instance Count             7642 
Physical Instance count            0 
Sequential Instance Count          0 
Combinational Instance Count    7642 
Hierarchical Instance Count        0 

Area
----
Cell Area                          11629.642
Physical Cell Area                 0.000
Total Cell Area (Cell+Physical)    11629.642
Net Area                           0.000
Total Area (Cell+Physical+Net)     11629.642

Runtime                            0.0 seconds
Elapsed Runtime                    1524 seconds
Genus peak memory usage            872.94 
Innovus peak memory usage          no_value 
Hostname                           compute-srv5.atme.in
