

Working Directory = /home/sgeuser114/Desktop/venkat/singleCycleProcessor/wallaceTreeBlock/work
QoS Summary for pp_tree16x64
==========================================================================================
Metric                          generic         map             syn_opt         final          
==========================================================================================
Slack (ps):                        43             106             106             106
  R2R (ps):                  no_value        no_value        no_value        no_value
  I2R (ps):                  no_value        no_value        no_value        no_value
  R2O (ps):                  no_value        no_value        no_value        no_value
  I2O (ps):                        43             106             106             106
  CG  (ps):                  no_value        no_value        no_value        no_value
TNS (ps):                           0               0               0               0
  R2R (ps):                  no_value        no_value        no_value        no_value
  I2R (ps):                  no_value        no_value        no_value        no_value
  R2O (ps):                  no_value        no_value        no_value        no_value
  I2O (ps):                         0               0               0               0
  CG  (ps):                  no_value        no_value        no_value        no_value
Failing Paths:                      0               0               0               0
Cell Area:                     25,204           4,902           4,902           4,902
Total Cell Area:               25,204           4,902           4,902           4,902
Leaf Instances:                 9,442             994             994             994
Total Instances:                9,442             994             994             994
Utilization (%):                 0.00            0.00            0.00            0.00
Tot. Net Length (um):        no_value        no_value        no_value        no_value
Avg. Net Length (um):        no_value        no_value        no_value        no_value
Route Overflow H (%):        no_value        no_value        no_value        no_value
Route Overflow V (%):        no_value        no_value        no_value        no_value
MBCI(%) (bits/gate) :            0.00            0.00            0.00            0.00
Norm Cong Hotspot Area:
  Max Cong:                  no_value        no_value        no_value        no_value
  Tot Cong:                  no_value        no_value        no_value        no_value
==========================================================================================
CPU  Runtime (h:m:s):        00:00:58        00:00:40        00:00:01        00:00:01
Real Runtime (h:m:s):        00:01:40        00:00:22        00:00:02        00:00:02
CPU  Elapsed (h:m:s):        00:01:06        00:01:46        00:01:47        00:01:48
Real Elapsed (h:m:s):        00:01:42        00:02:04        00:02:06        00:02:08
Memory (MB):                  1034.46         1001.86          985.86          985.86
==========================================================================================
==========================================================================================
Flow Settings:
==========================================================================================
Total Runtime (h:m:s): 00:02:07
Total Memory (MB):     985.86
Executable Version:    17.22-s017_1
==========================================================================================
Total Cell Area =  Cell Area + Physical Cell Area
Total Instances =  Leaf Instances + Physical Instances


