============================================================
  Generated by:           Genus(TM) Synthesis Solution 17.22-s017_1
  Generated on:           Mar 01 2023  01:18:58 am
  Module:                 booth32x32_top
  Operating conditions:   PVT_1P1V_0C (balanced_tree)
  Wireload mode:          enclosed
  Area mode:              timing library
============================================================

No paths found

============================================================
  Generated by:           Genus(TM) Synthesis Solution 17.22-s017_1
  Generated on:           Mar 01 2023  01:18:58 am
  Module:                 booth32x32_top
  Operating conditions:   PVT_1P1V_0C (balanced_tree)
  Wireload mode:          enclosed
  Area mode:              timing library
============================================================

No paths found

============================================================
  Generated by:           Genus(TM) Synthesis Solution 17.22-s017_1
  Generated on:           Mar 01 2023  01:18:58 am
  Module:                 booth32x32_top
  Operating conditions:   PVT_1P1V_0C (balanced_tree)
  Wireload mode:          enclosed
  Area mode:              timing library
============================================================


Path 1: VIOLATED (-2254 ps) Late External Delay Assertion at pin PROD_MSB[31]
          Group: I2O
     Startpoint: (F) A[1]
          Clock: (R) VCLK
       Endpoint: (R) PROD_MSB[31]
          Clock: (R) VCLK

                     Capture       Launch     
        Clock Edge:+    1300            0     
       Src Latency:+       0            0     
       Net Latency:+       0 (I)        0 (I) 
           Arrival:=    1300            0     
                                              
      Output Delay:-     133                  
     Required Time:=    1167                  
      Launch Clock:-       0                  
       Input Delay:-     533                  
         Data Path:-    2887                  
             Slack:=   -2254                  

Exceptions/Constraints:
  input_delay              533             counter.sdc_line_11_30_1 
  output_delay             133             counter.sdc_line_14      

#----------------------------------------------------------------------------------------------------------------------
#             Timing Point              Flags     Arc    Edge      Cell       Fanout Load Trans Delay Arrival Instance 
#                                                                                    (fF)  (ps)  (ps)   (ps)  Location 
#----------------------------------------------------------------------------------------------------------------------
  A[1]                                  (u)     -        F     (arrival)         133 12.0     0    12     545    (-,-) 
  booth_enc/minus_40_46_I1/g3/z         (u)     in_0->z  R     unmapped_not        2  2.2     0    12     557    (-,-) 
  booth_enc/minus_40_46_I1/g39/z        (u)     in_1->z  F     unmapped_nor2       1  1.0     0    16     574    (-,-) 
  booth_enc/minus_40_46_I1/g101/z       (u)     in_0->z  R     unmapped_not        2  2.2     0    12     586    (-,-) 
  booth_enc/minus_40_46_I1/g102/z       (u)     in_1->z  F     unmapped_nand2      1  1.0     0    16     602    (-,-) 
  booth_enc/minus_40_46_I1/g103/z       (u)     in_1->z  R     unmapped_nand2      3  3.3     0    21     623    (-,-) 
  booth_enc/minus_40_46_I1/g165/z       (u)     in_0->z  F     unmapped_nand2      1  1.0     0    16     639    (-,-) 
  booth_enc/minus_40_46_I1/g166/z       (u)     in_1->z  R     unmapped_nand2      1  1.1     0    16     656    (-,-) 
  booth_enc/minus_40_46_I1/g409/z       (u)     in_0->z  R     unmapped_xnor2      1  1.1     0    33     689    (-,-) 
  booth_enc/mux_partial[0]_35_19/g124/z (u)     data3->z R     unmapped_mux8       3  3.3     0    55     743    (-,-) 
  tree/S1_0/g43/z                       (u)     in_0->z  R     unmapped_xor2       1  1.1     0    33     776    (-,-) 
  tree/S1_0/g44/z                       (u)     in_0->z  R     unmapped_xor2       3  3.3     0    37     813    (-,-) 
  tree/S1_0/g50/z                       (u)     in_0->z  R     unmapped_xor2       1  1.1     0    33     846    (-,-) 
  tree/S1_0/g51/z                       (u)     in_0->z  R     unmapped_xor2       3  3.3     0    37     884    (-,-) 
  tree/S1_FINAL/g22/z                   (u)     in_0->z  R     unmapped_xor2       1  1.1     0    33     916    (-,-) 
  tree/S1_FINAL/g23/z                   (u)     in_0->z  R     unmapped_xor2       3  3.3     0    37     954    (-,-) 
  tree/S2_L/g43/z                       (u)     in_0->z  R     unmapped_xor2       1  1.1     0    33     987    (-,-) 
  tree/S2_L/g44/z                       (u)     in_0->z  R     unmapped_xor2       3  3.3     0    37    1024    (-,-) 
  tree/S2_L/g50/z                       (u)     in_0->z  R     unmapped_xor2       1  1.1     0    33    1057    (-,-) 
  tree/S2_L/g51/z                       (u)     in_0->z  R     unmapped_xor2       3  3.3     0    37    1094    (-,-) 
  tree/S3_FINAL/g43/z                   (u)     in_0->z  R     unmapped_xor2       1  1.1     0    33    1127    (-,-) 
  tree/S3_FINAL/g44/z                   (u)     in_0->z  R     unmapped_xor2       3  3.3     0    37    1164    (-,-) 
  tree/S3_FINAL/g50/z                   (u)     in_0->z  R     unmapped_xor2       1  1.1     0    33    1197    (-,-) 
  tree/S3_FINAL/g51/z                   (u)     in_0->z  R     unmapped_xor2       2  2.2     0    35    1232    (-,-) 
  cla/g2/g4/z                           (u)     in_0->z  R     unmapped_xor2       2  2.2     0    35    1268    (-,-) 
  cla/g12/z                             (u)     in_0->z  R     unmapped_and2       1  1.1     0    16    1284    (-,-) 
  cla/g13/z                             (u)     in_1->z  R     unmapped_or2        2  2.2     0    19    1303    (-,-) 
  cla/g15/z                             (u)     in_1->z  R     unmapped_and2       1  1.1     0    16    1320    (-,-) 
  cla/g16/z                             (u)     in_1->z  R     unmapped_or2        2  2.2     0    19    1338    (-,-) 
  cla/g18/z                             (u)     in_1->z  R     unmapped_and2       1  1.1     0    16    1355    (-,-) 
  cla/g19/z                             (u)     in_1->z  R     unmapped_or2        2  2.2     0    19    1374    (-,-) 
  cla/g21/z                             (u)     in_1->z  R     unmapped_and2       1  1.1     0    16    1390    (-,-) 
  cla/g22/z                             (u)     in_1->z  R     unmapped_or2        2  2.2     0    19    1409    (-,-) 
  cla/g24/z                             (u)     in_1->z  R     unmapped_and2       1  1.1     0    16    1426    (-,-) 
  cla/g25/z                             (u)     in_1->z  R     unmapped_or2        2  2.2     0    19    1445    (-,-) 
  cla/g27/z                             (u)     in_1->z  R     unmapped_and2       1  1.1     0    16    1461    (-,-) 
  cla/g28/z                             (u)     in_1->z  R     unmapped_or2        2  2.2     0    19    1480    (-,-) 
  cla/g30/z                             (u)     in_1->z  R     unmapped_and2       1  1.1     0    16    1497    (-,-) 
  cla/g31/z                             (u)     in_1->z  R     unmapped_or2        2  2.2     0    19    1516    (-,-) 
  cla/g33/z                             (u)     in_1->z  R     unmapped_and2       1  1.1     0    16    1532    (-,-) 
  cla/g34/z                             (u)     in_1->z  R     unmapped_or2        2  2.2     0    19    1551    (-,-) 
  cla/g36/z                             (u)     in_1->z  R     unmapped_and2       1  1.1     0    16    1567    (-,-) 
  cla/g37/z                             (u)     in_1->z  R     unmapped_or2        2  2.2     0    19    1586    (-,-) 
  cla/g39/z                             (u)     in_1->z  R     unmapped_and2       1  1.1     0    16    1603    (-,-) 
  cla/g40/z                             (u)     in_1->z  R     unmapped_or2        2  2.2     0    19    1622    (-,-) 
  cla/g42/z                             (u)     in_1->z  R     unmapped_and2       1  1.1     0    16    1638    (-,-) 
  cla/g43/z                             (u)     in_1->z  R     unmapped_or2        2  2.2     0    19    1657    (-,-) 
  cla/g45/z                             (u)     in_1->z  R     unmapped_and2       1  1.1     0    16    1674    (-,-) 
  cla/g46/z                             (u)     in_1->z  R     unmapped_or2        2  2.2     0    19    1692    (-,-) 
  cla/g48/z                             (u)     in_1->z  R     unmapped_and2       1  1.1     0    16    1709    (-,-) 
  cla/g49/z                             (u)     in_1->z  R     unmapped_or2        2  2.2     0    19    1728    (-,-) 
  cla/g51/z                             (u)     in_1->z  R     unmapped_and2       1  1.1     0    16    1744    (-,-) 
  cla/g52/z                             (u)     in_1->z  R     unmapped_or2        2  2.2     0    19    1763    (-,-) 
  cla/g54/z                             (u)     in_1->z  R     unmapped_and2       1  1.1     0    16    1780    (-,-) 
  cla/g55/z                             (u)     in_1->z  R     unmapped_or2        2  2.2     0    19    1799    (-,-) 
  cla/g57/z                             (u)     in_1->z  R     unmapped_and2       1  1.1     0    16    1815    (-,-) 
  cla/g58/z                             (u)     in_1->z  R     unmapped_or2        2  2.2     0    19    1834    (-,-) 
  cla/g60/z                             (u)     in_1->z  R     unmapped_and2       1  1.1     0    16    1851    (-,-) 
  cla/g61/z                             (u)     in_1->z  R     unmapped_or2        2  2.2     0    19    1870    (-,-) 
  cla/g63/z                             (u)     in_1->z  R     unmapped_and2       1  1.1     0    16    1886    (-,-) 
  cla/g64/z                             (u)     in_1->z  R     unmapped_or2        2  2.2     0    19    1905    (-,-) 
  cla/g66/z                             (u)     in_1->z  R     unmapped_and2       1  1.1     0    16    1921    (-,-) 
  cla/g67/z                             (u)     in_1->z  R     unmapped_or2        2  2.2     0    19    1940    (-,-) 
  cla/g69/z                             (u)     in_1->z  R     unmapped_and2       1  1.1     0    16    1957    (-,-) 
  cla/g70/z                             (u)     in_1->z  R     unmapped_or2        2  2.2     0    19    1976    (-,-) 
  cla/g72/z                             (u)     in_1->z  R     unmapped_and2       1  1.1     0    16    1992    (-,-) 
  cla/g73/z                             (u)     in_1->z  R     unmapped_or2        2  2.2     0    19    2011    (-,-) 
  cla/g75/z                             (u)     in_1->z  R     unmapped_and2       1  1.1     0    16    2028    (-,-) 
  cla/g76/z                             (u)     in_1->z  R     unmapped_or2        2  2.2     0    19    2046    (-,-) 
  cla/g78/z                             (u)     in_1->z  R     unmapped_and2       1  1.1     0    16    2063    (-,-) 
  cla/g79/z                             (u)     in_1->z  R     unmapped_or2        2  2.2     0    19    2082    (-,-) 
  cla/g81/z                             (u)     in_1->z  R     unmapped_and2       1  1.1     0    16    2098    (-,-) 
  cla/g82/z                             (u)     in_1->z  R     unmapped_or2        2  2.2     0    19    2117    (-,-) 
  cla/g84/z                             (u)     in_1->z  R     unmapped_and2       1  1.1     0    16    2134    (-,-) 
  cla/g85/z                             (u)     in_1->z  R     unmapped_or2        2  2.2     0    19    2153    (-,-) 
  cla/g87/z                             (u)     in_1->z  R     unmapped_and2       1  1.1     0    16    2169    (-,-) 
  cla/g88/z                             (u)     in_1->z  R     unmapped_or2        2  2.2     0    19    2188    (-,-) 
  cla/g90/z                             (u)     in_1->z  R     unmapped_and2       1  1.1     0    16    2205    (-,-) 
  cla/g91/z                             (u)     in_1->z  R     unmapped_or2        2  2.2     0    19    2224    (-,-) 
  cla/g93/z                             (u)     in_1->z  R     unmapped_and2       1  1.1     0    16    2240    (-,-) 
  cla/g94/z                             (u)     in_1->z  R     unmapped_or2        2  2.2     0    19    2259    (-,-) 
  cla/g96/z                             (u)     in_1->z  R     unmapped_and2       1  1.1     0    16    2275    (-,-) 
  cla/g97/z                             (u)     in_1->z  R     unmapped_or2        2  2.2     0    19    2294    (-,-) 
  cla/g99/z                             (u)     in_1->z  R     unmapped_and2       1  1.1     0    16    2311    (-,-) 
  cla/g100/z                            (u)     in_1->z  R     unmapped_or2        2  2.2     0    19    2330    (-,-) 
  cla/g102/z                            (u)     in_1->z  R     unmapped_and2       1  1.1     0    16    2346    (-,-) 
  cla/g103/z                            (u)     in_1->z  R     unmapped_or2        2  2.2     0    19    2365    (-,-) 
  cla/g105/z                            (u)     in_1->z  R     unmapped_and2       1  1.1     0    16    2382    (-,-) 
  cla/g106/z                            (u)     in_1->z  R     unmapped_or2        2  2.2     0    19    2400    (-,-) 
  cla/g108/z                            (u)     in_1->z  R     unmapped_and2       1  1.1     0    16    2417    (-,-) 
  cla/g109/z                            (u)     in_1->z  R     unmapped_or2        2  2.2     0    19    2436    (-,-) 
  cla/g111/z                            (u)     in_1->z  R     unmapped_and2       1  1.1     0    16    2452    (-,-) 
  cla/g112/z                            (u)     in_1->z  R     unmapped_or2        2  2.2     0    19    2471    (-,-) 
  cla/g114/z                            (u)     in_1->z  R     unmapped_and2       1  1.1     0    16    2488    (-,-) 
  cla/g115/z                            (u)     in_1->z  R     unmapped_or2        2  2.2     0    19    2507    (-,-) 
  cla/g117/z                            (u)     in_1->z  R     unmapped_and2       1  1.1     0    16    2523    (-,-) 
  cla/g118/z                            (u)     in_1->z  R     unmapped_or2        2  2.2     0    19    2542    (-,-) 
  cla/g120/z                            (u)     in_1->z  R     unmapped_and2       1  1.1     0    16    2559    (-,-) 
  cla/g121/z                            (u)     in_1->z  R     unmapped_or2        2  2.2     0    19    2578    (-,-) 
  cla/g123/z                            (u)     in_1->z  R     unmapped_and2       1  1.1     0    16    2594    (-,-) 
  cla/g124/z                            (u)     in_1->z  R     unmapped_or2        2  2.2     0    19    2613    (-,-) 
  cla/g126/z                            (u)     in_1->z  R     unmapped_and2       1  1.1     0    16    2629    (-,-) 
  cla/g127/z                            (u)     in_1->z  R     unmapped_or2        2  2.2     0    19    2648    (-,-) 
  cla/g129/z                            (u)     in_1->z  R     unmapped_and2       1  1.1     0    16    2665    (-,-) 
  cla/g130/z                            (u)     in_1->z  R     unmapped_or2        2  2.2     0    19    2684    (-,-) 
  cla/g132/z                            (u)     in_1->z  R     unmapped_and2       1  1.1     0    16    2700    (-,-) 
  cla/g133/z                            (u)     in_1->z  R     unmapped_or2        2  2.2     0    19    2719    (-,-) 
  cla/g135/z                            (u)     in_1->z  R     unmapped_and2       1  1.1     0    16    2736    (-,-) 
  cla/g136/z                            (u)     in_1->z  R     unmapped_or2        2  2.2     0    19    2754    (-,-) 
  cla/g138/z                            (u)     in_1->z  R     unmapped_and2       1  1.1     0    16    2771    (-,-) 
  cla/g139/z                            (u)     in_1->z  R     unmapped_or2        2  2.2     0    19    2790    (-,-) 
  cla/g141/z                            (u)     in_1->z  R     unmapped_and2       1  1.1     0    16    2806    (-,-) 
  cla/g142/z                            (u)     in_1->z  R     unmapped_or2        2  2.2     0    19    2825    (-,-) 
  cla/g144/z                            (u)     in_1->z  R     unmapped_and2       1  1.1     0    16    2842    (-,-) 
  cla/g145/z                            (u)     in_1->z  R     unmapped_or2        2  2.2     0    19    2861    (-,-) 
  cla/g147/z                            (u)     in_1->z  R     unmapped_and2       1  1.1     0    16    2877    (-,-) 
  cla/g148/z                            (u)     in_1->z  R     unmapped_or2        2  2.2     0    19    2896    (-,-) 
  cla/g150/z                            (u)     in_1->z  R     unmapped_and2       1  1.1     0    16    2913    (-,-) 
  cla/g151/z                            (u)     in_1->z  R     unmapped_or2        2  2.2     0    19    2932    (-,-) 
  cla/g153/z                            (u)     in_1->z  R     unmapped_and2       1  1.1     0    16    2948    (-,-) 
  cla/g154/z                            (u)     in_1->z  R     unmapped_or2        2  2.2     0    19    2967    (-,-) 
  cla/g156/z                            (u)     in_1->z  R     unmapped_and2       1  1.1     0    16    2983    (-,-) 
  cla/g157/z                            (u)     in_1->z  R     unmapped_or2        2  2.2     0    19    3002    (-,-) 
  cla/g159/z                            (u)     in_1->z  R     unmapped_and2       1  1.1     0    16    3019    (-,-) 
  cla/g160/z                            (u)     in_1->z  R     unmapped_or2        2  2.2     0    19    3038    (-,-) 
  cla/g162/z                            (u)     in_1->z  R     unmapped_and2       1  1.1     0    16    3054    (-,-) 
  cla/g163/z                            (u)     in_1->z  R     unmapped_or2        2  2.2     0    19    3073    (-,-) 
  cla/g165/z                            (u)     in_1->z  R     unmapped_and2       1  1.1     0    16    3090    (-,-) 
  cla/g166/z                            (u)     in_1->z  R     unmapped_or2        2  2.2     0    19    3108    (-,-) 
  cla/g168/z                            (u)     in_1->z  R     unmapped_and2       1  1.1     0    16    3125    (-,-) 
  cla/g169/z                            (u)     in_1->z  R     unmapped_or2        2  2.2     0    19    3144    (-,-) 
  cla/g171/z                            (u)     in_1->z  R     unmapped_and2       1  1.1     0    16    3160    (-,-) 
  cla/g172/z                            (u)     in_1->z  R     unmapped_or2        2  2.2     0    19    3179    (-,-) 
  cla/g174/z                            (u)     in_1->z  R     unmapped_and2       1  1.1     0    16    3196    (-,-) 
  cla/g175/z                            (u)     in_1->z  R     unmapped_or2        2  2.2     0    19    3215    (-,-) 
  cla/g177/z                            (u)     in_1->z  R     unmapped_and2       1  1.1     0    16    3231    (-,-) 
  cla/g178/z                            (u)     in_1->z  R     unmapped_or2        2  2.2     0    19    3250    (-,-) 
  cla/g180/z                            (u)     in_1->z  R     unmapped_and2       1  1.1     0    16    3267    (-,-) 
  cla/g181/z                            (u)     in_1->z  R     unmapped_or2        2  2.2     0    19    3286    (-,-) 
  cla/g183/z                            (u)     in_1->z  R     unmapped_and2       1  1.1     0    16    3302    (-,-) 
  cla/g184/z                            (u)     in_1->z  R     unmapped_or2        2  2.2     0    19    3321    (-,-) 
  cla/g186/z                            (u)     in_1->z  R     unmapped_and2       1  1.1     0    16    3337    (-,-) 
  cla/g187/z                            (u)     in_1->z  R     unmapped_or2        2  2.2     0    19    3356    (-,-) 
  cla/g189/z                            (u)     in_1->z  R     unmapped_and2       1  1.1     0    16    3373    (-,-) 
  cla/g190/z                            (u)     in_1->z  R     unmapped_or2        2  2.2     0    19    3392    (-,-) 
  cla/g194/z                            (u)     in_1->z  R     unmapped_xor2       1  0.0     0    29    3420    (-,-) 
  PROD_MSB[31]                          -       -        R     (port)              -    -     -     0    3420    (-,-) 
#----------------------------------------------------------------------------------------------------------------------

(u) : Net has unmapped pin(s).

