============================================================
  Generated by:           Genus(TM) Synthesis Solution 17.22-s017_1
  Generated on:           Mar 01 2023  01:24:02 am
  Module:                 booth32x32_top
  Operating conditions:   PVT_1P1V_0C (balanced_tree)
  Wireload mode:          enclosed
  Area mode:              timing library
============================================================


Path 1: VIOLATED (-184 ps) Late External Delay Assertion at pin PROD_MSB[21]
          Group: I2O
     Startpoint: (F) A[6]
          Clock: (R) VCLK
       Endpoint: (F) PROD_MSB[21]
          Clock: (R) VCLK

                     Capture       Launch     
        Clock Edge:+    1300            0     
       Src Latency:+       0            0     
       Net Latency:+       0 (I)        0 (I) 
           Arrival:=    1300            0     
                                              
      Output Delay:-     133                  
     Required Time:=    1167                  
      Launch Clock:-       0                  
       Input Delay:-     533                  
         Data Path:-     818                  
             Slack:=    -184                  

Exceptions/Constraints:
  input_delay              533             counter.sdc_line_11_25_1  
  output_delay             133             counter.sdc_line_14_201_1 

#-----------------------------------------------------------------------------------------
#  Timing Point   Flags    Arc   Edge   Cell     Fanout Load Trans Delay Arrival Instance 
#                                                       (fF)  (ps)  (ps)   (ps)  Location 
#-----------------------------------------------------------------------------------------
  A[6]            -       -      F     (arrival)     17  8.4     0     0     533    (-,-) 
  g154726/Y       -       A->Y   R     NOR2X6         7  4.5    15    16     549    (-,-) 
  g154493/Y       -       B->Y   F     NAND2X4        1  1.7    14    15     564    (-,-) 
  g154318/Y       -       B->Y   R     NOR2X4         3  2.2    15    14     577    (-,-) 
  g154107/Y       -       A->Y   F     NAND2X2        5  1.9    20    20     597    (-,-) 
  g153747/Y       -       S0->Y  F     MXI2X2        13  3.7    17    52     649    (-,-) 
  fopt154849/Y    -       A->Y   R     INVXL          2  0.8    13    14     663    (-,-) 
  fopt154848/Y    -       A->Y   F     INVXL          2  0.5     8    11     674    (-,-) 
  fopt154847/Y    -       A->Y   R     INVXL          2  0.8    12    11     685    (-,-) 
  fopt154846/Y    -       A->Y   F     INVXL          2  0.5     8    10     695    (-,-) 
  g153333/Y       -       A1N->Y F     AOI2BB1X1      1  0.8    16    29     723    (-,-) 
  g152781/Y       -       B->Y   R     NAND2X2        3  1.0    12    11     734    (-,-) 
  g151057/Y       -       A->Y   F     XOR3XL         4  0.9    12    69     803    (-,-) 
  g150744/Y       -       A->Y   R     INVXL          1  0.3     6     9     812    (-,-) 
  g150579/Y       -       A->Y   F     MXI2XL         1  0.7    28    23     835    (-,-) 
  g149343/S       -       CI->S  R     ADDFX1         2  0.8    11    67     901    (-,-) 
  g149325/Y       -       A->Y   F     INVX1          2  0.8     8    10     912    (-,-) 
  g149209/Y       -       A0->Y  R     OAI21X1        3  0.9    23    22     933    (-,-) 
  g148670/Y       -       A->Y   F     XOR2XL         2  0.5     8    42     975    (-,-) 
  g148659/Y       -       A->Y   R     INVXL          1  0.3     6     8     983    (-,-) 
  g148507__4296/Y -       A->Y   F     MXI2XL         1  0.5    22    20    1004    (-,-) 
  g148371__5953/Y -       S0->Y  F     MXI2XL         1  0.5    24    24    1027    (-,-) 
  g148225__5019/Y -       B->Y   R     XNOR2X1        3  1.3    13    40    1067    (-,-) 
  g147925__5266/Y -       B->Y   F     NAND2XL        1  0.4    16    15    1082    (-,-) 
  g147897__6877/Y -       B->Y   R     NAND2BX1       3  1.6    16    15    1097    (-,-) 
  g147768__2683/Y -       A->Y   F     NAND3X2        1  0.8    23    26    1123    (-,-) 
  g147717__1786/Y -       B->Y   R     NOR2X2         3  1.1    16    17    1139    (-,-) 
  g147675__5266/Y -       C->Y   F     NAND3XL        2  0.5    28    24    1163    (-,-) 
  g147655__8780/Y -       B->Y   R     NOR2XL         1  0.3    15    19    1182    (-,-) 
  g147613__6877/Y -       A->Y   F     NAND2XL        1  0.4    15    17    1199    (-,-) 
  g147604__5019/Y -       C->Y   R     NAND3X1        2  0.8    14    13    1212    (-,-) 
  g147601/Y       -       A->Y   F     INVX1          2  1.0    10    12    1223    (-,-) 
  g147595__5953/Y -       B->Y   R     NOR2X2         1  1.0    15    13    1236    (-,-) 
  g147585__9682/Y -       B->Y   F     NOR2X2         3  0.8     9    10    1246    (-,-) 
  g147579__7344/Y -       B->Y   R     NOR2XL         1  0.3    13    13    1259    (-,-) 
  g147556__2900/Y -       A1N->Y R     OAI2BB1X1      2  0.8    11    28    1287    (-,-) 
  g147548__8780/Y -       B->Y   F     NAND2X1        1  0.4    12    13    1300    (-,-) 
  g147532__5795/Y -       B->Y   R     NAND2X1        3  0.9    14    12    1312    (-,-) 
  g147509__9682/Y -       A1->Y  F     AOI21XL        1  0.5    22    21    1333    (-,-) 
  g147505__4296/Y -       S0->Y  F     MXI2XL         1  0.0    14    18    1351    (-,-) 
  PROD_MSB[21]    -       -      F     (port)         -    -     -     0    1351    (-,-) 
#-----------------------------------------------------------------------------------------

