============================================================
  Generated by:           Genus(TM) Synthesis Solution 17.22-s017_1
  Generated on:           Mar 01 2023  01:36:56 am
  Module:                 booth32x32_top
  Operating conditions:   PVT_1P1V_0C (balanced_tree)
  Wireload mode:          enclosed
  Area mode:              timing library
============================================================


Path 1: VIOLATED (-86 ps) Late External Delay Assertion at pin PROD_MSB[21]
          Group: I2O
     Startpoint: (F) A[12]
          Clock: (R) VCLK
       Endpoint: (F) PROD_MSB[21]
          Clock: (R) VCLK

                     Capture       Launch     
        Clock Edge:+    1300            0     
       Src Latency:+       0            0     
       Net Latency:+       0 (I)        0 (I) 
           Arrival:=    1300            0     
                                              
      Output Delay:-     133                  
     Required Time:=    1167                  
      Launch Clock:-       0                  
       Input Delay:-     533                  
         Data Path:-     719                  
             Slack:=     -86                  

Exceptions/Constraints:
  input_delay              533             counter.sdc_line_11_19_1  
  output_delay             133             counter.sdc_line_14_201_1 

#-----------------------------------------------------------------------------------------
#  Timing Point   Flags    Arc   Edge   Cell     Fanout Load Trans Delay Arrival Instance 
#                                                       (fF)  (ps)  (ps)   (ps)  Location 
#-----------------------------------------------------------------------------------------
  A[12]           -       -      F     (arrival)      4  5.5     0     0     533    (-,-) 
  g154700/Y       -       A->Y   R     NOR2X6         1  2.0    10    13     546    (-,-) 
  g157558/Y       -       A->Y   F     NAND2X4        1  1.8    14    16     561    (-,-) 
  g160010/Y       -       A->Y   R     NOR2X4         2  1.9    14    16     577    (-,-) 
  g164813/Y       -       B->Y   F     NAND2X2        6  1.8    19    18     594    (-,-) 
  g164267/Y       -       B->Y   F     OR2XL          2  1.0    14    28     622    (-,-) 
  g17/Y           -       B->Y   R     CLKXOR2X1      5  1.9    17    34     656    (-,-) 
  g168659/Y       -       A1->Y  F     OAI21XL        1  0.4    19    18     675    (-,-) 
  g167821/Y       -       B->Y   R     NOR2X1         3  0.9    20    19     694    (-,-) 
  g163182/Y       -       A->Y   R     OR2XL          1  0.9    13    22     716    (-,-) 
  g163180/Y       -       B->Y   F     NAND2X2        4  2.2    22    19     735    (-,-) 
  g159451/Y       -       B->Y   F     XOR3XL         2  0.4     8    46     781    (-,-) 
  g165314/Y       -       B->Y   F     OR2XL          2  0.7    10    24     806    (-,-) 
  g381/Y          -       B->Y   R     NAND2BX1       2  0.8    11    10     816    (-,-) 
  g149350/Y       -       B->Y   F     NAND2X1        1  0.4    12    13     829    (-,-) 
  g169077/Y       -       A->Y   R     NAND2X1        2  0.9    12    13     842    (-,-) 
  g169073/Y       -       S0->Y  R     MXI2XL         1  0.6    26    23     865    (-,-) 
  g167292/Y       -       B->Y   F     XOR2XL         2  0.8    12    37     902    (-,-) 
  g168244/Y       -       B0->Y  R     OAI2BB1XL      1  0.9    16    15     917    (-,-) 
  g167921/Y       -       B->Y   F     NAND2X2        3  2.1    22    19     936    (-,-) 
  g459/Y          -       B->Y   F     XNOR3XL        1  0.4     8    46     982    (-,-) 
  g168064/Y       -       B->Y   R     NOR2X1         2  0.6    15    13     996    (-,-) 
  g161800/Y       -       AN->Y  R     NAND2BX1       1  1.0    12    20    1016    (-,-) 
  g163956/Y       -       A->Y   F     NAND2X2        2  1.2    15    17    1033    (-,-) 
  g163957/Y       -       B->Y   R     NOR2X1         1  0.5    14    15    1048    (-,-) 
  g167879/Y       -       B->Y   F     NAND2X1        2  0.7    16    16    1064    (-,-) 
  g168297/Y       -       A2->Y  R     OAI31X1        2  0.6    32    26    1090    (-,-) 
  g167986/Y       -       A1N->Y R     OAI2BB1XL      2  0.6    13    27    1118    (-,-) 
  g994/Y          -       AN->Y  R     NAND2BXL       1  0.3     9    16    1134    (-,-) 
  g990/Y          -       B->Y   F     NAND2XL        1  0.4    15    14    1147    (-,-) 
  g984/Y          -       C->Y   R     NAND3X1        3  1.1    16    14    1161    (-,-) 
  g164389/Y       -       B->Y   F     NAND2XL        1  0.8    23    20    1181    (-,-) 
  g164387/Y       -       B->Y   R     NAND2X2        6  2.0    13    14    1196    (-,-) 
  g351/Y          -       B->Y   F     NAND2XL        2  0.5    17    16    1212    (-,-) 
  g164690/Y       -       A1N->Y F     OAI2BB1XL      1  0.5    17    23    1235    (-,-) 
  g147505__4296/Y -       S0->Y  F     MXI2XL         1  0.0    13    18    1252    (-,-) 
  PROD_MSB[21]    -       -      F     (port)         -    -     -     0    1252    (-,-) 
#-----------------------------------------------------------------------------------------

