============================================================
  Generated by:           Genus(TM) Synthesis Solution 17.22-s017_1
  Generated on:           Mar 01 2023  01:21:47 am
  Module:                 booth32x32_top
  Operating conditions:   PVT_1P1V_0C (balanced_tree)
  Wireload mode:          enclosed
  Area mode:              timing library
============================================================

Timing
--------

Clock Period 
-------------
VCLK  1300.0 


  Cost    Critical              Violating 
 Group   Path Slack     TNS       Paths   
------------------------------------------
default    No paths        0.0            
I2O          -674.6   -22188.3         52 
VCLK       No paths        0.0            
------------------------------------------
Total                 -22188.3         52 

Instance Count
--------------
Leaf Instance Count             13675 
Physical Instance count             0 
Sequential Instance Count           0 
Combinational Instance Count    13675 
Hierarchical Instance Count         0 

Area
----
Cell Area                          36502.677
Physical Cell Area                 0.000
Total Cell Area (Cell+Physical)    36502.677
Net Area                           0.000
Total Area (Cell+Physical+Net)     36502.677

Runtime                            0.0 seconds
Elapsed Runtime                    336 seconds
Genus peak memory usage            787.64 
Innovus peak memory usage          no_value 
Hostname                           compute-srv5.atme.in
