============================================================
  Generated by:           Genus(TM) Synthesis Solution 17.22-s017_1
  Generated on:           Mar 01 2023  01:23:58 am
  Module:                 booth32x32_top
  Operating conditions:   PVT_1P1V_0C (balanced_tree)
  Wireload mode:          enclosed
  Area mode:              timing library
============================================================

Timing
--------

Clock Period 
-------------
VCLK  1300.0 


  Cost    Critical             Violating 
 Group   Path Slack    TNS       Paths   
-----------------------------------------
default    No paths       0.0            
I2O          -184.1   -5342.2         44 
VCLK       No paths       0.0            
-----------------------------------------
Total                 -5342.2         44 

Instance Count
--------------
Leaf Instance Count             7659 
Physical Instance count            0 
Sequential Instance Count          0 
Combinational Instance Count    7659 
Hierarchical Instance Count        0 

Area
----
Cell Area                          11950.352
Physical Cell Area                 0.000
Total Cell Area (Cell+Physical)    11950.352
Net Area                           0.000
Total Area (Cell+Physical+Net)     11950.352

Runtime                            0.0 seconds
Elapsed Runtime                    467 seconds
Genus peak memory usage            787.35 
Innovus peak memory usage          no_value 
Hostname                           compute-srv5.atme.in
