============================================================
  Generated by:           Genus(TM) Synthesis Solution 17.22-s017_1
  Generated on:           Mar 01 2023  01:23:59 am
  Module:                 booth32x32_top
  Operating conditions:   PVT_1P1V_0C (balanced_tree)
  Wireload mode:          enclosed
  Area mode:              timing library
============================================================

                                  Leakage  
   Gate    Instances    Area    Power (nW)     Library    
----------------------------------------------------------
ACHCONX2           1     12.654      0.643    fast_vdd1v0 
ADDFHXL            7     52.668      2.693    fast_vdd1v0 
ADDFX1            49    251.370     16.154    fast_vdd1v0 
ADDHX1            18     67.716      4.785    fast_vdd1v0 
AND2X1             5      6.840      0.438    fast_vdd1v0 
AND2XL            27     36.936      2.087    fast_vdd1v0 
AOI211X1           2      4.788      0.289    fast_vdd1v0 
AOI211X2           1      3.420      0.298    fast_vdd1v0 
AOI211XL           4      8.208      0.439    fast_vdd1v0 
AOI21X1          323    552.330     35.347    fast_vdd1v0 
AOI21X2           13     35.568      2.570    fast_vdd1v0 
AOI21X4            1      5.130      0.393    fast_vdd1v0 
AOI21XL           81    138.510      6.140    fast_vdd1v0 
AOI221X1          16     38.304      2.505    fast_vdd1v0 
AOI221X2           1      4.446      0.303    fast_vdd1v0 
AOI222X1          20     61.560      3.852    fast_vdd1v0 
AOI222XL           1      3.420      0.127    fast_vdd1v0 
AOI22X1          107    219.564     14.575    fast_vdd1v0 
AOI22X2            1      3.762      0.263    fast_vdd1v0 
AOI22XL           46     94.392      4.139    fast_vdd1v0 
AOI2BB1X1         94    192.888     11.803    fast_vdd1v0 
AOI2BB1X2          3      9.234      0.582    fast_vdd1v0 
AOI2BB1XL         63    129.276      6.651    fast_vdd1v0 
AOI2BB2X1          1      3.420      0.192    fast_vdd1v0 
AOI31X1            1      2.052      0.143    fast_vdd1v0 
AOI31X2            1      3.420      0.266    fast_vdd1v0 
BUFX2             87    148.770     10.328    fast_vdd1v0 
BUFX3             12     24.624      2.086    fast_vdd1v0 
CLKAND2X2          2      4.104      0.262    fast_vdd1v0 
CLKAND2X3          1      3.078      0.215    fast_vdd1v0 
CLKAND2X4          1      3.420      0.276    fast_vdd1v0 
CLKAND2X6          1      4.788      0.390    fast_vdd1v0 
CLKBUFX2          54     92.340      6.413    fast_vdd1v0 
CLKINVX1          78     80.028      3.612    fast_vdd1v0 
CLKINVX2          18     24.624      1.503    fast_vdd1v0 
CLKINVX3           3      5.130      0.363    fast_vdd1v0 
CLKINVX4           2      3.420      0.334    fast_vdd1v0 
CLKINVX6           1      2.394      0.250    fast_vdd1v0 
CLKXOR2X1         27     73.872      4.873    fast_vdd1v0 
CLKXOR2X2          3     10.260      0.679    fast_vdd1v0 
INVX1            427    292.068     19.571    fast_vdd1v0 
INVX2             23     23.598      1.932    fast_vdd1v0 
INVX3              2      2.736      0.251    fast_vdd1v0 
INVXL           1618   1106.712     54.561    fast_vdd1v0 
MXI2X1            22     60.192      3.200    fast_vdd1v0 
MXI2X2             1      4.446      0.218    fast_vdd1v0 
MXI2XL           443   1060.542     48.391    fast_vdd1v0 
NAND2BX1          50     68.400      5.315    fast_vdd1v0 
NAND2BX2           2      4.788      0.355    fast_vdd1v0 
NAND2BX4           3     11.286      0.985    fast_vdd1v0 
NAND2BXL         150    205.200     12.308    fast_vdd1v0 
NAND2X1          367    376.542     26.188    fast_vdd1v0 
NAND2X2           48     82.080      6.399    fast_vdd1v0 
NAND2X4            6     18.878      1.601    fast_vdd1v0 
NAND2X6            1      4.566      0.397    fast_vdd1v0 
NAND2XL          672    689.472     31.103    fast_vdd1v0 
NAND3BXL           9     15.390      0.862    fast_vdd1v0 
NAND3X1            8     13.680      0.724    fast_vdd1v0 
NAND3X2            2      5.472      0.328    fast_vdd1v0 
NAND3XL            4      6.840      0.218    fast_vdd1v0 
NAND4X1            1      2.052      0.121    fast_vdd1v0 
NAND4XL            4      6.840      0.268    fast_vdd1v0 
NOR2BX1           96    131.328      9.988    fast_vdd1v0 
NOR2BX2            3      8.208      0.484    fast_vdd1v0 
NOR2BX4            1      3.762      0.288    fast_vdd1v0 
NOR2BXL           14     23.940      1.154    fast_vdd1v0 
NOR2X1           188    192.888     14.363    fast_vdd1v0 
NOR2X2            30     51.300      3.920    fast_vdd1v0 
NOR2X4            14     43.092      3.383    fast_vdd1v0 
NOR2X6             6     24.624      2.242    fast_vdd1v0 
NOR2X8             2     10.944      0.989    fast_vdd1v0 
NOR2XL           598    613.548     27.973    fast_vdd1v0 
NOR3BX1            3      6.156      0.406    fast_vdd1v0 
NOR3BXL            1      2.052      0.087    fast_vdd1v0 
NOR3X1            16     27.360      1.472    fast_vdd1v0 
NOR3X2             3      8.208      0.434    fast_vdd1v0 
NOR3XL             7     11.970      0.386    fast_vdd1v0 
NOR4X1             3      5.130      0.301    fast_vdd1v0 
NOR4X4             1      6.498      0.383    fast_vdd1v0 
NOR4XL             1      2.052      0.059    fast_vdd1v0 
OA21X1             9     18.468      1.000    fast_vdd1v0 
OA22X1             2      4.788      0.259    fast_vdd1v0 
OAI211X1           8     13.680      0.954    fast_vdd1v0 
OAI211XL           1      2.052      0.072    fast_vdd1v0 
OAI21X1          266    454.860     25.058    fast_vdd1v0 
OAI21X2            8     24.624      1.409    fast_vdd1v0 
OAI21XL          206    352.260     12.833    fast_vdd1v0 
OAI221X1          44    105.336      6.126    fast_vdd1v0 
OAI222X1          13     35.568      2.312    fast_vdd1v0 
OAI222XL          15     41.040      1.626    fast_vdd1v0 
OAI22X1           69    141.588      8.487    fast_vdd1v0 
OAI22XL          169    346.788     13.059    fast_vdd1v0 
OAI2BB1X1        264    451.440     30.210    fast_vdd1v0 
OAI2BB1XL          2      4.104      0.190    fast_vdd1v0 
OAI31X1            8     16.416      0.966    fast_vdd1v0 
OAI31X2            1      3.762      0.234    fast_vdd1v0 
OAI32X1            2      4.788      0.265    fast_vdd1v0 
OR2X1              3      4.104      0.279    fast_vdd1v0 
OR2XL             26     35.568      2.161    fast_vdd1v0 
XNOR2X1          235    562.590     42.298    fast_vdd1v0 
XNOR2XL            1      2.736      0.168    fast_vdd1v0 
XNOR3X1           15    112.860      5.811    fast_vdd1v0 
XNOR3XL           83    624.492     30.296    fast_vdd1v0 
XOR2XL            92    251.712     15.357    fast_vdd1v0 
XOR3X1             6     45.144      2.321    fast_vdd1v0 
XOR3XL            84    632.016     30.664    fast_vdd1v0 
----------------------------------------------------------
total           7659  11950.352    667.281                


                                            Leakage  Leakage 
     Type      Instances    Area   Area % Power (nW) Power % 
-------------------------------------------------------------
inverter            2172  1540.710   12.9     82.376    12.3 
buffer               153   265.734    2.2     18.827     2.8 
logic               5334 10143.908   84.9    566.077    84.8 
physical_cells         0     0.000    0.0      0.000     0.0 
-------------------------------------------------------------
total               7659 11950.352  100.0    667.281   100.0 

