============================================================
  Generated by:           Genus(TM) Synthesis Solution 17.22-s017_1
  Generated on:           Mar 01 2023  01:36:53 am
  Module:                 booth32x32_top
  Operating conditions:   PVT_1P1V_0C (balanced_tree)
  Wireload mode:          enclosed
  Area mode:              timing library
============================================================

                                  Leakage  
   Gate    Instances    Area    Power (nW)     Library    
----------------------------------------------------------
ACHCONX2           2     25.308      1.231    fast_vdd1v0 
ADDFX1             7     35.910      2.319    fast_vdd1v0 
ADDFXL             7     47.880      2.144    fast_vdd1v0 
ADDHX1             7     26.334      1.856    fast_vdd1v0 
ADDHXL             4     19.152      0.968    fast_vdd1v0 
AND2X1            12     16.416      1.091    fast_vdd1v0 
AND2X2             2      3.420      0.247    fast_vdd1v0 
AND2X4             1      2.736      0.220    fast_vdd1v0 
AND2X6             1      3.762      0.358    fast_vdd1v0 
AND2XL            83    113.544      6.276    fast_vdd1v0 
AND3XL             5     10.260      0.441    fast_vdd1v0 
AO21XL             8     19.152      0.852    fast_vdd1v0 
AO22XL             5     13.680      0.593    fast_vdd1v0 
AOI211X1           1      2.394      0.134    fast_vdd1v0 
AOI211XL           4      8.208      0.419    fast_vdd1v0 
AOI21X1          290    495.900     31.803    fast_vdd1v0 
AOI21X2           27     73.872      5.340    fast_vdd1v0 
AOI21X4            1      5.130      0.393    fast_vdd1v0 
AOI21XL           93    159.030      6.979    fast_vdd1v0 
AOI221X1          14     33.516      2.269    fast_vdd1v0 
AOI222X1          17     52.326      3.284    fast_vdd1v0 
AOI222XL           1      3.420      0.128    fast_vdd1v0 
AOI22X1           97    199.044     13.244    fast_vdd1v0 
AOI22XL           49    100.548      4.422    fast_vdd1v0 
AOI2BB1X1        114    233.928     14.471    fast_vdd1v0 
AOI2BB1X2          2      6.156      0.404    fast_vdd1v0 
AOI2BB1X4          1      4.104      0.403    fast_vdd1v0 
AOI2BB1XL         93    190.836      9.719    fast_vdd1v0 
AOI31X1            6     12.312      0.770    fast_vdd1v0 
BUFX2             67    114.570      7.988    fast_vdd1v0 
BUFX3             15     30.780      2.596    fast_vdd1v0 
BUFX6              3      9.234      1.023    fast_vdd1v0 
CLKAND2X2          7     14.364      0.849    fast_vdd1v0 
CLKAND2X3          3      9.234      0.638    fast_vdd1v0 
CLKAND2X6          4     19.152      1.586    fast_vdd1v0 
CLKBUFX2          45     76.950      5.351    fast_vdd1v0 
CLKINVX1          38     38.988      1.742    fast_vdd1v0 
CLKINVX12          2      8.208      0.993    fast_vdd1v0 
CLKINVX2           4      5.472      0.354    fast_vdd1v0 
CLKINVX3           1      1.710      0.126    fast_vdd1v0 
CLKINVX4          22     37.620      3.589    fast_vdd1v0 
CLKINVX6          10     23.940      2.450    fast_vdd1v0 
CLKINVX8           1      3.078      0.331    fast_vdd1v0 
CLKXOR2X1         29     79.344      5.266    fast_vdd1v0 
CLKXOR2X2          1      3.420      0.226    fast_vdd1v0 
INVX1            340    232.560     15.642    fast_vdd1v0 
INVX2             86     88.236      7.233    fast_vdd1v0 
INVX3             36     49.248      4.574    fast_vdd1v0 
INVX4              1      1.710      0.167    fast_vdd1v0 
INVXL            947    647.748     31.819    fast_vdd1v0 
MX2X1              2      4.788      0.311    fast_vdd1v0 
MX2XL             12     28.728      1.704    fast_vdd1v0 
MXI2X1            60    164.160      8.811    fast_vdd1v0 
MXI2XL           451   1079.694     49.251    fast_vdd1v0 
NAND2BX1          82    112.176      8.501    fast_vdd1v0 
NAND2BX2           9     21.546      1.574    fast_vdd1v0 
NAND2BX4           2      7.524      0.582    fast_vdd1v0 
NAND2BXL         200    273.600     16.252    fast_vdd1v0 
NAND2X1          290    297.540     20.310    fast_vdd1v0 
NAND2X2           82    140.220     10.899    fast_vdd1v0 
NAND2X4           17     53.489      4.439    fast_vdd1v0 
NAND2X6            9     41.091      3.498    fast_vdd1v0 
NAND2X8            1      5.250      0.534    fast_vdd1v0 
NAND2XL          528    541.728     24.610    fast_vdd1v0 
NAND3BX1           2      4.104      0.236    fast_vdd1v0 
NAND3BX4           1      5.130      0.372    fast_vdd1v0 
NAND3BXL          34     58.140      3.240    fast_vdd1v0 
NAND3X1           14     23.940      1.300    fast_vdd1v0 
NAND3X2            2      5.472      0.319    fast_vdd1v0 
NAND3X4            2      9.576      0.599    fast_vdd1v0 
NAND3X6            1      7.182      0.487    fast_vdd1v0 
NAND3XL           13     22.230      0.751    fast_vdd1v0 
NAND4BBXL          1      3.078      0.129    fast_vdd1v0 
NOR2BX1          165    225.720     17.364    fast_vdd1v0 
NOR2BX2            3      8.208      0.457    fast_vdd1v0 
NOR2BX4            2      7.524      0.628    fast_vdd1v0 
NOR2BXL           23     39.330      1.898    fast_vdd1v0 
NOR2X1           225    230.850     16.124    fast_vdd1v0 
NOR2X2            60    102.600      8.297    fast_vdd1v0 
NOR2X4            22     67.716      5.572    fast_vdd1v0 
NOR2X6            11     45.144      4.060    fast_vdd1v0 
NOR2X8             2     10.944      0.990    fast_vdd1v0 
NOR2XL           471    483.246     22.275    fast_vdd1v0 
NOR3BX1            9     18.468      1.248    fast_vdd1v0 
NOR3BXL           11     22.572      0.996    fast_vdd1v0 
NOR3X1            19     32.490      1.685    fast_vdd1v0 
NOR3X2             3      8.208      0.543    fast_vdd1v0 
NOR3X4             1      5.130      0.305    fast_vdd1v0 
NOR3XL            11     18.810      0.674    fast_vdd1v0 
NOR4X4             1      6.498      0.353    fast_vdd1v0 
NOR4XL             1      2.052      0.095    fast_vdd1v0 
OA21X1            35     71.820      3.869    fast_vdd1v0 
OA21XL             2      5.472      0.200    fast_vdd1v0 
OA22X1            11     26.334      1.428    fast_vdd1v0 
OAI211X1           6     10.260      0.723    fast_vdd1v0 
OAI211XL           3      6.156      0.224    fast_vdd1v0 
OAI21X1          280    478.800     26.642    fast_vdd1v0 
OAI21X2           25     76.950      4.442    fast_vdd1v0 
OAI21X4            3     14.364      1.061    fast_vdd1v0 
OAI21XL          198    338.580     12.439    fast_vdd1v0 
OAI221X1          36     86.184      5.017    fast_vdd1v0 
OAI222X1           8     21.888      1.387    fast_vdd1v0 
OAI222XL          12     32.832      1.279    fast_vdd1v0 
OAI22X1           69    141.588      8.495    fast_vdd1v0 
OAI22XL          164    336.528     12.677    fast_vdd1v0 
OAI2BB1X1        401    685.710     46.008    fast_vdd1v0 
OAI2BB1X2          2      6.156      0.350    fast_vdd1v0 
OAI2BB1X4          1      4.446      0.342    fast_vdd1v0 
OAI2BB1XL         32     65.664      2.964    fast_vdd1v0 
OAI2BB2XL          1      3.762      0.142    fast_vdd1v0 
OAI31X1            4      8.208      0.465    fast_vdd1v0 
OAI31XL            4      9.576      0.288    fast_vdd1v0 
OAI32X1            3      7.182      0.409    fast_vdd1v0 
OR2X1             16     21.888      1.616    fast_vdd1v0 
OR2XL            141    192.888     11.889    fast_vdd1v0 
OR3XL              3      6.156      0.309    fast_vdd1v0 
XNOR2X1          251    600.894     45.258    fast_vdd1v0 
XNOR2XL           74    202.464     12.655    fast_vdd1v0 
XNOR3X1           11     82.764      4.257    fast_vdd1v0 
XNOR3XL           69    519.156     25.234    fast_vdd1v0 
XOR2X1             5     13.680      0.899    fast_vdd1v0 
XOR2XL           177    484.272     29.647    fast_vdd1v0 
XOR3X1            10     75.240      3.866    fast_vdd1v0 
XOR3XL            52    391.248     18.939    fast_vdd1v0 
----------------------------------------------------------
total           7580  12688.850    735.015                


                                            Leakage  Leakage 
     Type      Instances    Area   Area % Power (nW) Power % 
-------------------------------------------------------------
inverter            1488  1138.518    9.0     69.022     9.4 
buffer               130   231.534    1.8     16.958     2.3 
logic               5962 11318.798   89.2    649.035    88.3 
physical_cells         0     0.000    0.0      0.000     0.0 
-------------------------------------------------------------
total               7580 12688.850  100.0    735.015   100.0 

