Command: report datapath > reports_Feb27-17:22:39/generic/booth_radix4_multiplier_datapath.rpt
============================================================
  Generated by:           Genus(TM) Synthesis Solution 17.22-s017_1
  Generated on:           Feb 27 2023  05:23:59 pm
  Module:                 booth_radix4_multiplier
  Operating conditions:   PVT_1P1V_0C (balanced_tree)
  Wireload mode:          enclosed
  Area mode:              timing library
============================================================


Inferred components

                   Operator Signedness Inputs Outputs CellArea 
===============================================================
booth_radix4_multiplier
 minus_34_46_I1
  
  module:sub_unsigned_1168
   very_fast           -    unsigned   1x64   64        460.45 
===============================================================
booth_radix4_multiplier
 minus_35_46_I1
  
  module:sub_signed_1134
   very_fast           -    signed     1x32   64        448.44 
===============================================================
booth_radix4_multiplier
 minus_35_46_I10_Y_minus_34_46_I10
  
  module:sub_unsigned_188_1239
   very_fast           -    unsigned   1x64   64        476.47 
---------------------------------------------------------------
   minus_35_46_I10     -    unsigned   1x64   64               
   minus_34_46_I10     -    unsigned   1x64   64               
===============================================================
booth_radix4_multiplier
 minus_35_46_I11_Y_minus_34_46_I11
  
  module:sub_unsigned_188_1238
   very_fast           -    unsigned   1x64   64        484.48 
---------------------------------------------------------------
   minus_35_46_I11     -    unsigned   1x64   64               
   minus_34_46_I11     -    unsigned   1x64   64               
===============================================================
booth_radix4_multiplier
 minus_35_46_I12_Y_minus_34_46_I12
  
  module:sub_unsigned_188_1237
   very_fast           -    unsigned   1x64   64        495.16 
---------------------------------------------------------------
   minus_35_46_I12     -    unsigned   1x64   64               
   minus_34_46_I12     -    unsigned   1x64   64               
===============================================================
booth_radix4_multiplier
 minus_35_46_I13_Y_minus_34_46_I13
  
  module:sub_unsigned_188_1236
   very_fast           -    unsigned   1x64   64        497.82 
---------------------------------------------------------------
   minus_35_46_I13     -    unsigned   1x64   64               
   minus_34_46_I13     -    unsigned   1x64   64               
===============================================================
booth_radix4_multiplier
 minus_35_46_I14_Y_minus_34_46_I14
  
  module:sub_unsigned_188_1235
   very_fast           -    unsigned   1x64   64        497.82 
---------------------------------------------------------------
   minus_35_46_I14     -    unsigned   1x64   64               
   minus_34_46_I14     -    unsigned   1x64   64               
===============================================================
booth_radix4_multiplier
 minus_35_46_I15_Y_minus_34_46_I15
  
  module:sub_unsigned_188_1234
   very_fast           -    unsigned   1x64   64        487.15 
---------------------------------------------------------------
   minus_35_46_I15     -    unsigned   1x64   64               
   minus_34_46_I15     -    unsigned   1x64   64               
===============================================================
booth_radix4_multiplier
 minus_35_46_I16_Y_minus_34_46_I16
  
  module:sub_unsigned_188_1233
   very_fast           -    unsigned   1x64   64        497.82 
---------------------------------------------------------------
   minus_35_46_I16     -    unsigned   1x64   64               
   minus_34_46_I16     -    unsigned   1x64   64               
===============================================================
booth_radix4_multiplier
 minus_35_46_I2_Y_minus_34_46_I2
  
  module:sub_unsigned_188
   very_fast           -    unsigned   1x64   64        465.79 
---------------------------------------------------------------
   minus_35_46_I2      -    unsigned   1x64   64               
   minus_34_46_I2      -    unsigned   1x64   64               
===============================================================
booth_radix4_multiplier
 minus_35_46_I3_Y_minus_34_46_I3
  
  module:sub_unsigned_188_1246
   very_fast           -    unsigned   1x64   64        468.46 
---------------------------------------------------------------
   minus_35_46_I3      -    unsigned   1x64   64               
   minus_34_46_I3      -    unsigned   1x64   64               
===============================================================
booth_radix4_multiplier
 minus_35_46_I4_Y_minus_34_46_I4
  
  module:sub_unsigned_188_1245
   very_fast           -    unsigned   1x64   64        468.46 
---------------------------------------------------------------
   minus_35_46_I4      -    unsigned   1x64   64               
   minus_34_46_I4      -    unsigned   1x64   64               
===============================================================
booth_radix4_multiplier
 minus_35_46_I5_Y_minus_34_46_I5
  
  module:sub_unsigned_188_1244
   very_fast           -    unsigned   1x64   64        465.79 
---------------------------------------------------------------
   minus_35_46_I5      -    unsigned   1x64   64               
   minus_34_46_I5      -    unsigned   1x64   64               
===============================================================
booth_radix4_multiplier
 minus_35_46_I6_Y_minus_34_46_I6
  
  module:sub_unsigned_188_1243
   very_fast           -    unsigned   1x64   64        481.81 
---------------------------------------------------------------
   minus_35_46_I6      -    unsigned   1x64   64               
   minus_34_46_I6      -    unsigned   1x64   64               
===============================================================
booth_radix4_multiplier
 minus_35_46_I7_Y_minus_34_46_I7
  
  module:sub_unsigned_188_1242
   very_fast           -    unsigned   1x64   64        471.13 
---------------------------------------------------------------
   minus_35_46_I7      -    unsigned   1x64   64               
   minus_34_46_I7      -    unsigned   1x64   64               
===============================================================
booth_radix4_multiplier
 minus_35_46_I8_Y_minus_34_46_I8
  
  module:sub_unsigned_188_1241
   very_fast           -    unsigned   1x64   64        484.48 
---------------------------------------------------------------
   minus_35_46_I8      -    unsigned   1x64   64               
   minus_34_46_I8      -    unsigned   1x64   64               
===============================================================
booth_radix4_multiplier
 minus_35_46_I9_Y_minus_34_46_I9
  
  module:sub_unsigned_188_1240
   very_fast           -    unsigned   1x64   64        465.79 
---------------------------------------------------------------
   minus_35_46_I9      -    unsigned   1x64   64               
   minus_34_46_I9      -    unsigned   1x64   64               
===============================================================

      Type       CellArea Percentage 
-------------------------------------
datapath modules  8117.34      41.63 
external muxes       0.00       0.00 
others           11379.23      58.37 
-------------------------------------
total            19496.57     100.00 

